codigo: 218
abrev: UG
lat: 1.373333
long: 32.290275
pais: U.S. Minor Outlying Islands

codigo: 30
abrev: BS
lat: 25.03428
long: -77.39628
pais: Bahamas

codigo: 175
abrev: PY
lat: -23.442503
long: -58.443832
pais: Paraguay

codigo: 45
abrev: CU
lat: 21.521757
long: -77.781167
pais: Cuba

codigo: 62
abrev: FI
lat: 61.92411
long: 25.748151
pais: Finland

codigo: 71
abrev: GF
lat: 3.933889
long: -53.125782
pais: French Guiana

codigo: 188
abrev: SH
lat: -24.143474
long: -10.030696
pais: Saint Helena

codigo: 53
abrev: DM
lat: 15.414999
long: -61.370976
pais: Dominica

codigo: 37
abrev: CF
lat: 6.611111
long: 20.939444
pais: Central African Republic

codigo: 167
abrev: PK
lat: 30.375321
long: 69.345116
pais: Pakistan

codigo: 6
abrev: AL
lat: 41.153332
long: 20.168331
pais: Albania

codigo: 196
abrev: SR
lat: 3.919305
long: -56.027783
pais: Suriname

codigo: 40
abrev: CL
lat: -35.675147
long: -71.542969
pais: Chile

codigo: 171
abrev: PR
lat: 18.220833
long: -66.590149
pais: Puerto Rico

codigo: 109
abrev: KH
lat: 12.565679
long: 104.990963
pais: Cambodia

codigo: 31
abrev: BT
lat: 27.514162
long: 90.433601
pais: Bhutan

codigo: 31
abrev: BT
lat: 27.514162
long: 90.433601
pais: Bhutan

codigo: 133
abrev: MG
lat: -18.766947
long: 46.869107
pais: Madagascar

codigo: 17
abrev: BA
lat: 43.915886
long: 17.679076
pais: Bosnia and Herzegovina

codigo: 48
abrev: CY
lat: 35.126413
long: 33.429859
pais: Cyprus

codigo: 127
abrev: LV
lat: 56.879635
long: 24.603189
pais: Latvia

codigo: 126
abrev: LU
lat: 49.815273
long: 6.129583
pais: Luxembourg

codigo: 170
abrev: PN
lat: -24.703615
long: -127.439308
pais: Pitcairn Islands

codigo: 98
abrev: IO
lat: -6.343194
long: 71.876519
pais: British Indian Ocean Territory

codigo: 153
abrev: NG
lat: 9.081999
long: 8.675277
pais: Nigeria

codigo: 12
abrev: AS
lat: -14.270972
long: -170.132217
pais: American Samoa

codigo: 191
abrev: SK
lat: 48.669026
long: 19.699024
pais: Slovakia

