id: 4
username: Facconed
password: OoquaeGhe2
name: Estevan
surname: Gomes
creditcard-type: MasterCard
creditcard-number: 5239874917457764
creditcard-CVV: 521

id: 120
username: Amehionark
password: Eenohp6gee
name: Laura
surname: Cardoso
creditcard-type: Visa
creditcard-number: 4716647750398286
creditcard-CVV: 915

id: 2
username: Hosid1951
password: eec9ofu2U
name: Emily
surname: Sousa
creditcard-type: MasterCard
creditcard-number: 5564456509130812
creditcard-CVV: 677

id: 333
username: Thad1981
password: woochie7EB
name: Giovana
surname: Sousa
creditcard-type: Visa
creditcard-number: 4532008875775050
creditcard-CVV: 969

id: 123
username: Lonater95
password: lee9Ohf1U
name: Manuela
surname: Pereira
creditcard-type: Visa
creditcard-number: 4929355739214219
creditcard-CVV: 678

id: 99
username: Thearment1977
password: OoraiNuas6
name: Fernanda
surname: Cunha
creditcard-type: Visa
creditcard-number: 4716775569670288
creditcard-CVV: 221

id: 12
username: Wiltoped50
password: Pah1Ai7weer
name: Eduarda
surname: Sousa
creditcard-type: MasterCard
creditcard-number: 5142027118897066
creditcard-CVV: 283

id: 1
username: Frates
password: Dei7ooseawai
name: Davi
surname: Silva
creditcard-type: Visa
creditcard-number: 4539104559519543
creditcard-CVV: 589

