id: 22
name: Davi
surname: Dias
city: Osasco
state: SP
Occupation: Hydrographic surveyor
Company: Circuit Design

id: 1
name: Otavio
surname: Fernandes
city: Luziania
state: GO
Occupation: Market and survey researcher
Company: Gamble-Skogmo

id: 5
name: Tomas
surname: Rodrigues
city: Taguatinga
state: DF
Occupation: Television camera operator
Company: Hanover Shoe

id: 23
name: Tomas
surname: Gomes
city: Brasilia
state: DF
Occupation: Management information systems director
Company: Seamans Furniture

id: 11
name: Clara
surname: Souza
city: Teresopolis
state: RJ
Occupation: Nurse aide
Company: Forum Cafeterias

id: 2
name: Martim
surname: Pinto
city: Jatai
state: GO
Occupation: Plating and coating machine operator
Company: Avant Garde Appraisal

