id: 2
sex: M
name: Tiago
surname: Souza
age: 34
e-mail: TiagoGoncalvesSouza@fleckens.hu
telephone: (11) 2340-2771
weight: 99.80
height: 173

id: 13
sex: F
name: Beatriz
surname: Correia
age: 57
e-mail: BeatrizCostaCorreia@armyspy.com
telephone: (27) 9575-5310
weight: 74.80
height: 159

id: 22
sex: F
name: Vitoria
surname: Cunha
age: 21
e-mail: VitoriaBarrosCunha@superrito.com
telephone: (79) 2891-7143
weight: 84.70
height: 163

id: 5
sex: M
name: Pedro
surname: Carvalho
age: 30
e-mail: PedroOliveiraCarvalho@gustr.com
telephone: (65) 2625-4396
weight: 98.20
height: 176

id: 54
sex: F
name: Lara
surname: Pinto
age: 56
e-mail: LaraMeloPinto@jourrapide.com
telephone: (43) 8878-4636
weight: 78.10
height: 172

id: 37
sex: F
name: Sophia
surname: Ribeiro
age: 51
e-mail: SophiaCorreiaRibeiro@rhyta.com
telephone: (11) 2591-3238
weight: 53.50
height: 174

