id: 12
blood-type: O+
weight: 92.50
height: 165
age: 51
sex: F
name: Giovana
surname: Barbosa

id: 2
blood-type: A+
weight: 68.70
height: 186
age: 25
sex: M
name: Renan
surname: Ferreira

id: 334
blood-type: O+
weight: 93.30
height: 183
age: 30
sex: M
name: Arthur
surname: Melo

id: 660
blood-type: B+
weight: 71.80
height: 161
age: 28
sex: F
name: Fernanda
surname: Cunha

id: 111
blood-type: A+
weight: 86.20
height: 169
age: 44
sex: F
name: Maria
surname: Fernandes

id: 540
blood-type: O+
weight: 86.40
height: 156
age: 39
sex: F
name: Bianca
surname: Melo

id: 296
blood-type: O+
weight: 96.10
height: 154
age: 47
sex: F
name: Clara
surname: Martins

id: 713
blood-type: O+
weight: 92.90
height: 181
age: 20
sex: M
name: Renan
surname: Souza

id: 1
blood-type: AB+
weight: 49.70
height: 162
age: 24
sex: F
name: Camila
surname: Fernandes

id: 1111
blood-type: B+
weight: 64.90
height: 164
age: 36
sex: F
name: Bruna
surname: Azevedo

id: 21
blood-type: O+
weight: 91.90
height: 186
age: 47
sex: M
name: Jose
surname: Carvalho

id: 122
blood-type: O-
weight: 79.30
height: 174
age: 53
sex: F
name: Evelyn
surname: Dias

id: 223
blood-type: O+
weight: 68.80
height: 180
age: 48
sex: M
name: Antonio
surname: Pereira

id: 324
blood-type: A+
weight: 92.20
height: 153
age: 53
sex: F
name: Lara
surname: Rocha

id: 425
blood-type: O+
weight: 98.90
height: 174
age: 45
sex: M
name: Vitor
surname: Almeida

id: 526
blood-type: A+
weight: 82.80
height: 159
age: 27
sex: F
name: Carla
surname: Lima

id: 627
blood-type: A+
weight: 59.90
height: 157
age: 28
sex: F
name: agatha
surname: Barbosa

id: 728
blood-type: AB+
weight: 57.60
height: 155
age: 47
sex: F
name: Beatriz
surname: Pinto

id: 829
blood-type: B+
weight: 84.90
height: 157
age: 41
sex: F
name: Vitoria
surname: Araujo

id: 931
blood-type: AB+
weight: 101.10
height: 175
age: 39
sex: F
name: Luana
surname: Lima

