1   |2   |3   |
----+----+-----
4   |5   |6   |
----+----+-----
7   |8   |9   |
----+----+-----
Jogo da velha!
Escolha um número para jogar, jogador X!
X   |2   |3   |
----+----+-----
4   |5   |6   |
----+----+-----
7   |8   |9   |
----+----+-----
Escolha um número para jogar, jogador O!
X   |2   |3   |
----+----+-----
4   |O   |6   |
----+----+-----
7   |8   |9   |
----+----+-----
Escolha um número para jogar, jogador X!
Jogada inválida! Escolha outra casa.
X   |X   |3   |
----+----+-----
4   |O   |6   |
----+----+-----
7   |8   |9   |
----+----+-----
Escolha um número para jogar, jogador O!
X   |X   |O   |
----+----+-----
4   |O   |6   |
----+----+-----
7   |8   |9   |
----+----+-----
Escolha um número para jogar, jogador X!
X   |X   |O   |
----+----+-----
4   |O   |6   |
----+----+-----
X   |8   |9   |
----+----+-----
Escolha um número para jogar, jogador O!
X   |X   |O   |
----+----+-----
O   |O   |6   |
----+----+-----
X   |8   |9   |
----+----+-----
Escolha um número para jogar, jogador X!
X   |X   |O   |
----+----+-----
O   |O   |X   |
----+----+-----
X   |8   |9   |
----+----+-----
Escolha um número para jogar, jogador O!
X   |X   |O   |
----+----+-----
O   |O   |X   |
----+----+-----
X   |O   |9   |
----+----+-----
Escolha um número para jogar, jogador X!
X   |X   |O   |
----+----+-----
O   |O   |X   |
----+----+-----
X   |O   |X   |
----+----+-----
Deu velha!
