3	Afghanistan
6	Albania
-183	Algeria
-226	American Samoa
1	Andorra
9	Angola
5	Anguilla
10	Antarctica
4	Antigua and Barbuda
-227	Argentina
7	Armenia
-223	Aruba
-224	Australia
-225	Austria
-222	Azerbaijan
-208	Bahamas
-215	Bahrain
-219	Bangladesh
-220	Barbados
-204	Belarus
-218	Belgium
-203	Belize
-213	Benin
-212	Bermuda
-207	Bhutan
-210	Bolivia
-221	Bosnia and Herzegovina
-205	Botswana
-206	Bouvet Island
-209	Brazil
-139	British Indian Ocean Territory
-12	British Virgin Islands
-211	Brunei
-216	Bulgaria
-217	Burkina Faso
-214	Burundi
-128	Cambodia
-197	Cameroon
-202	Canada
-192	Cape Verde
-121	Cayman Islands
-201	Central African Republic
-36	Chad
-198	Chile
-196	China
-191	Christmas Island
-195	Colombia
-126	Comoros
-199	Cook Islands
-194	Costa Rica
-147	Croatia
-193	Cuba
-190	Cyprus
-189	Czech Republic
-186	Denmark
-187	Djibouti
-185	Dominica
-184	Dominican Republic
-182	Ecuador
-180	Egypt
-40	El Salvador
-158	Equatorial Guinea
-178	Eritrea
-181	Estonia
-176	Ethiopia
-172	Faroe Islands
-174	Fiji
-175	Finland
-171	France
-166	French Guiana
-72	French Polynesia
-35	French Southern Territories
-170	Gabon
-161	Gambia
-151	Gaza Strip
-167	Georgia
-188	Germany
-164	Ghana
-163	Gibraltar
-157	Greece
-162	Greenland
-168	Grenada
-159	Guadeloupe
-154	Guam
-155	Guatemala
-165	Guernsey
-160	Guinea
-153	Guinea-Bissau
-152	Guyana
-146	Haiti
-149	Heard Island and McDonald Islands
-148	Honduras
-150	Hong Kong
-145	Hungary
-136	Iceland
-140	India
-144	Indonesia
-137	Iran
-138	Iraq
-143	Ireland
-141	Isle of Man
-142	Israel
-135	Italy
-133	Jamaica
-131	Japan
-134	Jersey
-132	Jordan
-120	Kazakhstan
-130	Kenya
-127	Kiribati
-122	Kuwait
-129	Kyrgyzstan
-119	Laos
-110	Latvia
-118	Lebanon
-113	Lesotho
-114	Liberia
-109	Libya
-116	Liechtenstein
-112	Lithuania
-111	Luxembourg
-99	Macau
-104	Madagascar
-91	Malawi
-89	Malaysia
-92	Maldives
-102	Mali
-94	Malta
-103	Marshall Islands
-97	Martinique
-96	Mauritania
-93	Mauritius
-90	Mexico
-173	Micronesia
-106	Moldova
-107	Monaco
-100	Mongolia
-105	Montenegro
-95	Montserrat
-108	Morocco
-88	Mozambique
-101	Myanmar [Burma]
-87	Namibia
-78	Nauru
-79	Nepal
-81	Netherlands
8	Netherlands Antilles
-86	New Caledonia
-76	New Zealand
-82	Nicaragua
-85	Niger
-83	Nigeria
-77	Niue
-84	Norfolk Island
-124	North Korea
-98	Northern Mariana Islands
-80	Norway
-75	Oman
-69	Pakistan
-62	Palau
-64	Palestinian Territories
-74	Panama
-71	Papua New Guinea
-61	Paraguay
-73	Peru
-70	Philippines
-66	Pitcairn Islands
-68	Poland
-63	Portugal
-65	Puerto Rico
-60	Qatar
-59	Romania
-57	Russia
-56	Rwanda
-49	Saint Helena
-125	Saint Kitts and Nevis
-117	Saint Lucia
-67	Saint Pierre and Miquelon
-14	Saint Vincent and the Grenadines
-44	San Marino
-55	Saudi Arabia
-43	Senegal
-58	Serbia
-53	Seychelles
-45	Sierra Leone
-50	Singapore
-46	Slovakia
-48	Slovenia
-54	Solomon Islands
-42	Somalia
-156	South Georgia and the South Sandwich Islands
-123	South Korea
-177	Spain
-115	Sri Lanka
-52	Sudan
-41	Suriname
-47	Svalbard and Jan Mayen
-38	Swaziland
-51	Sweden
-200	Switzerland
-39	Syria
-23	Taiwan
-32	Tajikistan
-22	Tanzania
-33	Thailand
-30	Timor-Leste
-34	Togo
-31	Tokelau
-27	Tonga
-25	Trinidad and Tobago
-28	Tunisia
-26	Turkey
-29	Turkmenistan
-37	Turks and Caicos Islands
-24	Tuvalu
-19	U.S. Minor Outlying Islands
-11	U.S. Virgin Islands
-20	Uganda
-21	Ukraine
2	United Arab Emirates
-169	United Kingdom
-18	United States
-17	Uruguay
-16	Uzbekistan
-15	Vatican City
-13	Venezuela
-179	Western Sahara
