Digite o livro que voce procura:
c completo e total alugado com sucesso
Voce tem 1 livro(s) alugado(s)
Livro nome: c completo e total
Devolve-lo daqui 10 dias
Digite o livro que voce procura:
Livro nao encontrado na biblioteca
Digite o livro que voce procura:
calculo 4 alugado com sucesso
Voce tem 2 livro(s) alugado(s)
Livro nome: c completo e total
Devolve-lo daqui 10 dias
Livro nome: calculo 4
Devolve-lo daqui 5 dias
Digite o livro que voce procura:
calculo 2 alugado com sucesso
Voce tem 3 livro(s) alugado(s)
Livro nome: c completo e total
Devolve-lo daqui 10 dias
Livro nome: calculo 4
Devolve-lo daqui 5 dias
Livro nome: calculo 2
Devolve-lo daqui 3 dias
Digite o livro que deseja devolver:
Livro calculo 4 foi devolvido com sucesso
Digite o livro que voce procura:
calculo 1 alugado com sucesso
Voce tem 3 livro(s) alugado(s)
Livro nome: c completo e total
Devolve-lo daqui 10 dias
Livro nome: calculo 2
Devolve-lo daqui 3 dias
Livro nome: calculo 1
Devolve-lo daqui 3 dias
Digite o livro que deseja devolver:
Livro c completo e total foi devolvido com sucesso
Digite o livro que voce procura:
c completo e total alugado com sucesso
Voce tem 3 livro(s) alugado(s)
Livro nome: calculo 2
Devolve-lo daqui 3 dias
Livro nome: calculo 1
Devolve-lo daqui 3 dias
Livro nome: c completo e total
Devolve-lo daqui 10 dias
Programa finalizado
