Digite o livro que voce procura:
diario de anne frank alugado com sucesso
Digite o livro que voce procura:
pequeno principe alugado com sucesso
Digite o livro que voce procura:
Microeletronica alugado com sucesso
Digite o livro que voce procura:
introducao ao desenvolvimento de games alugado com sucesso
Digite o livro que voce procura:
jogos vorazes alugado com sucesso
Digite o livro que voce procura:
calculo 1 alugado com sucesso
Digite o livro que voce procura:
calculo 2 alugado com sucesso
Digite o livro que voce procura:
calculo 3 alugado com sucesso
Digite o livro que voce procura:
calculo 4 alugado com sucesso
Digite o livro que voce procura:
fisica basica alugado com sucesso
Voce tem 10 livro(s) alugado(s)
Livro nome: diario de anne frank
Devolve-lo daqui 7 dias
Livro nome: pequeno principe
Devolve-lo daqui 7 dias
Livro nome: Microeletronica
Devolve-lo daqui 14 dias
Livro nome: introducao ao desenvolvimento de games
Devolve-lo daqui 14 dias
Livro nome: jogos vorazes
Devolve-lo daqui 7 dias
Livro nome: calculo 1
Devolve-lo daqui 7 dias
Livro nome: calculo 2
Devolve-lo daqui 7 dias
Livro nome: calculo 3
Devolve-lo daqui 10 dias
Livro nome: calculo 4
Devolve-lo daqui 14 dias
Livro nome: fisica basica
Devolve-lo daqui 20 dias
Digite o livro que voce procura:
Voce ja tem 10 livros alugados
Digite o livro que voce procura:
Livro nao encontrado na biblioteca
Digite o livro que deseja devolver:
Livro calculo 1 foi devolvido com sucesso
Voce tem 9 livro(s) alugado(s)
Livro nome: diario de anne frank
Devolve-lo daqui 7 dias
Livro nome: pequeno principe
Devolve-lo daqui 7 dias
Livro nome: Microeletronica
Devolve-lo daqui 14 dias
Livro nome: introducao ao desenvolvimento de games
Devolve-lo daqui 14 dias
Livro nome: jogos vorazes
Devolve-lo daqui 7 dias
Livro nome: calculo 2
Devolve-lo daqui 7 dias
Livro nome: calculo 3
Devolve-lo daqui 10 dias
Livro nome: calculo 4
Devolve-lo daqui 14 dias
Livro nome: fisica basica
Devolve-lo daqui 20 dias
Digite o livro que voce procura:
calculo 1 alugado com sucesso
Voce tem 10 livro(s) alugado(s)
Livro nome: diario de anne frank
Devolve-lo daqui 7 dias
Livro nome: pequeno principe
Devolve-lo daqui 7 dias
Livro nome: Microeletronica
Devolve-lo daqui 14 dias
Livro nome: introducao ao desenvolvimento de games
Devolve-lo daqui 14 dias
Livro nome: jogos vorazes
Devolve-lo daqui 7 dias
Livro nome: calculo 2
Devolve-lo daqui 7 dias
Livro nome: calculo 3
Devolve-lo daqui 10 dias
Livro nome: calculo 4
Devolve-lo daqui 14 dias
Livro nome: fisica basica
Devolve-lo daqui 20 dias
Livro nome: calculo 1
Devolve-lo daqui 7 dias
Programa finalizado
