Voce nao tem livros alugados
Digite o livro que deseja devolver:
Voce nao possui esse livro
Digite o livro que voce procura:
jogos vorazes alugado com sucesso
Digite o livro que voce procura:
guia do mochileiro das galaxias alugado com sucesso
Digite o livro que voce procura:
fisica basica alugado com sucesso
Voce tem 3 livro(s) alugado(s)
Livro nome: jogos vorazes
Devolve-lo daqui 7 dias
Livro nome: guia do mochileiro das galaxias
Devolve-lo daqui 12 dias
Livro nome: fisica basica
Devolve-lo daqui 20 dias
Digite o livro que deseja devolver:
Livro jogos vorazes foi devolvido com sucesso
Digite o livro que deseja devolver:
Livro guia do mochileiro das galaxias foi devolvido com sucesso
Voce tem 1 livro(s) alugado(s)
Livro nome: fisica basica
Devolve-lo daqui 20 dias
Digite o livro que deseja devolver:
Livro fisica basica foi devolvido com sucesso
Voce nao tem livros alugados
Programa finalizado
