Digite o livro que voce procura:
c completo e total alugado com sucesso
Digite o livro que voce procura:
algoritmo e estrutura de dados alugado com sucesso
Digite o livro que voce procura:
fisica basica alugado com sucesso
Digite o livro que voce procura:
introducao ao desenvolvimento de games alugado com sucesso
Digite o livro que voce procura:
Algoritmos: Teoria e Pratica alugado com sucesso
Digite o livro que voce procura:
Estruturas de Dados Usando C alugado com sucesso
Digite o livro que voce procura:
Elementos de Eletronica Digital alugado com sucesso
Digite o livro que voce procura:
Eletronica para Computacao alugado com sucesso
Digite o livro que voce procura:
Microeletronica alugado com sucesso
Digite o livro que voce procura:
Calculo Diferencial e Integral na Reta alugado com sucesso
Digite o livro que voce procura:
Voce ja tem 10 livros alugados
Digite o livro que voce procura:
Voce ja tem 10 livros alugados
Voce tem 10 livro(s) alugado(s)
Livro nome: c completo e total
Devolve-lo daqui 10 dias
Livro nome: algoritmo e estrutura de dados
Devolve-lo daqui 7 dias
Livro nome: fisica basica
Devolve-lo daqui 20 dias
Livro nome: introducao ao desenvolvimento de games
Devolve-lo daqui 14 dias
Livro nome: Algoritmos: Teoria e Pratica
Devolve-lo daqui 7 dias
Livro nome: Estruturas de Dados Usando C
Devolve-lo daqui 10 dias
Livro nome: Elementos de Eletronica Digital
Devolve-lo daqui 7 dias
Livro nome: Eletronica para Computacao
Devolve-lo daqui 14 dias
Livro nome: Microeletronica
Devolve-lo daqui 14 dias
Livro nome: Calculo Diferencial e Integral na Reta
Devolve-lo daqui 5 dias
Digite o livro que deseja devolver:
Livro c completo e total foi devolvido com sucesso
Voce tem 9 livro(s) alugado(s)
Livro nome: algoritmo e estrutura de dados
Devolve-lo daqui 7 dias
Livro nome: fisica basica
Devolve-lo daqui 20 dias
Livro nome: introducao ao desenvolvimento de games
Devolve-lo daqui 14 dias
Livro nome: Algoritmos: Teoria e Pratica
Devolve-lo daqui 7 dias
Livro nome: Estruturas de Dados Usando C
Devolve-lo daqui 10 dias
Livro nome: Elementos de Eletronica Digital
Devolve-lo daqui 7 dias
Livro nome: Eletronica para Computacao
Devolve-lo daqui 14 dias
Livro nome: Microeletronica
Devolve-lo daqui 14 dias
Livro nome: Calculo Diferencial e Integral na Reta
Devolve-lo daqui 5 dias
Digite o livro que voce procura:
c completo e total alugado com sucesso
Voce tem 10 livro(s) alugado(s)
Livro nome: algoritmo e estrutura de dados
Devolve-lo daqui 7 dias
Livro nome: fisica basica
Devolve-lo daqui 20 dias
Livro nome: introducao ao desenvolvimento de games
Devolve-lo daqui 14 dias
Livro nome: Algoritmos: Teoria e Pratica
Devolve-lo daqui 7 dias
Livro nome: Estruturas de Dados Usando C
Devolve-lo daqui 10 dias
Livro nome: Elementos de Eletronica Digital
Devolve-lo daqui 7 dias
Livro nome: Eletronica para Computacao
Devolve-lo daqui 14 dias
Livro nome: Microeletronica
Devolve-lo daqui 14 dias
Livro nome: Calculo Diferencial e Integral na Reta
Devolve-lo daqui 5 dias
Livro nome: c completo e total
Devolve-lo daqui 10 dias
Digite o livro que deseja devolver:
Livro Estruturas de Dados Usando C foi devolvido com sucesso
Voce tem 9 livro(s) alugado(s)
Livro nome: algoritmo e estrutura de dados
Devolve-lo daqui 7 dias
Livro nome: fisica basica
Devolve-lo daqui 20 dias
Livro nome: introducao ao desenvolvimento de games
Devolve-lo daqui 14 dias
Livro nome: Algoritmos: Teoria e Pratica
Devolve-lo daqui 7 dias
Livro nome: Elementos de Eletronica Digital
Devolve-lo daqui 7 dias
Livro nome: Eletronica para Computacao
Devolve-lo daqui 14 dias
Livro nome: Microeletronica
Devolve-lo daqui 14 dias
Livro nome: Calculo Diferencial e Integral na Reta
Devolve-lo daqui 5 dias
Livro nome: c completo e total
Devolve-lo daqui 10 dias
Programa finalizado
