CABECALHO:
Iniciais: BM
Tamanho do arquivo: 2074678
Reservado: 0
Deslocamento, em bytes, para o inicio da area de dados: 1078
Tamanho em bytes do segundo cabecalho: 40
Resolucao: 1920 x 1080
Numero de planos: 1
Bits por pixel: 8
Compressao usada: 0
Tamanho imagem: 2073600
Resolucao horizontal: 2835 pixel por metro
Resolucao Vertical: 2835 pixel por metro
Numero de cores usadas: 0
Numero de cores importantes: 0
PALETA ORIGINAL:
Paleta[0]: R:255 G:255 B:255
Paleta[1]: R:127 G:255 B:255
Paleta[2]: R:255 G:127 B:255
Paleta[3]: R:127 G:127 B:255
Paleta[4]: R:255 G:255 B:127
Paleta[5]: R:127 G:255 B:127
Paleta[6]: R:255 G:127 B:127
Paleta[7]: R:63 G:63 B:63
Paleta[8]: R:63 G:35 B:63
Paleta[9]: R:89 G:53 B:15
Paleta[10]: R:191 G:223 B:255
Paleta[11]: R:159 G:223 B:255
Paleta[12]: R:127 G:223 B:255
Paleta[13]: R:95 G:223 B:255
Paleta[14]: R:63 G:223 B:255
Paleta[15]: R:31 G:223 B:255
Paleta[16]: R:255 G:191 B:255
Paleta[17]: R:223 G:191 B:255
Paleta[18]: R:191 G:191 B:255
Paleta[19]: R:159 G:191 B:255
Paleta[20]: R:127 G:191 B:255
Paleta[21]: R:95 G:191 B:255
Paleta[22]: R:63 G:191 B:255
Paleta[23]: R:31 G:191 B:255
Paleta[24]: R:255 G:159 B:255
Paleta[25]: R:223 G:159 B:255
Paleta[26]: R:191 G:159 B:255
Paleta[27]: R:159 G:159 B:255
Paleta[28]: R:127 G:159 B:255
Paleta[29]: R:95 G:159 B:255
Paleta[30]: R:63 G:159 B:255
Paleta[31]: R:31 G:159 B:255
Paleta[32]: R:255 G:127 B:255
Paleta[33]: R:223 G:127 B:255
Paleta[34]: R:191 G:127 B:255
Paleta[35]: R:159 G:127 B:255
Paleta[36]: R:127 G:127 B:255
Paleta[37]: R:95 G:127 B:255
Paleta[38]: R:63 G:127 B:255
Paleta[39]: R:31 G:127 B:255
Paleta[40]: R:255 G:95 B:255
Paleta[41]: R:223 G:95 B:255
Paleta[42]: R:191 G:95 B:255
Paleta[43]: R:159 G:95 B:255
Paleta[44]: R:127 G:95 B:255
Paleta[45]: R:95 G:95 B:255
Paleta[46]: R:63 G:95 B:255
Paleta[47]: R:31 G:95 B:255
Paleta[48]: R:255 G:63 B:255
Paleta[49]: R:223 G:63 B:255
Paleta[50]: R:191 G:63 B:255
Paleta[51]: R:159 G:63 B:255
Paleta[52]: R:127 G:63 B:255
Paleta[53]: R:95 G:63 B:255
Paleta[54]: R:63 G:63 B:255
Paleta[55]: R:31 G:63 B:255
Paleta[56]: R:255 G:31 B:255
Paleta[57]: R:223 G:31 B:255
Paleta[58]: R:191 G:31 B:255
Paleta[59]: R:159 G:31 B:255
Paleta[60]: R:127 G:31 B:255
Paleta[61]: R:95 G:31 B:255
Paleta[62]: R:63 G:31 B:255
Paleta[63]: R:31 G:31 B:255
Paleta[64]: R:255 G:255 B:191
Paleta[65]: R:223 G:255 B:191
Paleta[66]: R:191 G:255 B:191
Paleta[67]: R:159 G:255 B:191
Paleta[68]: R:127 G:255 B:191
Paleta[69]: R:95 G:255 B:191
Paleta[70]: R:63 G:255 B:191
Paleta[71]: R:31 G:255 B:191
Paleta[72]: R:255 G:223 B:191
Paleta[73]: R:223 G:223 B:191
Paleta[74]: R:191 G:223 B:191
Paleta[75]: R:159 G:223 B:191
Paleta[76]: R:127 G:223 B:191
Paleta[77]: R:95 G:223 B:191
Paleta[78]: R:63 G:223 B:191
Paleta[79]: R:31 G:223 B:191
Paleta[80]: R:255 G:191 B:191
Paleta[81]: R:223 G:191 B:191
Paleta[82]: R:191 G:191 B:191
Paleta[83]: R:159 G:191 B:191
Paleta[84]: R:127 G:191 B:191
Paleta[85]: R:95 G:191 B:191
Paleta[86]: R:63 G:191 B:191
Paleta[87]: R:31 G:191 B:191
Paleta[88]: R:255 G:159 B:191
Paleta[89]: R:223 G:159 B:191
Paleta[90]: R:191 G:159 B:191
Paleta[91]: R:159 G:159 B:191
Paleta[92]: R:127 G:159 B:191
Paleta[93]: R:95 G:159 B:191
Paleta[94]: R:63 G:159 B:191
Paleta[95]: R:31 G:159 B:191
Paleta[96]: R:255 G:127 B:191
Paleta[97]: R:223 G:127 B:191
Paleta[98]: R:191 G:127 B:191
Paleta[99]: R:159 G:127 B:191
Paleta[100]: R:127 G:127 B:191
Paleta[101]: R:95 G:127 B:191
Paleta[102]: R:63 G:127 B:191
Paleta[103]: R:31 G:127 B:191
Paleta[104]: R:255 G:95 B:191
Paleta[105]: R:223 G:95 B:191
Paleta[106]: R:191 G:95 B:191
Paleta[107]: R:159 G:95 B:191
Paleta[108]: R:127 G:95 B:191
Paleta[109]: R:95 G:95 B:191
Paleta[110]: R:63 G:95 B:191
Paleta[111]: R:31 G:95 B:191
Paleta[112]: R:255 G:63 B:191
Paleta[113]: R:223 G:63 B:191
Paleta[114]: R:191 G:63 B:191
Paleta[115]: R:159 G:63 B:191
Paleta[116]: R:127 G:63 B:191
Paleta[117]: R:95 G:63 B:191
Paleta[118]: R:63 G:63 B:191
Paleta[119]: R:31 G:63 B:191
Paleta[120]: R:255 G:31 B:191
Paleta[121]: R:223 G:31 B:191
Paleta[122]: R:191 G:31 B:191
Paleta[123]: R:159 G:31 B:191
Paleta[124]: R:127 G:31 B:191
Paleta[125]: R:95 G:31 B:191
Paleta[126]: R:63 G:31 B:191
Paleta[127]: R:31 G:31 B:191
Paleta[128]: R:255 G:255 B:127
Paleta[129]: R:223 G:255 B:127
Paleta[130]: R:191 G:255 B:127
Paleta[131]: R:159 G:255 B:127
Paleta[132]: R:127 G:255 B:127
Paleta[133]: R:95 G:255 B:127
Paleta[134]: R:63 G:255 B:127
Paleta[135]: R:31 G:255 B:127
Paleta[136]: R:255 G:223 B:127
Paleta[137]: R:223 G:223 B:127
Paleta[138]: R:191 G:223 B:127
Paleta[139]: R:159 G:223 B:127
Paleta[140]: R:127 G:223 B:127
Paleta[141]: R:95 G:223 B:127
Paleta[142]: R:63 G:223 B:127
Paleta[143]: R:31 G:223 B:127
Paleta[144]: R:255 G:191 B:127
Paleta[145]: R:223 G:191 B:127
Paleta[146]: R:191 G:191 B:127
Paleta[147]: R:159 G:191 B:127
Paleta[148]: R:127 G:191 B:127
Paleta[149]: R:95 G:191 B:127
Paleta[150]: R:63 G:191 B:127
Paleta[151]: R:31 G:191 B:127
Paleta[152]: R:255 G:159 B:127
Paleta[153]: R:223 G:159 B:127
Paleta[154]: R:191 G:159 B:127
Paleta[155]: R:159 G:159 B:127
Paleta[156]: R:127 G:159 B:127
Paleta[157]: R:95 G:159 B:127
Paleta[158]: R:63 G:159 B:127
Paleta[159]: R:31 G:159 B:127
Paleta[160]: R:255 G:127 B:127
Paleta[161]: R:223 G:127 B:127
Paleta[162]: R:191 G:127 B:127
Paleta[163]: R:159 G:127 B:127
Paleta[164]: R:127 G:127 B:127
Paleta[165]: R:95 G:127 B:127
Paleta[166]: R:63 G:127 B:127
Paleta[167]: R:31 G:127 B:127
Paleta[168]: R:255 G:95 B:127
Paleta[169]: R:223 G:95 B:127
Paleta[170]: R:191 G:95 B:127
Paleta[171]: R:159 G:95 B:127
Paleta[172]: R:127 G:95 B:127
Paleta[173]: R:95 G:95 B:127
Paleta[174]: R:63 G:95 B:127
Paleta[175]: R:31 G:95 B:127
Paleta[176]: R:255 G:63 B:127
Paleta[177]: R:223 G:63 B:127
Paleta[178]: R:191 G:63 B:127
Paleta[179]: R:159 G:63 B:127
Paleta[180]: R:127 G:63 B:127
Paleta[181]: R:95 G:63 B:127
Paleta[182]: R:63 G:63 B:127
Paleta[183]: R:31 G:63 B:127
Paleta[184]: R:255 G:31 B:127
Paleta[185]: R:223 G:31 B:127
Paleta[186]: R:191 G:31 B:127
Paleta[187]: R:159 G:31 B:127
Paleta[188]: R:127 G:31 B:127
Paleta[189]: R:95 G:31 B:127
Paleta[190]: R:63 G:31 B:127
Paleta[191]: R:31 G:31 B:127
Paleta[192]: R:255 G:255 B:63
Paleta[193]: R:223 G:255 B:63
Paleta[194]: R:191 G:255 B:63
Paleta[195]: R:159 G:255 B:63
Paleta[196]: R:127 G:255 B:63
Paleta[197]: R:95 G:255 B:63
Paleta[198]: R:63 G:255 B:63
Paleta[199]: R:31 G:255 B:63
Paleta[200]: R:255 G:223 B:63
Paleta[201]: R:223 G:223 B:63
Paleta[202]: R:191 G:223 B:63
Paleta[203]: R:159 G:223 B:63
Paleta[204]: R:127 G:223 B:63
Paleta[205]: R:95 G:223 B:63
Paleta[206]: R:63 G:223 B:63
Paleta[207]: R:31 G:223 B:63
Paleta[208]: R:255 G:191 B:63
Paleta[209]: R:223 G:191 B:63
Paleta[210]: R:191 G:191 B:63
Paleta[211]: R:159 G:191 B:63
Paleta[212]: R:127 G:191 B:63
Paleta[213]: R:95 G:191 B:63
Paleta[214]: R:63 G:191 B:63
Paleta[215]: R:31 G:191 B:63
Paleta[216]: R:255 G:159 B:63
Paleta[217]: R:223 G:159 B:63
Paleta[218]: R:191 G:159 B:63
Paleta[219]: R:159 G:159 B:63
Paleta[220]: R:127 G:159 B:63
Paleta[221]: R:95 G:159 B:63
Paleta[222]: R:63 G:159 B:63
Paleta[223]: R:31 G:159 B:63
Paleta[224]: R:255 G:127 B:63
Paleta[225]: R:223 G:127 B:63
Paleta[226]: R:191 G:127 B:63
Paleta[227]: R:159 G:127 B:63
Paleta[228]: R:127 G:127 B:63
Paleta[229]: R:95 G:127 B:63
Paleta[230]: R:63 G:127 B:63
Paleta[231]: R:31 G:127 B:63
Paleta[232]: R:255 G:95 B:63
Paleta[233]: R:223 G:95 B:63
Paleta[234]: R:191 G:95 B:63
Paleta[235]: R:159 G:95 B:63
Paleta[236]: R:127 G:95 B:63
Paleta[237]: R:95 G:95 B:63
Paleta[238]: R:63 G:95 B:63
Paleta[239]: R:31 G:95 B:63
Paleta[240]: R:255 G:63 B:63
Paleta[241]: R:223 G:63 B:63
Paleta[242]: R:191 G:63 B:63
Paleta[243]: R:159 G:63 B:63
Paleta[244]: R:127 G:63 B:63
Paleta[245]: R:95 G:63 B:63
Paleta[246]: R:0 G:4 B:15
Paleta[247]: R:95 G:95 B:91
Paleta[248]: R:127 G:127 B:127
Paleta[249]: R:0 G:255 B:255
Paleta[250]: R:255 G:0 B:255
Paleta[251]: R:0 G:0 B:255
Paleta[252]: R:255 G:255 B:0
Paleta[253]: R:0 G:255 B:0
Paleta[254]: R:255 G:0 B:0
Paleta[255]: R:0 G:0 B:0
PALETA NOVA:
Paleta[0]: R:0 G:0 B:0
Paleta[1]: R:128 G:0 B:0
Paleta[2]: R:0 G:128 B:0
Paleta[3]: R:128 G:128 B:0
Paleta[4]: R:0 G:0 B:128
Paleta[5]: R:128 G:0 B:128
Paleta[6]: R:0 G:128 B:128
Paleta[7]: R:192 G:192 B:192
Paleta[8]: R:192 G:220 B:192
Paleta[9]: R:166 G:202 B:240
Paleta[10]: R:64 G:32 B:0
Paleta[11]: R:96 G:32 B:0
Paleta[12]: R:128 G:32 B:0
Paleta[13]: R:160 G:32 B:0
Paleta[14]: R:192 G:32 B:0
Paleta[15]: R:224 G:32 B:0
Paleta[16]: R:0 G:64 B:0
Paleta[17]: R:32 G:64 B:0
Paleta[18]: R:64 G:64 B:0
Paleta[19]: R:96 G:64 B:0
Paleta[20]: R:128 G:64 B:0
Paleta[21]: R:160 G:64 B:0
Paleta[22]: R:192 G:64 B:0
Paleta[23]: R:224 G:64 B:0
Paleta[24]: R:0 G:96 B:0
Paleta[25]: R:32 G:96 B:0
Paleta[26]: R:64 G:96 B:0
Paleta[27]: R:96 G:96 B:0
Paleta[28]: R:128 G:96 B:0
Paleta[29]: R:160 G:96 B:0
Paleta[30]: R:192 G:96 B:0
Paleta[31]: R:224 G:96 B:0
Paleta[32]: R:0 G:128 B:0
Paleta[33]: R:32 G:128 B:0
Paleta[34]: R:64 G:128 B:0
Paleta[35]: R:96 G:128 B:0
Paleta[36]: R:128 G:128 B:0
Paleta[37]: R:160 G:128 B:0
Paleta[38]: R:192 G:128 B:0
Paleta[39]: R:224 G:128 B:0
Paleta[40]: R:0 G:160 B:0
Paleta[41]: R:32 G:160 B:0
Paleta[42]: R:64 G:160 B:0
Paleta[43]: R:96 G:160 B:0
Paleta[44]: R:128 G:160 B:0
Paleta[45]: R:160 G:160 B:0
Paleta[46]: R:192 G:160 B:0
Paleta[47]: R:224 G:160 B:0
Paleta[48]: R:0 G:192 B:0
Paleta[49]: R:32 G:192 B:0
Paleta[50]: R:64 G:192 B:0
Paleta[51]: R:96 G:192 B:0
Paleta[52]: R:128 G:192 B:0
Paleta[53]: R:160 G:192 B:0
Paleta[54]: R:192 G:192 B:0
Paleta[55]: R:224 G:192 B:0
Paleta[56]: R:0 G:224 B:0
Paleta[57]: R:32 G:224 B:0
Paleta[58]: R:64 G:224 B:0
Paleta[59]: R:96 G:224 B:0
Paleta[60]: R:128 G:224 B:0
Paleta[61]: R:160 G:224 B:0
Paleta[62]: R:192 G:224 B:0
Paleta[63]: R:224 G:224 B:0
Paleta[64]: R:0 G:0 B:64
Paleta[65]: R:32 G:0 B:64
Paleta[66]: R:64 G:0 B:64
Paleta[67]: R:96 G:0 B:64
Paleta[68]: R:128 G:0 B:64
Paleta[69]: R:160 G:0 B:64
Paleta[70]: R:192 G:0 B:64
Paleta[71]: R:224 G:0 B:64
Paleta[72]: R:0 G:32 B:64
Paleta[73]: R:32 G:32 B:64
Paleta[74]: R:64 G:32 B:64
Paleta[75]: R:96 G:32 B:64
Paleta[76]: R:128 G:32 B:64
Paleta[77]: R:160 G:32 B:64
Paleta[78]: R:192 G:32 B:64
Paleta[79]: R:224 G:32 B:64
Paleta[80]: R:0 G:64 B:64
Paleta[81]: R:32 G:64 B:64
Paleta[82]: R:64 G:64 B:64
Paleta[83]: R:96 G:64 B:64
Paleta[84]: R:128 G:64 B:64
Paleta[85]: R:160 G:64 B:64
Paleta[86]: R:192 G:64 B:64
Paleta[87]: R:224 G:64 B:64
Paleta[88]: R:0 G:96 B:64
Paleta[89]: R:32 G:96 B:64
Paleta[90]: R:64 G:96 B:64
Paleta[91]: R:96 G:96 B:64
Paleta[92]: R:128 G:96 B:64
Paleta[93]: R:160 G:96 B:64
Paleta[94]: R:192 G:96 B:64
Paleta[95]: R:224 G:96 B:64
Paleta[96]: R:0 G:128 B:64
Paleta[97]: R:32 G:128 B:64
Paleta[98]: R:64 G:128 B:64
Paleta[99]: R:96 G:128 B:64
Paleta[100]: R:128 G:128 B:64
Paleta[101]: R:160 G:128 B:64
Paleta[102]: R:192 G:128 B:64
Paleta[103]: R:224 G:128 B:64
Paleta[104]: R:0 G:160 B:64
Paleta[105]: R:32 G:160 B:64
Paleta[106]: R:64 G:160 B:64
Paleta[107]: R:96 G:160 B:64
Paleta[108]: R:128 G:160 B:64
Paleta[109]: R:160 G:160 B:64
Paleta[110]: R:192 G:160 B:64
Paleta[111]: R:224 G:160 B:64
Paleta[112]: R:0 G:192 B:64
Paleta[113]: R:32 G:192 B:64
Paleta[114]: R:64 G:192 B:64
Paleta[115]: R:96 G:192 B:64
Paleta[116]: R:128 G:192 B:64
Paleta[117]: R:160 G:192 B:64
Paleta[118]: R:192 G:192 B:64
Paleta[119]: R:224 G:192 B:64
Paleta[120]: R:0 G:224 B:64
Paleta[121]: R:32 G:224 B:64
Paleta[122]: R:64 G:224 B:64
Paleta[123]: R:96 G:224 B:64
Paleta[124]: R:128 G:224 B:64
Paleta[125]: R:160 G:224 B:64
Paleta[126]: R:192 G:224 B:64
Paleta[127]: R:224 G:224 B:64
Paleta[128]: R:0 G:0 B:128
Paleta[129]: R:32 G:0 B:128
Paleta[130]: R:64 G:0 B:128
Paleta[131]: R:96 G:0 B:128
Paleta[132]: R:128 G:0 B:128
Paleta[133]: R:160 G:0 B:128
Paleta[134]: R:192 G:0 B:128
Paleta[135]: R:224 G:0 B:128
Paleta[136]: R:0 G:32 B:128
Paleta[137]: R:32 G:32 B:128
Paleta[138]: R:64 G:32 B:128
Paleta[139]: R:96 G:32 B:128
Paleta[140]: R:128 G:32 B:128
Paleta[141]: R:160 G:32 B:128
Paleta[142]: R:192 G:32 B:128
Paleta[143]: R:224 G:32 B:128
Paleta[144]: R:0 G:64 B:128
Paleta[145]: R:32 G:64 B:128
Paleta[146]: R:64 G:64 B:128
Paleta[147]: R:96 G:64 B:128
Paleta[148]: R:128 G:64 B:128
Paleta[149]: R:160 G:64 B:128
Paleta[150]: R:192 G:64 B:128
Paleta[151]: R:224 G:64 B:128
Paleta[152]: R:0 G:96 B:128
Paleta[153]: R:32 G:96 B:128
Paleta[154]: R:64 G:96 B:128
Paleta[155]: R:96 G:96 B:128
Paleta[156]: R:128 G:96 B:128
Paleta[157]: R:160 G:96 B:128
Paleta[158]: R:192 G:96 B:128
Paleta[159]: R:224 G:96 B:128
Paleta[160]: R:0 G:128 B:128
Paleta[161]: R:32 G:128 B:128
Paleta[162]: R:64 G:128 B:128
Paleta[163]: R:96 G:128 B:128
Paleta[164]: R:128 G:128 B:128
Paleta[165]: R:160 G:128 B:128
Paleta[166]: R:192 G:128 B:128
Paleta[167]: R:224 G:128 B:128
Paleta[168]: R:0 G:160 B:128
Paleta[169]: R:32 G:160 B:128
Paleta[170]: R:64 G:160 B:128
Paleta[171]: R:96 G:160 B:128
Paleta[172]: R:128 G:160 B:128
Paleta[173]: R:160 G:160 B:128
Paleta[174]: R:192 G:160 B:128
Paleta[175]: R:224 G:160 B:128
Paleta[176]: R:0 G:192 B:128
Paleta[177]: R:32 G:192 B:128
Paleta[178]: R:64 G:192 B:128
Paleta[179]: R:96 G:192 B:128
Paleta[180]: R:128 G:192 B:128
Paleta[181]: R:160 G:192 B:128
Paleta[182]: R:192 G:192 B:128
Paleta[183]: R:224 G:192 B:128
Paleta[184]: R:0 G:224 B:128
Paleta[185]: R:32 G:224 B:128
Paleta[186]: R:64 G:224 B:128
Paleta[187]: R:96 G:224 B:128
Paleta[188]: R:128 G:224 B:128
Paleta[189]: R:160 G:224 B:128
Paleta[190]: R:192 G:224 B:128
Paleta[191]: R:224 G:224 B:128
Paleta[192]: R:0 G:0 B:192
Paleta[193]: R:32 G:0 B:192
Paleta[194]: R:64 G:0 B:192
Paleta[195]: R:96 G:0 B:192
Paleta[196]: R:128 G:0 B:192
Paleta[197]: R:160 G:0 B:192
Paleta[198]: R:192 G:0 B:192
Paleta[199]: R:224 G:0 B:192
Paleta[200]: R:0 G:32 B:192
Paleta[201]: R:32 G:32 B:192
Paleta[202]: R:64 G:32 B:192
Paleta[203]: R:96 G:32 B:192
Paleta[204]: R:128 G:32 B:192
Paleta[205]: R:160 G:32 B:192
Paleta[206]: R:192 G:32 B:192
Paleta[207]: R:224 G:32 B:192
Paleta[208]: R:0 G:64 B:192
Paleta[209]: R:32 G:64 B:192
Paleta[210]: R:64 G:64 B:192
Paleta[211]: R:96 G:64 B:192
Paleta[212]: R:128 G:64 B:192
Paleta[213]: R:160 G:64 B:192
Paleta[214]: R:192 G:64 B:192
Paleta[215]: R:224 G:64 B:192
Paleta[216]: R:0 G:96 B:192
Paleta[217]: R:32 G:96 B:192
Paleta[218]: R:64 G:96 B:192
Paleta[219]: R:96 G:96 B:192
Paleta[220]: R:128 G:96 B:192
Paleta[221]: R:160 G:96 B:192
Paleta[222]: R:192 G:96 B:192
Paleta[223]: R:224 G:96 B:192
Paleta[224]: R:0 G:128 B:192
Paleta[225]: R:32 G:128 B:192
Paleta[226]: R:64 G:128 B:192
Paleta[227]: R:96 G:128 B:192
Paleta[228]: R:128 G:128 B:192
Paleta[229]: R:160 G:128 B:192
Paleta[230]: R:192 G:128 B:192
Paleta[231]: R:224 G:128 B:192
Paleta[232]: R:0 G:160 B:192
Paleta[233]: R:32 G:160 B:192
Paleta[234]: R:64 G:160 B:192
Paleta[235]: R:96 G:160 B:192
Paleta[236]: R:128 G:160 B:192
Paleta[237]: R:160 G:160 B:192
Paleta[238]: R:192 G:160 B:192
Paleta[239]: R:224 G:160 B:192
Paleta[240]: R:0 G:192 B:192
Paleta[241]: R:32 G:192 B:192
Paleta[242]: R:64 G:192 B:192
Paleta[243]: R:96 G:192 B:192
Paleta[244]: R:128 G:192 B:192
Paleta[245]: R:160 G:192 B:192
Paleta[246]: R:255 G:251 B:240
Paleta[247]: R:160 G:160 B:164
Paleta[248]: R:128 G:128 B:128
Paleta[249]: R:255 G:0 B:0
Paleta[250]: R:0 G:255 B:0
Paleta[251]: R:255 G:255 B:0
Paleta[252]: R:0 G:0 B:255
Paleta[253]: R:255 G:0 B:255
Paleta[254]: R:0 G:255 B:255
Paleta[255]: R:255 G:255 B:255
Soma linha 0: 355918
Soma linha 1: 355351
Soma linha 2: 354996
Soma linha 3: 354700
Soma linha 4: 355054
Soma linha 5: 355723
Soma linha 6: 359683
Soma linha 7: 359792
Soma linha 8: 361605
Soma linha 9: 360948
Soma linha 10: 360366
Soma linha 11: 360834
Soma linha 12: 362709
Soma linha 13: 364533
Soma linha 14: 368181
Soma linha 15: 369582
Soma linha 16: 371441
Soma linha 17: 371970
Soma linha 18: 373904
Soma linha 19: 375492
Soma linha 20: 377482
Soma linha 21: 379943
Soma linha 22: 380367
Soma linha 23: 380688
Soma linha 24: 382133
Soma linha 25: 383206
Soma linha 26: 384879
Soma linha 27: 385412
Soma linha 28: 386235
Soma linha 29: 388483
Soma linha 30: 389661
Soma linha 31: 389844
Soma linha 32: 391436
Soma linha 33: 392118
Soma linha 34: 393888
Soma linha 35: 393829
Soma linha 36: 394288
Soma linha 37: 393497
Soma linha 38: 393967
Soma linha 39: 394316
Soma linha 40: 394774
Soma linha 41: 394787
Soma linha 42: 394855
Soma linha 43: 395118
Soma linha 44: 396845
Soma linha 45: 396882
Soma linha 46: 396278
Soma linha 47: 394911
Soma linha 48: 395219
Soma linha 49: 395471
Soma linha 50: 393612
Soma linha 51: 392737
Soma linha 52: 392662
Soma linha 53: 392388
Soma linha 54: 391550
Soma linha 55: 390993
Soma linha 56: 390401
Soma linha 57: 390032
Soma linha 58: 390047
Soma linha 59: 391307
Soma linha 60: 393011
Soma linha 61: 393103
Soma linha 62: 392995
Soma linha 63: 391951
Soma linha 64: 395134
Soma linha 65: 396586
Soma linha 66: 395616
Soma linha 67: 396611
Soma linha 68: 397654
Soma linha 69: 396091
Soma linha 70: 392571
Soma linha 71: 391749
Soma linha 72: 391858
Soma linha 73: 390239
Soma linha 74: 389765
Soma linha 75: 390756
Soma linha 76: 394724
Soma linha 77: 396679
Soma linha 78: 397240
Soma linha 79: 396970
Soma linha 80: 398920
Soma linha 81: 399283
Soma linha 82: 398494
Soma linha 83: 397105
Soma linha 84: 396364
Soma linha 85: 397679
Soma linha 86: 398108
Soma linha 87: 398480
Soma linha 88: 398216
Soma linha 89: 399045
Soma linha 90: 399963
Soma linha 91: 399097
Soma linha 92: 398239
Soma linha 93: 396483
Soma linha 94: 395656
Soma linha 95: 395258
Soma linha 96: 395927
Soma linha 97: 395749
Soma linha 98: 397432
Soma linha 99: 397125
Soma linha 100: 396855
Soma linha 101: 396463
Soma linha 102: 398219
Soma linha 103: 398422
Soma linha 104: 399671
Soma linha 105: 399944
Soma linha 106: 401777
Soma linha 107: 401875
Soma linha 108: 404433
Soma linha 109: 406565
Soma linha 110: 407900
Soma linha 111: 409047
Soma linha 112: 409871
Soma linha 113: 409728
Soma linha 114: 409781
Soma linha 115: 410212
Soma linha 116: 410694
Soma linha 117: 411529
Soma linha 118: 411483
Soma linha 119: 410643
Soma linha 120: 413990
Soma linha 121: 412255
Soma linha 122: 413419
Soma linha 123: 412520
Soma linha 124: 414327
Soma linha 125: 415671
Soma linha 126: 416652
Soma linha 127: 416570
Soma linha 128: 415390
Soma linha 129: 414916
Soma linha 130: 410182
Soma linha 131: 406767
Soma linha 132: 403553
Soma linha 133: 401935
Soma linha 134: 402734
Soma linha 135: 397918
Soma linha 136: 397325
Soma linha 137: 395553
Soma linha 138: 393712
Soma linha 139: 393973
Soma linha 140: 390330
Soma linha 141: 388440
Soma linha 142: 388296
Soma linha 143: 386214
Soma linha 144: 386971
Soma linha 145: 388164
Soma linha 146: 390305
Soma linha 147: 389859
Soma linha 148: 389294
Soma linha 149: 385918
Soma linha 150: 387049
Soma linha 151: 387468
Soma linha 152: 385327
Soma linha 153: 387618
Soma linha 154: 388310
Soma linha 155: 391131
Soma linha 156: 389875
Soma linha 157: 391034
Soma linha 158: 387834
Soma linha 159: 386582
Soma linha 160: 389250
Soma linha 161: 389003
Soma linha 162: 391449
Soma linha 163: 393220
Soma linha 164: 393540
Soma linha 165: 395076
Soma linha 166: 398707
Soma linha 167: 400496
Soma linha 168: 397032
Soma linha 169: 396054
Soma linha 170: 395104
Soma linha 171: 393346
Soma linha 172: 390719
Soma linha 173: 391053
Soma linha 174: 390254
Soma linha 175: 392543
Soma linha 176: 390006
Soma linha 177: 392021
Soma linha 178: 389879
Soma linha 179: 386682
Soma linha 180: 382820
Soma linha 181: 377637
Soma linha 182: 374320
Soma linha 183: 364684
Soma linha 184: 361605
Soma linha 185: 360520
Soma linha 186: 357136
Soma linha 187: 354843
Soma linha 188: 356145
Soma linha 189: 358825
Soma linha 190: 356993
Soma linha 191: 359214
Soma linha 192: 355842
Soma linha 193: 351075
Soma linha 194: 349015
Soma linha 195: 345961
Soma linha 196: 344519
Soma linha 197: 343431
Soma linha 198: 340353
Soma linha 199: 333465
Soma linha 200: 332527
Soma linha 201: 331456
Soma linha 202: 338368
Soma linha 203: 347133
Soma linha 204: 345922
Soma linha 205: 342354
Soma linha 206: 340683
Soma linha 207: 341712
Soma linha 208: 342728
Soma linha 209: 344672
Soma linha 210: 347410
Soma linha 211: 343973
Soma linha 212: 343785
Soma linha 213: 335990
Soma linha 214: 330847
Soma linha 215: 333861
Soma linha 216: 339603
Soma linha 217: 337486
Soma linha 218: 332475
Soma linha 219: 326303
Soma linha 220: 320980
Soma linha 221: 316319
Soma linha 222: 315633
Soma linha 223: 317186
Soma linha 224: 318605
Soma linha 225: 321302
Soma linha 226: 325117
Soma linha 227: 321007
Soma linha 228: 327628
Soma linha 229: 329920
Soma linha 230: 331363
Soma linha 231: 328673
Soma linha 232: 327968
Soma linha 233: 335483
Soma linha 234: 336299
Soma linha 235: 342558
Soma linha 236: 341262
Soma linha 237: 339491
Soma linha 238: 333769
Soma linha 239: 330839
Soma linha 240: 327962
Soma linha 241: 326542
Soma linha 242: 323609
Soma linha 243: 324692
Soma linha 244: 327088
Soma linha 245: 325516
Soma linha 246: 327434
Soma linha 247: 327835
Soma linha 248: 323451
Soma linha 249: 322376
Soma linha 250: 316788
Soma linha 251: 311635
Soma linha 252: 307299
Soma linha 253: 308515
Soma linha 254: 312021
Soma linha 255: 314478
Soma linha 256: 314451
Soma linha 257: 313083
Soma linha 258: 313864
Soma linha 259: 311012
Soma linha 260: 306982
Soma linha 261: 307987
Soma linha 262: 312306
Soma linha 263: 314169
Soma linha 264: 313754
Soma linha 265: 316984
Soma linha 266: 317583
Soma linha 267: 318929
Soma linha 268: 317793
Soma linha 269: 316635
Soma linha 270: 319785
Soma linha 271: 322660
Soma linha 272: 324362
Soma linha 273: 325351
Soma linha 274: 324551
Soma linha 275: 325675
Soma linha 276: 323735
Soma linha 277: 321946
Soma linha 278: 312283
Soma linha 279: 307802
Soma linha 280: 304284
Soma linha 281: 300252
Soma linha 282: 297186
Soma linha 283: 294944
Soma linha 284: 291754
Soma linha 285: 295073
Soma linha 286: 289729
Soma linha 287: 286670
Soma linha 288: 283675
Soma linha 289: 287484
Soma linha 290: 277123
Soma linha 291: 278387
Soma linha 292: 279036
Soma linha 293: 287443
Soma linha 294: 292425
Soma linha 295: 294909
Soma linha 296: 291488
Soma linha 297: 287226
Soma linha 298: 284955
Soma linha 299: 273638
Soma linha 300: 266712
Soma linha 301: 262704
Soma linha 302: 253354
Soma linha 303: 244589
Soma linha 304: 243169
Soma linha 305: 239377
Soma linha 306: 234074
Soma linha 307: 229135
Soma linha 308: 227406
Soma linha 309: 221541
Soma linha 310: 226011
Soma linha 311: 231776
Soma linha 312: 233706
Soma linha 313: 237457
Soma linha 314: 239552
Soma linha 315: 232221
Soma linha 316: 230967
Soma linha 317: 233998
Soma linha 318: 230767
Soma linha 319: 234545
Soma linha 320: 230543
Soma linha 321: 227194
Soma linha 322: 224228
Soma linha 323: 219713
Soma linha 324: 222349
Soma linha 325: 223877
Soma linha 326: 220543
Soma linha 327: 220337
Soma linha 328: 223915
Soma linha 329: 227797
Soma linha 330: 227373
Soma linha 331: 230117
Soma linha 332: 232742
Soma linha 333: 231230
Soma linha 334: 226634
Soma linha 335: 231589
Soma linha 336: 227707
Soma linha 337: 228092
Soma linha 338: 231840
Soma linha 339: 235083
Soma linha 340: 231317
Soma linha 341: 227644
Soma linha 342: 223403
Soma linha 343: 228738
Soma linha 344: 230012
Soma linha 345: 222221
Soma linha 346: 216644
Soma linha 347: 218857
Soma linha 348: 223975
Soma linha 349: 217464
Soma linha 350: 215722
Soma linha 351: 212070
Soma linha 352: 207029
Soma linha 353: 199908
Soma linha 354: 200945
Soma linha 355: 207692
Soma linha 356: 203324
Soma linha 357: 194458
Soma linha 358: 190885
Soma linha 359: 192523
Soma linha 360: 199762
Soma linha 361: 200444
Soma linha 362: 200817
Soma linha 363: 202207
Soma linha 364: 205600
Soma linha 365: 200872
Soma linha 366: 196880
Soma linha 367: 203540
Soma linha 368: 201919
Soma linha 369: 199718
Soma linha 370: 197837
Soma linha 371: 199615
Soma linha 372: 195663
Soma linha 373: 191531
Soma linha 374: 178830
Soma linha 375: 179367
Soma linha 376: 169850
Soma linha 377: 162584
Soma linha 378: 152842
Soma linha 379: 152044
Soma linha 380: 153280
Soma linha 381: 150431
Soma linha 382: 146370
Soma linha 383: 144073
Soma linha 384: 140557
Soma linha 385: 138101
Soma linha 386: 141345
Soma linha 387: 147587
Soma linha 388: 149689
Soma linha 389: 145203
Soma linha 390: 147983
Soma linha 391: 156053
Soma linha 392: 157877
Soma linha 393: 161294
Soma linha 394: 158825
Soma linha 395: 178292
Soma linha 396: 178191
Soma linha 397: 171636
Soma linha 398: 155422
Soma linha 399: 148329
Soma linha 400: 148894
Soma linha 401: 152396
Soma linha 402: 162785
Soma linha 403: 162689
Soma linha 404: 167845
Soma linha 405: 184712
Soma linha 406: 183190
Soma linha 407: 178403
Soma linha 408: 180914
Soma linha 409: 175358
Soma linha 410: 172544
Soma linha 411: 172378
Soma linha 412: 174641
Soma linha 413: 185012
Soma linha 414: 174178
Soma linha 415: 172653
Soma linha 416: 176197
Soma linha 417: 170428
Soma linha 418: 162573
Soma linha 419: 155727
Soma linha 420: 151183
Soma linha 421: 146529
Soma linha 422: 149757
Soma linha 423: 165118
Soma linha 424: 164398
Soma linha 425: 163474
Soma linha 426: 154843
Soma linha 427: 153460
Soma linha 428: 157323
Soma linha 429: 163159
Soma linha 430: 160058
Soma linha 431: 167923
Soma linha 432: 167284
Soma linha 433: 170938
Soma linha 434: 177486
Soma linha 435: 175713
Soma linha 436: 170736
Soma linha 437: 174345
Soma linha 438: 171246
Soma linha 439: 161935
Soma linha 440: 165521
Soma linha 441: 163673
Soma linha 442: 168614
Soma linha 443: 171861
Soma linha 444: 167794
Soma linha 445: 179391
Soma linha 446: 179050
Soma linha 447: 179492
Soma linha 448: 176712
Soma linha 449: 176550
Soma linha 450: 178137
Soma linha 451: 177582
Soma linha 452: 173092
Soma linha 453: 174588
Soma linha 454: 178136
Soma linha 455: 183486
Soma linha 456: 191261
Soma linha 457: 189405
Soma linha 458: 186753
Soma linha 459: 182699
Soma linha 460: 180607
Soma linha 461: 180339
Soma linha 462: 175306
Soma linha 463: 178290
Soma linha 464: 175621
Soma linha 465: 172219
Soma linha 466: 164749
Soma linha 467: 166696
Soma linha 468: 164254
Soma linha 469: 169431
Soma linha 470: 163885
Soma linha 471: 167926
Soma linha 472: 172457
Soma linha 473: 169599
Soma linha 474: 167799
Soma linha 475: 168075
Soma linha 476: 166982
Soma linha 477: 174049
Soma linha 478: 171663
Soma linha 479: 175705
Soma linha 480: 175663
Soma linha 481: 175647
Soma linha 482: 168890
Soma linha 483: 168042
Soma linha 484: 164944
Soma linha 485: 170077
Soma linha 486: 174033
Soma linha 487: 175240
Soma linha 488: 177093
Soma linha 489: 179315
Soma linha 490: 179313
Soma linha 491: 174855
Soma linha 492: 172020
Soma linha 493: 173171
Soma linha 494: 172168
Soma linha 495: 177925
Soma linha 496: 176712
Soma linha 497: 180901
Soma linha 498: 178093
Soma linha 499: 172996
Soma linha 500: 175230
Soma linha 501: 178171
Soma linha 502: 169534
Soma linha 503: 172393
Soma linha 504: 172585
Soma linha 505: 171360
Soma linha 506: 176394
Soma linha 507: 177670
Soma linha 508: 176357
Soma linha 509: 176696
Soma linha 510: 174853
Soma linha 511: 180351
Soma linha 512: 179417
Soma linha 513: 175605
Soma linha 514: 170967
Soma linha 515: 174420
Soma linha 516: 175131
Soma linha 517: 179935
Soma linha 518: 173242
Soma linha 519: 176414
Soma linha 520: 177479
Soma linha 521: 176766
Soma linha 522: 178378
Soma linha 523: 176554
Soma linha 524: 177015
Soma linha 525: 178398
Soma linha 526: 178186
Soma linha 527: 171706
Soma linha 528: 172719
Soma linha 529: 167525
Soma linha 530: 166362
Soma linha 531: 162598
Soma linha 532: 158923
Soma linha 533: 161550
Soma linha 534: 161738
Soma linha 535: 161746
Soma linha 536: 165164
Soma linha 537: 163382
Soma linha 538: 162695
Soma linha 539: 168018
Soma linha 540: 169283
Soma linha 541: 170901
Soma linha 542: 164554
Soma linha 543: 169068
Soma linha 544: 166172
Soma linha 545: 169744
Soma linha 546: 170489
Soma linha 547: 170964
Soma linha 548: 169664
Soma linha 549: 171847
Soma linha 550: 171333
Soma linha 551: 168392
Soma linha 552: 167247
Soma linha 553: 164857
Soma linha 554: 160196
Soma linha 555: 165539
Soma linha 556: 167427
Soma linha 557: 173564
Soma linha 558: 174653
Soma linha 559: 184920
Soma linha 560: 188152
Soma linha 561: 195732
Soma linha 562: 199416
Soma linha 563: 206291
Soma linha 564: 194214
Soma linha 565: 198204
Soma linha 566: 194982
Soma linha 567: 195366
Soma linha 568: 196310
Soma linha 569: 196349
Soma linha 570: 194858
Soma linha 571: 192240
Soma linha 572: 188132
Soma linha 573: 189051
Soma linha 574: 184261
Soma linha 575: 189069
Soma linha 576: 191131
Soma linha 577: 194324
Soma linha 578: 192930
Soma linha 579: 191837
Soma linha 580: 182922
Soma linha 581: 185406
Soma linha 582: 183092
Soma linha 583: 176563
Soma linha 584: 177747
Soma linha 585: 179063
Soma linha 586: 181005
Soma linha 587: 179776
Soma linha 588: 173931
Soma linha 589: 174566
Soma linha 590: 167581
Soma linha 591: 171371
Soma linha 592: 163380
Soma linha 593: 159739
Soma linha 594: 157987
Soma linha 595: 158903
Soma linha 596: 163521
Soma linha 597: 164947
Soma linha 598: 166796
Soma linha 599: 168636
Soma linha 600: 168494
Soma linha 601: 164994
Soma linha 602: 165700
Soma linha 603: 165241
Soma linha 604: 167899
Soma linha 605: 171733
Soma linha 606: 172412
Soma linha 607: 171109
Soma linha 608: 171772
Soma linha 609: 171060
Soma linha 610: 170810
Soma linha 611: 172649
Soma linha 612: 169757
Soma linha 613: 166741
Soma linha 614: 160038
Soma linha 615: 159190
Soma linha 616: 162303
Soma linha 617: 162530
Soma linha 618: 159181
Soma linha 619: 160853
Soma linha 620: 159393
Soma linha 621: 161534
Soma linha 622: 163511
Soma linha 623: 163686
Soma linha 624: 165542
Soma linha 625: 170105
Soma linha 626: 172877
Soma linha 627: 172774
Soma linha 628: 171728
Soma linha 629: 175123
Soma linha 630: 163788
Soma linha 631: 156408
Soma linha 632: 157566
Soma linha 633: 157177
Soma linha 634: 154961
Soma linha 635: 142215
Soma linha 636: 141277
Soma linha 637: 142754
Soma linha 638: 140246
Soma linha 639: 145280
Soma linha 640: 142486
Soma linha 641: 139855
Soma linha 642: 137875
Soma linha 643: 136106
Soma linha 644: 128906
Soma linha 645: 134194
Soma linha 646: 132765
Soma linha 647: 132594
Soma linha 648: 136895
Soma linha 649: 132224
Soma linha 650: 134677
Soma linha 651: 139529
Soma linha 652: 136613
Soma linha 653: 139642
Soma linha 654: 142426
Soma linha 655: 140780
Soma linha 656: 144463
Soma linha 657: 144390
Soma linha 658: 144829
Soma linha 659: 142161
Soma linha 660: 154333
Soma linha 661: 155564
Soma linha 662: 160422
Soma linha 663: 157953
Soma linha 664: 157634
Soma linha 665: 151760
Soma linha 666: 154026
Soma linha 667: 155774
Soma linha 668: 162830
Soma linha 669: 163401
Soma linha 670: 162882
Soma linha 671: 163018
Soma linha 672: 163857
Soma linha 673: 160186
Soma linha 674: 153776
Soma linha 675: 156533
Soma linha 676: 158396
Soma linha 677: 160813
Soma linha 678: 149648
Soma linha 679: 158172
Soma linha 680: 153418
Soma linha 681: 150521
Soma linha 682: 155719
Soma linha 683: 155703
Soma linha 684: 157599
Soma linha 685: 150906
Soma linha 686: 156573
Soma linha 687: 157128
Soma linha 688: 158850
Soma linha 689: 150759
Soma linha 690: 150611
Soma linha 691: 150585
Soma linha 692: 151402
Soma linha 693: 148745
Soma linha 694: 146659
Soma linha 695: 145442
Soma linha 696: 140768
Soma linha 697: 137601
Soma linha 698: 141541
Soma linha 699: 141660
Soma linha 700: 135091
Soma linha 701: 135390
Soma linha 702: 141178
Soma linha 703: 140809
Soma linha 704: 145891
Soma linha 705: 153406
Soma linha 706: 151800
Soma linha 707: 150925
Soma linha 708: 147301
Soma linha 709: 153839
Soma linha 710: 145926
Soma linha 711: 153030
Soma linha 712: 151791
Soma linha 713: 152455
Soma linha 714: 148857
Soma linha 715: 153481
Soma linha 716: 155925
Soma linha 717: 158341
Soma linha 718: 153163
Soma linha 719: 147533
Soma linha 720: 149218
Soma linha 721: 145489
Soma linha 722: 150613
Soma linha 723: 148286
Soma linha 724: 149000
Soma linha 725: 150817
Soma linha 726: 144533
Soma linha 727: 148707
Soma linha 728: 152282
Soma linha 729: 148406
Soma linha 730: 141477
Soma linha 731: 146821
Soma linha 732: 144922
Soma linha 733: 138354
Soma linha 734: 143701
Soma linha 735: 148939
Soma linha 736: 150173
Soma linha 737: 140380
Soma linha 738: 145757
Soma linha 739: 146653
Soma linha 740: 146092
Soma linha 741: 153704
Soma linha 742: 150660
Soma linha 743: 151794
Soma linha 744: 156772
Soma linha 745: 158924
Soma linha 746: 159549
Soma linha 747: 161911
Soma linha 748: 166377
Soma linha 749: 157345
Soma linha 750: 156873
Soma linha 751: 154822
Soma linha 752: 165579
Soma linha 753: 163986
Soma linha 754: 163448
Soma linha 755: 161488
Soma linha 756: 168679
Soma linha 757: 175633
Soma linha 758: 172403
Soma linha 759: 172492
Soma linha 760: 173460
Soma linha 761: 174437
Soma linha 762: 178617
Soma linha 763: 176445
Soma linha 764: 175835
Soma linha 765: 173132
Soma linha 766: 176742
Soma linha 767: 181242
Soma linha 768: 178273
Soma linha 769: 174768
Soma linha 770: 177989
Soma linha 771: 177556
Soma linha 772: 177398
Soma linha 773: 176689
Soma linha 774: 173317
Soma linha 775: 177265
Soma linha 776: 176117
Soma linha 777: 173951
Soma linha 778: 171898
Soma linha 779: 175458
Soma linha 780: 175879
Soma linha 781: 179754
Soma linha 782: 184832
Soma linha 783: 182984
Soma linha 784: 178438
Soma linha 785: 181657
Soma linha 786: 185858
Soma linha 787: 184490
Soma linha 788: 189646
Soma linha 789: 188973
Soma linha 790: 184788
Soma linha 791: 190107
Soma linha 792: 189755
Soma linha 793: 188472
Soma linha 794: 188939
Soma linha 795: 188983
Soma linha 796: 187839
Soma linha 797: 191417
Soma linha 798: 192183
Soma linha 799: 192555
Soma linha 800: 196627
Soma linha 801: 197452
Soma linha 802: 193768
Soma linha 803: 194566
Soma linha 804: 197376
Soma linha 805: 202003
Soma linha 806: 201108
Soma linha 807: 201321
Soma linha 808: 202361
Soma linha 809: 203122
Soma linha 810: 203364
Soma linha 811: 199903
Soma linha 812: 196857
Soma linha 813: 196163
Soma linha 814: 194482
Soma linha 815: 193777
Soma linha 816: 201941
Soma linha 817: 199813
Soma linha 818: 200832
Soma linha 819: 201768
Soma linha 820: 196869
Soma linha 821: 197331
Soma linha 822: 194643
Soma linha 823: 198971
Soma linha 824: 202800
Soma linha 825: 202333
Soma linha 826: 199181
Soma linha 827: 197838
Soma linha 828: 200298
Soma linha 829: 202931
Soma linha 830: 202229
Soma linha 831: 206174
Soma linha 832: 208827
Soma linha 833: 207789
Soma linha 834: 214591
Soma linha 835: 216056
Soma linha 836: 215744
Soma linha 837: 217605
Soma linha 838: 217844
Soma linha 839: 217582
Soma linha 840: 220385
Soma linha 841: 221791
Soma linha 842: 226026
Soma linha 843: 228370
Soma linha 844: 229806
Soma linha 845: 235740
Soma linha 846: 235859
Soma linha 847: 231815
Soma linha 848: 232305
Soma linha 849: 227362
Soma linha 850: 234198
Soma linha 851: 235551
Soma linha 852: 228652
Soma linha 853: 231649
Soma linha 854: 235224
Soma linha 855: 235520
Soma linha 856: 236043
Soma linha 857: 236336
Soma linha 858: 240001
Soma linha 859: 235274
Soma linha 860: 234908
Soma linha 861: 235396
Soma linha 862: 232971
Soma linha 863: 237380
Soma linha 864: 236838
Soma linha 865: 235512
Soma linha 866: 235219
Soma linha 867: 238409
Soma linha 868: 235570
Soma linha 869: 232195
Soma linha 870: 234556
Soma linha 871: 238362
Soma linha 872: 233718
Soma linha 873: 235833
Soma linha 874: 233301
Soma linha 875: 237496
Soma linha 876: 237659
Soma linha 877: 239943
Soma linha 878: 244599
Soma linha 879: 242947
Soma linha 880: 239609
Soma linha 881: 239844
Soma linha 882: 242901
Soma linha 883: 242988
Soma linha 884: 239523
Soma linha 885: 238905
Soma linha 886: 234346
Soma linha 887: 234526
Soma linha 888: 232966
Soma linha 889: 231371
Soma linha 890: 234639
Soma linha 891: 232155
Soma linha 892: 233554
Soma linha 893: 234061
Soma linha 894: 231381
Soma linha 895: 229541
Soma linha 896: 230608
Soma linha 897: 231757
Soma linha 898: 230753
Soma linha 899: 230679
Soma linha 900: 229401
Soma linha 901: 230987
Soma linha 902: 231251
Soma linha 903: 234148
Soma linha 904: 232155
Soma linha 905: 230938
Soma linha 906: 234309
Soma linha 907: 234889
Soma linha 908: 232911
Soma linha 909: 235651
Soma linha 910: 232183
Soma linha 911: 233181
Soma linha 912: 239497
Soma linha 913: 242572
Soma linha 914: 238188
Soma linha 915: 238505
Soma linha 916: 240037
Soma linha 917: 230271
Soma linha 918: 230884
Soma linha 919: 232332
Soma linha 920: 235313
Soma linha 921: 233799
Soma linha 922: 231071
Soma linha 923: 229786
Soma linha 924: 232310
Soma linha 925: 235987
Soma linha 926: 234309
Soma linha 927: 231514
Soma linha 928: 226403
Soma linha 929: 224313
Soma linha 930: 226339
Soma linha 931: 230537
Soma linha 932: 226029
Soma linha 933: 229368
Soma linha 934: 224836
Soma linha 935: 227467
Soma linha 936: 226302
Soma linha 937: 221009
Soma linha 938: 216737
Soma linha 939: 215310
Soma linha 940: 214690
Soma linha 941: 218082
Soma linha 942: 218919
Soma linha 943: 216927
Soma linha 944: 213067
Soma linha 945: 211012
Soma linha 946: 209905
Soma linha 947: 207738
Soma linha 948: 206073
Soma linha 949: 211436
Soma linha 950: 208604
Soma linha 951: 207407
Soma linha 952: 209181
Soma linha 953: 207223
Soma linha 954: 207000
Soma linha 955: 207561
Soma linha 956: 204897
Soma linha 957: 205353
Soma linha 958: 206006
Soma linha 959: 208465
Soma linha 960: 207107
Soma linha 961: 204692
Soma linha 962: 206801
Soma linha 963: 206984
Soma linha 964: 206620
Soma linha 965: 206921
Soma linha 966: 203081
Soma linha 967: 205050
Soma linha 968: 205085
Soma linha 969: 204569
Soma linha 970: 203831
Soma linha 971: 205660
Soma linha 972: 200509
Soma linha 973: 198833
Soma linha 974: 199145
Soma linha 975: 196952
Soma linha 976: 193592
Soma linha 977: 188991
Soma linha 978: 187420
Soma linha 979: 186476
Soma linha 980: 184260
Soma linha 981: 186353
Soma linha 982: 181667
Soma linha 983: 180390
Soma linha 984: 181556
Soma linha 985: 180719
Soma linha 986: 179869
Soma linha 987: 178977
Soma linha 988: 176624
Soma linha 989: 175813
Soma linha 990: 174701
Soma linha 991: 171209
Soma linha 992: 167719
Soma linha 993: 167716
Soma linha 994: 167171
Soma linha 995: 164897
Soma linha 996: 165148
Soma linha 997: 166756
Soma linha 998: 166110
Soma linha 999: 163178
Soma linha 1000: 160076
Soma linha 1001: 158381
Soma linha 1002: 157985
Soma linha 1003: 156825
Soma linha 1004: 157355
Soma linha 1005: 158022
Soma linha 1006: 156273
Soma linha 1007: 153357
Soma linha 1008: 150946
Soma linha 1009: 149320
Soma linha 1010: 148039
Soma linha 1011: 146820
Soma linha 1012: 145322
Soma linha 1013: 145452
Soma linha 1014: 145092
Soma linha 1015: 146973
Soma linha 1016: 147146
Soma linha 1017: 150568
Soma linha 1018: 150867
Soma linha 1019: 151107
Soma linha 1020: 152521
Soma linha 1021: 152261
Soma linha 1022: 150760
Soma linha 1023: 150378
Soma linha 1024: 149368
Soma linha 1025: 150283
Soma linha 1026: 150613
Soma linha 1027: 148967
Soma linha 1028: 146102
Soma linha 1029: 146017
Soma linha 1030: 148234
Soma linha 1031: 152684
Soma linha 1032: 153220
Soma linha 1033: 151936
Soma linha 1034: 152541
Soma linha 1035: 152923
Soma linha 1036: 152746
Soma linha 1037: 153838
Soma linha 1038: 153341
Soma linha 1039: 152282
Soma linha 1040: 150848
Soma linha 1041: 149236
Soma linha 1042: 163078
Soma linha 1043: 171818
Soma linha 1044: 172373
Soma linha 1045: 164463
Soma linha 1046: 163549
Soma linha 1047: 161318
Soma linha 1048: 160159
Soma linha 1049: 158102
Soma linha 1050: 163723
Soma linha 1051: 163714
Soma linha 1052: 161429
Soma linha 1053: 157399
Soma linha 1054: 157201
Soma linha 1055: 157538
Soma linha 1056: 157413
Soma linha 1057: 160202
Soma linha 1058: 163938
Soma linha 1059: 167438
Soma linha 1060: 168867
Soma linha 1061: 164776
Soma linha 1062: 160836
Soma linha 1063: 143260
Soma linha 1064: 143653
Soma linha 1065: 146845
Soma linha 1066: 145405
Soma linha 1067: 147801
Soma linha 1068: 147617
Soma linha 1069: 145529
Soma linha 1070: 146214
Soma linha 1071: 138234
Soma linha 1072: 136193
Soma linha 1073: 141881
Soma linha 1074: 147869
Soma linha 1075: 151761
Soma linha 1076: 150134
Soma linha 1077: 147747
Soma linha 1078: 147552
Soma linha 1079: 147254
paisagemNegativo.bmp