CABECALHO:
Iniciais: BM
Tamanho do arquivo: 811078
Reservado: 0
Deslocamento, em bytes, para o inicio da area de dados: 1078
Tamanho em bytes do segundo cabecalho: 40
Resolucao: 1200 x 675
Numero de planos: 1
Bits por pixel: 8
Compressao usada: 0
Tamanho imagem: 810000
Resolucao horizontal: 4724 pixel por metro
Resolucao Vertical: 4724 pixel por metro
Numero de cores usadas: 0
Numero de cores importantes: 0
PALETA ORIGINAL:
Paleta[0]: R:0 G:0 B:0
Paleta[1]: R:128 G:0 B:0
Paleta[2]: R:0 G:128 B:0
Paleta[3]: R:128 G:128 B:0
Paleta[4]: R:0 G:0 B:128
Paleta[5]: R:128 G:0 B:128
Paleta[6]: R:0 G:128 B:128
Paleta[7]: R:192 G:192 B:192
Paleta[8]: R:192 G:220 B:192
Paleta[9]: R:166 G:202 B:240
Paleta[10]: R:64 G:32 B:0
Paleta[11]: R:96 G:32 B:0
Paleta[12]: R:128 G:32 B:0
Paleta[13]: R:160 G:32 B:0
Paleta[14]: R:192 G:32 B:0
Paleta[15]: R:224 G:32 B:0
Paleta[16]: R:0 G:64 B:0
Paleta[17]: R:32 G:64 B:0
Paleta[18]: R:64 G:64 B:0
Paleta[19]: R:96 G:64 B:0
Paleta[20]: R:128 G:64 B:0
Paleta[21]: R:160 G:64 B:0
Paleta[22]: R:192 G:64 B:0
Paleta[23]: R:224 G:64 B:0
Paleta[24]: R:0 G:96 B:0
Paleta[25]: R:32 G:96 B:0
Paleta[26]: R:64 G:96 B:0
Paleta[27]: R:96 G:96 B:0
Paleta[28]: R:128 G:96 B:0
Paleta[29]: R:160 G:96 B:0
Paleta[30]: R:192 G:96 B:0
Paleta[31]: R:224 G:96 B:0
Paleta[32]: R:0 G:128 B:0
Paleta[33]: R:32 G:128 B:0
Paleta[34]: R:64 G:128 B:0
Paleta[35]: R:96 G:128 B:0
Paleta[36]: R:128 G:128 B:0
Paleta[37]: R:160 G:128 B:0
Paleta[38]: R:192 G:128 B:0
Paleta[39]: R:224 G:128 B:0
Paleta[40]: R:0 G:160 B:0
Paleta[41]: R:32 G:160 B:0
Paleta[42]: R:64 G:160 B:0
Paleta[43]: R:96 G:160 B:0
Paleta[44]: R:128 G:160 B:0
Paleta[45]: R:160 G:160 B:0
Paleta[46]: R:192 G:160 B:0
Paleta[47]: R:224 G:160 B:0
Paleta[48]: R:0 G:192 B:0
Paleta[49]: R:32 G:192 B:0
Paleta[50]: R:64 G:192 B:0
Paleta[51]: R:96 G:192 B:0
Paleta[52]: R:128 G:192 B:0
Paleta[53]: R:160 G:192 B:0
Paleta[54]: R:192 G:192 B:0
Paleta[55]: R:224 G:192 B:0
Paleta[56]: R:0 G:224 B:0
Paleta[57]: R:32 G:224 B:0
Paleta[58]: R:64 G:224 B:0
Paleta[59]: R:96 G:224 B:0
Paleta[60]: R:128 G:224 B:0
Paleta[61]: R:160 G:224 B:0
Paleta[62]: R:192 G:224 B:0
Paleta[63]: R:224 G:224 B:0
Paleta[64]: R:0 G:0 B:64
Paleta[65]: R:32 G:0 B:64
Paleta[66]: R:64 G:0 B:64
Paleta[67]: R:96 G:0 B:64
Paleta[68]: R:128 G:0 B:64
Paleta[69]: R:160 G:0 B:64
Paleta[70]: R:192 G:0 B:64
Paleta[71]: R:224 G:0 B:64
Paleta[72]: R:0 G:32 B:64
Paleta[73]: R:32 G:32 B:64
Paleta[74]: R:64 G:32 B:64
Paleta[75]: R:96 G:32 B:64
Paleta[76]: R:128 G:32 B:64
Paleta[77]: R:160 G:32 B:64
Paleta[78]: R:192 G:32 B:64
Paleta[79]: R:224 G:32 B:64
Paleta[80]: R:0 G:64 B:64
Paleta[81]: R:32 G:64 B:64
Paleta[82]: R:64 G:64 B:64
Paleta[83]: R:96 G:64 B:64
Paleta[84]: R:128 G:64 B:64
Paleta[85]: R:160 G:64 B:64
Paleta[86]: R:192 G:64 B:64
Paleta[87]: R:224 G:64 B:64
Paleta[88]: R:0 G:96 B:64
Paleta[89]: R:32 G:96 B:64
Paleta[90]: R:64 G:96 B:64
Paleta[91]: R:96 G:96 B:64
Paleta[92]: R:128 G:96 B:64
Paleta[93]: R:160 G:96 B:64
Paleta[94]: R:192 G:96 B:64
Paleta[95]: R:224 G:96 B:64
Paleta[96]: R:0 G:128 B:64
Paleta[97]: R:32 G:128 B:64
Paleta[98]: R:64 G:128 B:64
Paleta[99]: R:96 G:128 B:64
Paleta[100]: R:128 G:128 B:64
Paleta[101]: R:160 G:128 B:64
Paleta[102]: R:192 G:128 B:64
Paleta[103]: R:224 G:128 B:64
Paleta[104]: R:0 G:160 B:64
Paleta[105]: R:32 G:160 B:64
Paleta[106]: R:64 G:160 B:64
Paleta[107]: R:96 G:160 B:64
Paleta[108]: R:128 G:160 B:64
Paleta[109]: R:160 G:160 B:64
Paleta[110]: R:192 G:160 B:64
Paleta[111]: R:224 G:160 B:64
Paleta[112]: R:0 G:192 B:64
Paleta[113]: R:32 G:192 B:64
Paleta[114]: R:64 G:192 B:64
Paleta[115]: R:96 G:192 B:64
Paleta[116]: R:128 G:192 B:64
Paleta[117]: R:160 G:192 B:64
Paleta[118]: R:192 G:192 B:64
Paleta[119]: R:224 G:192 B:64
Paleta[120]: R:0 G:224 B:64
Paleta[121]: R:32 G:224 B:64
Paleta[122]: R:64 G:224 B:64
Paleta[123]: R:96 G:224 B:64
Paleta[124]: R:128 G:224 B:64
Paleta[125]: R:160 G:224 B:64
Paleta[126]: R:192 G:224 B:64
Paleta[127]: R:224 G:224 B:64
Paleta[128]: R:0 G:0 B:128
Paleta[129]: R:32 G:0 B:128
Paleta[130]: R:64 G:0 B:128
Paleta[131]: R:96 G:0 B:128
Paleta[132]: R:128 G:0 B:128
Paleta[133]: R:160 G:0 B:128
Paleta[134]: R:192 G:0 B:128
Paleta[135]: R:224 G:0 B:128
Paleta[136]: R:0 G:32 B:128
Paleta[137]: R:32 G:32 B:128
Paleta[138]: R:64 G:32 B:128
Paleta[139]: R:96 G:32 B:128
Paleta[140]: R:128 G:32 B:128
Paleta[141]: R:160 G:32 B:128
Paleta[142]: R:192 G:32 B:128
Paleta[143]: R:224 G:32 B:128
Paleta[144]: R:0 G:64 B:128
Paleta[145]: R:32 G:64 B:128
Paleta[146]: R:64 G:64 B:128
Paleta[147]: R:96 G:64 B:128
Paleta[148]: R:128 G:64 B:128
Paleta[149]: R:160 G:64 B:128
Paleta[150]: R:192 G:64 B:128
Paleta[151]: R:224 G:64 B:128
Paleta[152]: R:0 G:96 B:128
Paleta[153]: R:32 G:96 B:128
Paleta[154]: R:64 G:96 B:128
Paleta[155]: R:96 G:96 B:128
Paleta[156]: R:128 G:96 B:128
Paleta[157]: R:160 G:96 B:128
Paleta[158]: R:192 G:96 B:128
Paleta[159]: R:224 G:96 B:128
Paleta[160]: R:0 G:128 B:128
Paleta[161]: R:32 G:128 B:128
Paleta[162]: R:64 G:128 B:128
Paleta[163]: R:96 G:128 B:128
Paleta[164]: R:128 G:128 B:128
Paleta[165]: R:160 G:128 B:128
Paleta[166]: R:192 G:128 B:128
Paleta[167]: R:224 G:128 B:128
Paleta[168]: R:0 G:160 B:128
Paleta[169]: R:32 G:160 B:128
Paleta[170]: R:64 G:160 B:128
Paleta[171]: R:96 G:160 B:128
Paleta[172]: R:128 G:160 B:128
Paleta[173]: R:160 G:160 B:128
Paleta[174]: R:192 G:160 B:128
Paleta[175]: R:224 G:160 B:128
Paleta[176]: R:0 G:192 B:128
Paleta[177]: R:32 G:192 B:128
Paleta[178]: R:64 G:192 B:128
Paleta[179]: R:96 G:192 B:128
Paleta[180]: R:128 G:192 B:128
Paleta[181]: R:160 G:192 B:128
Paleta[182]: R:192 G:192 B:128
Paleta[183]: R:224 G:192 B:128
Paleta[184]: R:0 G:224 B:128
Paleta[185]: R:32 G:224 B:128
Paleta[186]: R:64 G:224 B:128
Paleta[187]: R:96 G:224 B:128
Paleta[188]: R:128 G:224 B:128
Paleta[189]: R:160 G:224 B:128
Paleta[190]: R:192 G:224 B:128
Paleta[191]: R:224 G:224 B:128
Paleta[192]: R:0 G:0 B:192
Paleta[193]: R:32 G:0 B:192
Paleta[194]: R:64 G:0 B:192
Paleta[195]: R:96 G:0 B:192
Paleta[196]: R:128 G:0 B:192
Paleta[197]: R:160 G:0 B:192
Paleta[198]: R:192 G:0 B:192
Paleta[199]: R:224 G:0 B:192
Paleta[200]: R:0 G:32 B:192
Paleta[201]: R:32 G:32 B:192
Paleta[202]: R:64 G:32 B:192
Paleta[203]: R:96 G:32 B:192
Paleta[204]: R:128 G:32 B:192
Paleta[205]: R:160 G:32 B:192
Paleta[206]: R:192 G:32 B:192
Paleta[207]: R:224 G:32 B:192
Paleta[208]: R:0 G:64 B:192
Paleta[209]: R:32 G:64 B:192
Paleta[210]: R:64 G:64 B:192
Paleta[211]: R:96 G:64 B:192
Paleta[212]: R:128 G:64 B:192
Paleta[213]: R:160 G:64 B:192
Paleta[214]: R:192 G:64 B:192
Paleta[215]: R:224 G:64 B:192
Paleta[216]: R:0 G:96 B:192
Paleta[217]: R:32 G:96 B:192
Paleta[218]: R:64 G:96 B:192
Paleta[219]: R:96 G:96 B:192
Paleta[220]: R:128 G:96 B:192
Paleta[221]: R:160 G:96 B:192
Paleta[222]: R:192 G:96 B:192
Paleta[223]: R:224 G:96 B:192
Paleta[224]: R:0 G:128 B:192
Paleta[225]: R:32 G:128 B:192
Paleta[226]: R:64 G:128 B:192
Paleta[227]: R:96 G:128 B:192
Paleta[228]: R:128 G:128 B:192
Paleta[229]: R:160 G:128 B:192
Paleta[230]: R:192 G:128 B:192
Paleta[231]: R:224 G:128 B:192
Paleta[232]: R:0 G:160 B:192
Paleta[233]: R:32 G:160 B:192
Paleta[234]: R:64 G:160 B:192
Paleta[235]: R:96 G:160 B:192
Paleta[236]: R:128 G:160 B:192
Paleta[237]: R:160 G:160 B:192
Paleta[238]: R:192 G:160 B:192
Paleta[239]: R:224 G:160 B:192
Paleta[240]: R:0 G:192 B:192
Paleta[241]: R:32 G:192 B:192
Paleta[242]: R:64 G:192 B:192
Paleta[243]: R:96 G:192 B:192
Paleta[244]: R:128 G:192 B:192
Paleta[245]: R:160 G:192 B:192
Paleta[246]: R:255 G:251 B:240
Paleta[247]: R:160 G:160 B:164
Paleta[248]: R:128 G:128 B:128
Paleta[249]: R:255 G:0 B:0
Paleta[250]: R:0 G:255 B:0
Paleta[251]: R:255 G:255 B:0
Paleta[252]: R:0 G:0 B:255
Paleta[253]: R:255 G:0 B:255
Paleta[254]: R:0 G:255 B:255
Paleta[255]: R:255 G:255 B:255
PALETA NOVA:
Paleta[0]: R:0 G:0 B:0
Paleta[1]: R:42 G:42 B:42
Paleta[2]: R:42 G:42 B:42
Paleta[3]: R:85 G:85 B:85
Paleta[4]: R:42 G:42 B:42
Paleta[5]: R:85 G:85 B:85
Paleta[6]: R:85 G:85 B:85
Paleta[7]: R:192 G:192 B:192
Paleta[8]: R:201 G:201 B:201
Paleta[9]: R:202 G:202 B:202
Paleta[10]: R:32 G:32 B:32
Paleta[11]: R:42 G:42 B:42
Paleta[12]: R:53 G:53 B:53
Paleta[13]: R:64 G:64 B:64
Paleta[14]: R:74 G:74 B:74
Paleta[15]: R:85 G:85 B:85
Paleta[16]: R:21 G:21 B:21
Paleta[17]: R:32 G:32 B:32
Paleta[18]: R:42 G:42 B:42
Paleta[19]: R:53 G:53 B:53
Paleta[20]: R:64 G:64 B:64
Paleta[21]: R:74 G:74 B:74
Paleta[22]: R:85 G:85 B:85
Paleta[23]: R:96 G:96 B:96
Paleta[24]: R:32 G:32 B:32
Paleta[25]: R:42 G:42 B:42
Paleta[26]: R:53 G:53 B:53
Paleta[27]: R:64 G:64 B:64
Paleta[28]: R:74 G:74 B:74
Paleta[29]: R:85 G:85 B:85
Paleta[30]: R:96 G:96 B:96
Paleta[31]: R:106 G:106 B:106
Paleta[32]: R:42 G:42 B:42
Paleta[33]: R:53 G:53 B:53
Paleta[34]: R:64 G:64 B:64
Paleta[35]: R:74 G:74 B:74
Paleta[36]: R:85 G:85 B:85
Paleta[37]: R:96 G:96 B:96
Paleta[38]: R:106 G:106 B:106
Paleta[39]: R:117 G:117 B:117
Paleta[40]: R:53 G:53 B:53
Paleta[41]: R:64 G:64 B:64
Paleta[42]: R:74 G:74 B:74
Paleta[43]: R:85 G:85 B:85
Paleta[44]: R:96 G:96 B:96
Paleta[45]: R:106 G:106 B:106
Paleta[46]: R:117 G:117 B:117
Paleta[47]: R:128 G:128 B:128
Paleta[48]: R:64 G:64 B:64
Paleta[49]: R:74 G:74 B:74
Paleta[50]: R:85 G:85 B:85
Paleta[51]: R:96 G:96 B:96
Paleta[52]: R:106 G:106 B:106
Paleta[53]: R:117 G:117 B:117
Paleta[54]: R:128 G:128 B:128
Paleta[55]: R:138 G:138 B:138
Paleta[56]: R:74 G:74 B:74
Paleta[57]: R:85 G:85 B:85
Paleta[58]: R:96 G:96 B:96
Paleta[59]: R:106 G:106 B:106
Paleta[60]: R:117 G:117 B:117
Paleta[61]: R:128 G:128 B:128
Paleta[62]: R:138 G:138 B:138
Paleta[63]: R:149 G:149 B:149
Paleta[64]: R:21 G:21 B:21
Paleta[65]: R:32 G:32 B:32
Paleta[66]: R:42 G:42 B:42
Paleta[67]: R:53 G:53 B:53
Paleta[68]: R:64 G:64 B:64
Paleta[69]: R:74 G:74 B:74
Paleta[70]: R:85 G:85 B:85
Paleta[71]: R:96 G:96 B:96
Paleta[72]: R:32 G:32 B:32
Paleta[73]: R:42 G:42 B:42
Paleta[74]: R:53 G:53 B:53
Paleta[75]: R:64 G:64 B:64
Paleta[76]: R:74 G:74 B:74
Paleta[77]: R:85 G:85 B:85
Paleta[78]: R:96 G:96 B:96
Paleta[79]: R:106 G:106 B:106
Paleta[80]: R:42 G:42 B:42
Paleta[81]: R:53 G:53 B:53
Paleta[82]: R:64 G:64 B:64
Paleta[83]: R:74 G:74 B:74
Paleta[84]: R:85 G:85 B:85
Paleta[85]: R:96 G:96 B:96
Paleta[86]: R:106 G:106 B:106
Paleta[87]: R:117 G:117 B:117
Paleta[88]: R:53 G:53 B:53
Paleta[89]: R:64 G:64 B:64
Paleta[90]: R:74 G:74 B:74
Paleta[91]: R:85 G:85 B:85
Paleta[92]: R:96 G:96 B:96
Paleta[93]: R:106 G:106 B:106
Paleta[94]: R:117 G:117 B:117
Paleta[95]: R:128 G:128 B:128
Paleta[96]: R:64 G:64 B:64
Paleta[97]: R:74 G:74 B:74
Paleta[98]: R:85 G:85 B:85
Paleta[99]: R:96 G:96 B:96
Paleta[100]: R:106 G:106 B:106
Paleta[101]: R:117 G:117 B:117
Paleta[102]: R:128 G:128 B:128
Paleta[103]: R:138 G:138 B:138
Paleta[104]: R:74 G:74 B:74
Paleta[105]: R:85 G:85 B:85
Paleta[106]: R:96 G:96 B:96
Paleta[107]: R:106 G:106 B:106
Paleta[108]: R:117 G:117 B:117
Paleta[109]: R:128 G:128 B:128
Paleta[110]: R:138 G:138 B:138
Paleta[111]: R:149 G:149 B:149
Paleta[112]: R:85 G:85 B:85
Paleta[113]: R:96 G:96 B:96
Paleta[114]: R:106 G:106 B:106
Paleta[115]: R:117 G:117 B:117
Paleta[116]: R:128 G:128 B:128
Paleta[117]: R:138 G:138 B:138
Paleta[118]: R:149 G:149 B:149
Paleta[119]: R:160 G:160 B:160
Paleta[120]: R:96 G:96 B:96
Paleta[121]: R:106 G:106 B:106
Paleta[122]: R:117 G:117 B:117
Paleta[123]: R:128 G:128 B:128
Paleta[124]: R:138 G:138 B:138
Paleta[125]: R:149 G:149 B:149
Paleta[126]: R:160 G:160 B:160
Paleta[127]: R:170 G:170 B:170
Paleta[128]: R:42 G:42 B:42
Paleta[129]: R:53 G:53 B:53
Paleta[130]: R:64 G:64 B:64
Paleta[131]: R:74 G:74 B:74
Paleta[132]: R:85 G:85 B:85
Paleta[133]: R:96 G:96 B:96
Paleta[134]: R:106 G:106 B:106
Paleta[135]: R:117 G:117 B:117
Paleta[136]: R:53 G:53 B:53
Paleta[137]: R:64 G:64 B:64
Paleta[138]: R:74 G:74 B:74
Paleta[139]: R:85 G:85 B:85
Paleta[140]: R:96 G:96 B:96
Paleta[141]: R:106 G:106 B:106
Paleta[142]: R:117 G:117 B:117
Paleta[143]: R:128 G:128 B:128
Paleta[144]: R:64 G:64 B:64
Paleta[145]: R:74 G:74 B:74
Paleta[146]: R:85 G:85 B:85
Paleta[147]: R:96 G:96 B:96
Paleta[148]: R:106 G:106 B:106
Paleta[149]: R:117 G:117 B:117
Paleta[150]: R:128 G:128 B:128
Paleta[151]: R:138 G:138 B:138
Paleta[152]: R:74 G:74 B:74
Paleta[153]: R:85 G:85 B:85
Paleta[154]: R:96 G:96 B:96
Paleta[155]: R:106 G:106 B:106
Paleta[156]: R:117 G:117 B:117
Paleta[157]: R:128 G:128 B:128
Paleta[158]: R:138 G:138 B:138
Paleta[159]: R:149 G:149 B:149
Paleta[160]: R:85 G:85 B:85
Paleta[161]: R:96 G:96 B:96
Paleta[162]: R:106 G:106 B:106
Paleta[163]: R:117 G:117 B:117
Paleta[164]: R:128 G:128 B:128
Paleta[165]: R:138 G:138 B:138
Paleta[166]: R:149 G:149 B:149
Paleta[167]: R:160 G:160 B:160
Paleta[168]: R:96 G:96 B:96
Paleta[169]: R:106 G:106 B:106
Paleta[170]: R:117 G:117 B:117
Paleta[171]: R:128 G:128 B:128
Paleta[172]: R:138 G:138 B:138
Paleta[173]: R:149 G:149 B:149
Paleta[174]: R:160 G:160 B:160
Paleta[175]: R:170 G:170 B:170
Paleta[176]: R:106 G:106 B:106
Paleta[177]: R:117 G:117 B:117
Paleta[178]: R:128 G:128 B:128
Paleta[179]: R:138 G:138 B:138
Paleta[180]: R:149 G:149 B:149
Paleta[181]: R:160 G:160 B:160
Paleta[182]: R:170 G:170 B:170
Paleta[183]: R:181 G:181 B:181
Paleta[184]: R:117 G:117 B:117
Paleta[185]: R:128 G:128 B:128
Paleta[186]: R:138 G:138 B:138
Paleta[187]: R:149 G:149 B:149
Paleta[188]: R:160 G:160 B:160
Paleta[189]: R:170 G:170 B:170
Paleta[190]: R:181 G:181 B:181
Paleta[191]: R:192 G:192 B:192
Paleta[192]: R:64 G:64 B:64
Paleta[193]: R:74 G:74 B:74
Paleta[194]: R:85 G:85 B:85
Paleta[195]: R:96 G:96 B:96
Paleta[196]: R:106 G:106 B:106
Paleta[197]: R:117 G:117 B:117
Paleta[198]: R:128 G:128 B:128
Paleta[199]: R:138 G:138 B:138
Paleta[200]: R:74 G:74 B:74
Paleta[201]: R:85 G:85 B:85
Paleta[202]: R:96 G:96 B:96
Paleta[203]: R:106 G:106 B:106
Paleta[204]: R:117 G:117 B:117
Paleta[205]: R:128 G:128 B:128
Paleta[206]: R:138 G:138 B:138
Paleta[207]: R:149 G:149 B:149
Paleta[208]: R:85 G:85 B:85
Paleta[209]: R:96 G:96 B:96
Paleta[210]: R:106 G:106 B:106
Paleta[211]: R:117 G:117 B:117
Paleta[212]: R:128 G:128 B:128
Paleta[213]: R:138 G:138 B:138
Paleta[214]: R:149 G:149 B:149
Paleta[215]: R:160 G:160 B:160
Paleta[216]: R:96 G:96 B:96
Paleta[217]: R:106 G:106 B:106
Paleta[218]: R:117 G:117 B:117
Paleta[219]: R:128 G:128 B:128
Paleta[220]: R:138 G:138 B:138
Paleta[221]: R:149 G:149 B:149
Paleta[222]: R:160 G:160 B:160
Paleta[223]: R:170 G:170 B:170
Paleta[224]: R:106 G:106 B:106
Paleta[225]: R:117 G:117 B:117
Paleta[226]: R:128 G:128 B:128
Paleta[227]: R:138 G:138 B:138
Paleta[228]: R:149 G:149 B:149
Paleta[229]: R:160 G:160 B:160
Paleta[230]: R:170 G:170 B:170
Paleta[231]: R:181 G:181 B:181
Paleta[232]: R:117 G:117 B:117
Paleta[233]: R:128 G:128 B:128
Paleta[234]: R:138 G:138 B:138
Paleta[235]: R:149 G:149 B:149
Paleta[236]: R:160 G:160 B:160
Paleta[237]: R:170 G:170 B:170
Paleta[238]: R:181 G:181 B:181
Paleta[239]: R:192 G:192 B:192
Paleta[240]: R:128 G:128 B:128
Paleta[241]: R:138 G:138 B:138
Paleta[242]: R:149 G:149 B:149
Paleta[243]: R:160 G:160 B:160
Paleta[244]: R:170 G:170 B:170
Paleta[245]: R:181 G:181 B:181
Paleta[246]: R:248 G:248 B:248
Paleta[247]: R:161 G:161 B:161
Paleta[248]: R:128 G:128 B:128
Paleta[249]: R:85 G:85 B:85
Paleta[250]: R:85 G:85 B:85
Paleta[251]: R:170 G:170 B:170
Paleta[252]: R:85 G:85 B:85
Paleta[253]: R:170 G:170 B:170
Paleta[254]: R:170 G:170 B:170
Paleta[255]: R:255 G:255 B:255
Soma linha 0: 97519
Soma linha 1: 84560
Soma linha 2: 87818
Soma linha 3: 87843
Soma linha 4: 88093
Soma linha 5: 88446
Soma linha 6: 87943
Soma linha 7: 85106
Soma linha 8: 88147
Soma linha 9: 88469
Soma linha 10: 88605
Soma linha 11: 88600
Soma linha 12: 88607
Soma linha 13: 88326
Soma linha 14: 88337
Soma linha 15: 88872
Soma linha 16: 89151
Soma linha 17: 88980
Soma linha 18: 89351
Soma linha 19: 89245
Soma linha 20: 89642
Soma linha 21: 89394
Soma linha 22: 89321
Soma linha 23: 89388
Soma linha 24: 89245
Soma linha 25: 89490
Soma linha 26: 89085
Soma linha 27: 89622
Soma linha 28: 89419
Soma linha 29: 89264
Soma linha 30: 90114
Soma linha 31: 90033
Soma linha 32: 89977
Soma linha 33: 89993
Soma linha 34: 90094
Soma linha 35: 90093
Soma linha 36: 90250
Soma linha 37: 90235
Soma linha 38: 90114
Soma linha 39: 90343
Soma linha 40: 90206
Soma linha 41: 90084
Soma linha 42: 90069
Soma linha 43: 90010
Soma linha 44: 90066
Soma linha 45: 90368
Soma linha 46: 90591
Soma linha 47: 90693
Soma linha 48: 90349
Soma linha 49: 90235
Soma linha 50: 90354
Soma linha 51: 90474
Soma linha 52: 90546
Soma linha 53: 90445
Soma linha 54: 90471
Soma linha 55: 90497
Soma linha 56: 90388
Soma linha 57: 90400
Soma linha 58: 88690
Soma linha 59: 90110
Soma linha 60: 91616
Soma linha 61: 90246
Soma linha 62: 89685
Soma linha 63: 90631
Soma linha 64: 91079
Soma linha 65: 90713
Soma linha 66: 91126
Soma linha 67: 90513
Soma linha 68: 90751
Soma linha 69: 91179
Soma linha 70: 90891
Soma linha 71: 90707
Soma linha 72: 91340
Soma linha 73: 91342
Soma linha 74: 91001
Soma linha 75: 90942
Soma linha 76: 89617
Soma linha 77: 90725
Soma linha 78: 91055
Soma linha 79: 88930
Soma linha 80: 88071
Soma linha 81: 93014
Soma linha 82: 90952
Soma linha 83: 83923
Soma linha 84: 90785
Soma linha 85: 90918
Soma linha 86: 90952
Soma linha 87: 90872
Soma linha 88: 91261
Soma linha 89: 91222
Soma linha 90: 91068
Soma linha 91: 91157
Soma linha 92: 91126
Soma linha 93: 91030
Soma linha 94: 90800
Soma linha 95: 91310
Soma linha 96: 91292
Soma linha 97: 90871
Soma linha 98: 91283
Soma linha 99: 91544
Soma linha 100: 91460
Soma linha 101: 91546
Soma linha 102: 91573
Soma linha 103: 91415
Soma linha 104: 91337
Soma linha 105: 91336
Soma linha 106: 91502
Soma linha 107: 91329
Soma linha 108: 91478
Soma linha 109: 91488
Soma linha 110: 91663
Soma linha 111: 91552
Soma linha 112: 91193
Soma linha 113: 91549
Soma linha 114: 91372
Soma linha 115: 91454
Soma linha 116: 91541
Soma linha 117: 91185
Soma linha 118: 91451
Soma linha 119: 92801
Soma linha 120: 91379
Soma linha 121: 91246
Soma linha 122: 92130
Soma linha 123: 91565
Soma linha 124: 90580
Soma linha 125: 91521
Soma linha 126: 91549
Soma linha 127: 91834
Soma linha 128: 92082
Soma linha 129: 92220
Soma linha 130: 92274
Soma linha 131: 92289
Soma linha 132: 92119
Soma linha 133: 92203
Soma linha 134: 92307
Soma linha 135: 92231
Soma linha 136: 92082
Soma linha 137: 92092
Soma linha 138: 92183
Soma linha 139: 92210
Soma linha 140: 92489
Soma linha 141: 92313
Soma linha 142: 92548
Soma linha 143: 92560
Soma linha 144: 91965
Soma linha 145: 92119
Soma linha 146: 91316
Soma linha 147: 91586
Soma linha 148: 93133
Soma linha 149: 92680
Soma linha 150: 92386
Soma linha 151: 92260
Soma linha 152: 92384
Soma linha 153: 92439
Soma linha 154: 92825
Soma linha 155: 92575
Soma linha 156: 92963
Soma linha 157: 92767
Soma linha 158: 92633
Soma linha 159: 93044
Soma linha 160: 92629
Soma linha 161: 92655
Soma linha 162: 92765
Soma linha 163: 92952
Soma linha 164: 93144
Soma linha 165: 93657
Soma linha 166: 94013
Soma linha 167: 94074
Soma linha 168: 93590
Soma linha 169: 93862
Soma linha 170: 93844
Soma linha 171: 94219
Soma linha 172: 93822
Soma linha 173: 94115
Soma linha 174: 94143
Soma linha 175: 94364
Soma linha 176: 92944
Soma linha 177: 93388
Soma linha 178: 93583
Soma linha 179: 92229
Soma linha 180: 92079
Soma linha 181: 91869
Soma linha 182: 92831
Soma linha 183: 93198
Soma linha 184: 93134
Soma linha 185: 92969
Soma linha 186: 92683
Soma linha 187: 92452
Soma linha 188: 91943
Soma linha 189: 91739
Soma linha 190: 91967
Soma linha 191: 92150
Soma linha 192: 91733
Soma linha 193: 91512
Soma linha 194: 92272
Soma linha 195: 93281
Soma linha 196: 93123
Soma linha 197: 92789
Soma linha 198: 93874
Soma linha 199: 93697
Soma linha 200: 93871
Soma linha 201: 93400
Soma linha 202: 93692
Soma linha 203: 93557
Soma linha 204: 94015
Soma linha 205: 93872
Soma linha 206: 92457
Soma linha 207: 93459
Soma linha 208: 92644
Soma linha 209: 92439
Soma linha 210: 93161
Soma linha 211: 92490
Soma linha 212: 92708
Soma linha 213: 92496
Soma linha 214: 91142
Soma linha 215: 91689
Soma linha 216: 91591
Soma linha 217: 90901
Soma linha 218: 90409
Soma linha 219: 90768
Soma linha 220: 90008
Soma linha 221: 90123
Soma linha 222: 90589
Soma linha 223: 90851
Soma linha 224: 89472
Soma linha 225: 89995
Soma linha 226: 89326
Soma linha 227: 89191
Soma linha 228: 90241
Soma linha 229: 91104
Soma linha 230: 90894
Soma linha 231: 90125
Soma linha 232: 92079
Soma linha 233: 92359
Soma linha 234: 93856
Soma linha 235: 94429
Soma linha 236: 95722
Soma linha 237: 96221
Soma linha 238: 94548
Soma linha 239: 95777
Soma linha 240: 96688
Soma linha 241: 97025
Soma linha 242: 96316
Soma linha 243: 95591
Soma linha 244: 95930
Soma linha 245: 96142
Soma linha 246: 96597
Soma linha 247: 96332
Soma linha 248: 95858
Soma linha 249: 95548
Soma linha 250: 95225
Soma linha 251: 93572
Soma linha 252: 92652
Soma linha 253: 92841
Soma linha 254: 93570
Soma linha 255: 93739
Soma linha 256: 94563
Soma linha 257: 94937
Soma linha 258: 95537
Soma linha 259: 95177
Soma linha 260: 96205
Soma linha 261: 96611
Soma linha 262: 96731
Soma linha 263: 97456
Soma linha 264: 97750
Soma linha 265: 97936
Soma linha 266: 99088
Soma linha 267: 98368
Soma linha 268: 100123
Soma linha 269: 100691
Soma linha 270: 100455
Soma linha 271: 100862
Soma linha 272: 101219
Soma linha 273: 101901
Soma linha 274: 102414
Soma linha 275: 101871
Soma linha 276: 102145
Soma linha 277: 102676
Soma linha 278: 102328
Soma linha 279: 102350
Soma linha 280: 103150
Soma linha 281: 103811
Soma linha 282: 103604
Soma linha 283: 103031
Soma linha 284: 102379
Soma linha 285: 103078
Soma linha 286: 102210
Soma linha 287: 97043
Soma linha 288: 102969
Soma linha 289: 104603
Soma linha 290: 106330
Soma linha 291: 106002
Soma linha 292: 102955
Soma linha 293: 102071
Soma linha 294: 100653
Soma linha 295: 100470
Soma linha 296: 100916
Soma linha 297: 101495
Soma linha 298: 100746
Soma linha 299: 99909
Soma linha 300: 97643
Soma linha 301: 97769
Soma linha 302: 96447
Soma linha 303: 98401
Soma linha 304: 97738
Soma linha 305: 96309
Soma linha 306: 96111
Soma linha 307: 93583
Soma linha 308: 93706
Soma linha 309: 93729
Soma linha 310: 93618
Soma linha 311: 92941
Soma linha 312: 95203
Soma linha 313: 93821
Soma linha 314: 93706
Soma linha 315: 94830
Soma linha 316: 95075
Soma linha 317: 95098
Soma linha 318: 94835
Soma linha 319: 94469
Soma linha 320: 95247
Soma linha 321: 95158
Soma linha 322: 95703
Soma linha 323: 95861
Soma linha 324: 95036
Soma linha 325: 95233
Soma linha 326: 93369
Soma linha 327: 92047
Soma linha 328: 91788
Soma linha 329: 92583
Soma linha 330: 92098
Soma linha 331: 91636
Soma linha 332: 91231
Soma linha 333: 92361
Soma linha 334: 92948
Soma linha 335: 91509
Soma linha 336: 93241
Soma linha 337: 92063
Soma linha 338: 91856
Soma linha 339: 92384
Soma linha 340: 92850
Soma linha 341: 93241
Soma linha 342: 91926
Soma linha 343: 90597
Soma linha 344: 91817
Soma linha 345: 93302
Soma linha 346: 93359
Soma linha 347: 95635
Soma linha 348: 97416
Soma linha 349: 97969
Soma linha 350: 99375
Soma linha 351: 101500
Soma linha 352: 101370
Soma linha 353: 101306
Soma linha 354: 103883
Soma linha 355: 104673
Soma linha 356: 104620
Soma linha 357: 104033
Soma linha 358: 103945
Soma linha 359: 103097
Soma linha 360: 99936
Soma linha 361: 102188
Soma linha 362: 104243
Soma linha 363: 104747
Soma linha 364: 103625
Soma linha 365: 105210
Soma linha 366: 105017
Soma linha 367: 103980
Soma linha 368: 103515
Soma linha 369: 103002
Soma linha 370: 102270
Soma linha 371: 101253
Soma linha 372: 102503
Soma linha 373: 101259
Soma linha 374: 99193
Soma linha 375: 96594
Soma linha 376: 94053
Soma linha 377: 91831
Soma linha 378: 87449
Soma linha 379: 85605
Soma linha 380: 84153
Soma linha 381: 84114
Soma linha 382: 84657
Soma linha 383: 85026
Soma linha 384: 84756
Soma linha 385: 84878
Soma linha 386: 84207
Soma linha 387: 84576
Soma linha 388: 84631
Soma linha 389: 86007
Soma linha 390: 85035
Soma linha 391: 86917
Soma linha 392: 87069
Soma linha 393: 86448
Soma linha 394: 85724
Soma linha 395: 84341
Soma linha 396: 85364
Soma linha 397: 84733
Soma linha 398: 83844
Soma linha 399: 83656
Soma linha 400: 83807
Soma linha 401: 84166
Soma linha 402: 84195
Soma linha 403: 84935
Soma linha 404: 85838
Soma linha 405: 85492
Soma linha 406: 85425
Soma linha 407: 85849
Soma linha 408: 85306
Soma linha 409: 85246
Soma linha 410: 84741
Soma linha 411: 82537
Soma linha 412: 82571
Soma linha 413: 83080
Soma linha 414: 80243
Soma linha 415: 77817
Soma linha 416: 79791
Soma linha 417: 78999
Soma linha 418: 79390
Soma linha 419: 77952
Soma linha 420: 77310
Soma linha 421: 76936
Soma linha 422: 77216
Soma linha 423: 78397
Soma linha 424: 78140
Soma linha 425: 77780
Soma linha 426: 78121
Soma linha 427: 77857
Soma linha 428: 78658
Soma linha 429: 77472
Soma linha 430: 78094
Soma linha 431: 79714
Soma linha 432: 79767
Soma linha 433: 77533
Soma linha 434: 81399
Soma linha 435: 81287
Soma linha 436: 77381
Soma linha 437: 77661
Soma linha 438: 80603
Soma linha 439: 80657
Soma linha 440: 80943
Soma linha 441: 82210
Soma linha 442: 81653
Soma linha 443: 82374
Soma linha 444: 82676
Soma linha 445: 82373
Soma linha 446: 81416
Soma linha 447: 81224
Soma linha 448: 80933
Soma linha 449: 80016
Soma linha 450: 80877
Soma linha 451: 81029
Soma linha 452: 80818
Soma linha 453: 79777
Soma linha 454: 78636
Soma linha 455: 78902
Soma linha 456: 78969
Soma linha 457: 79282
Soma linha 458: 79722
Soma linha 459: 79443
Soma linha 460: 80035
Soma linha 461: 80676
Soma linha 462: 80352
Soma linha 463: 81241
Soma linha 464: 81846
Soma linha 465: 81634
Soma linha 466: 81043
Soma linha 467: 81152
Soma linha 468: 80480
Soma linha 469: 79704
Soma linha 470: 80006
Soma linha 471: 80879
Soma linha 472: 81178
Soma linha 473: 80945
Soma linha 474: 80357
Soma linha 475: 80121
Soma linha 476: 79241
Soma linha 477: 79335
Soma linha 478: 79475
Soma linha 479: 79496
Soma linha 480: 81596
Soma linha 481: 83515
Soma linha 482: 82660
Soma linha 483: 82820
Soma linha 484: 84808
Soma linha 485: 86587
Soma linha 486: 88258
Soma linha 487: 88047
Soma linha 488: 87330
Soma linha 489: 88259
Soma linha 490: 87482
Soma linha 491: 86200
Soma linha 492: 85591
Soma linha 493: 85607
Soma linha 494: 85212
Soma linha 495: 85817
Soma linha 496: 85326
Soma linha 497: 84512
Soma linha 498: 84435
Soma linha 499: 86064
Soma linha 500: 85121
Soma linha 501: 86283
Soma linha 502: 86542
Soma linha 503: 86655
Soma linha 504: 87200
Soma linha 505: 86904
Soma linha 506: 86274
Soma linha 507: 86037
Soma linha 508: 86153
Soma linha 509: 86963
Soma linha 510: 85595
Soma linha 511: 83722
Soma linha 512: 83507
Soma linha 513: 83647
Soma linha 514: 82734
Soma linha 515: 81957
Soma linha 516: 82686
Soma linha 517: 82738
Soma linha 518: 83091
Soma linha 519: 82611
Soma linha 520: 83496
Soma linha 521: 83056
Soma linha 522: 81873
Soma linha 523: 82319
Soma linha 524: 82290
Soma linha 525: 82528
Soma linha 526: 82587
Soma linha 527: 82364
Soma linha 528: 82338
Soma linha 529: 81695
Soma linha 530: 80366
Soma linha 531: 82256
Soma linha 532: 81608
Soma linha 533: 80439
Soma linha 534: 80385
Soma linha 535: 80399
Soma linha 536: 81815
Soma linha 537: 81280
Soma linha 538: 80666
Soma linha 539: 81278
Soma linha 540: 81777
Soma linha 541: 83297
Soma linha 542: 84113
Soma linha 543: 84155
Soma linha 544: 84769
Soma linha 545: 84771
Soma linha 546: 84406
Soma linha 547: 84480
Soma linha 548: 83961
Soma linha 549: 84420
Soma linha 550: 85704
Soma linha 551: 89375
Soma linha 552: 81505
Soma linha 553: 76767
Soma linha 554: 82129
Soma linha 555: 82173
Soma linha 556: 81819
Soma linha 557: 82682
Soma linha 558: 82994
Soma linha 559: 81767
Soma linha 560: 82547
Soma linha 561: 82898
Soma linha 562: 80826
Soma linha 563: 80103
Soma linha 564: 81061
Soma linha 565: 81264
Soma linha 566: 81742
Soma linha 567: 81349
Soma linha 568: 82071
Soma linha 569: 82437
Soma linha 570: 82472
Soma linha 571: 81999
Soma linha 572: 81407
Soma linha 573: 81306
Soma linha 574: 81624
Soma linha 575: 81404
Soma linha 576: 81232
Soma linha 577: 33845
Soma linha 578: 90228
Soma linha 579: 119881
Soma linha 580: 93037
Soma linha 581: 93677
Soma linha 582: 94016
Soma linha 583: 91877
Soma linha 584: 90198
Soma linha 585: 91148
Soma linha 586: 88251
Soma linha 587: 87866
Soma linha 588: 89431
Soma linha 589: 90793
Soma linha 590: 87642
Soma linha 591: 88577
Soma linha 592: 88498
Soma linha 593: 89876
Soma linha 594: 90961
Soma linha 595: 91385
Soma linha 596: 90043
Soma linha 597: 95725
Soma linha 598: 93884
Soma linha 599: 92662
Soma linha 600: 92288
Soma linha 601: 92449
Soma linha 602: 93155
Soma linha 603: 95874
Soma linha 604: 99751
Soma linha 605: 99897
Soma linha 606: 100390
Soma linha 607: 99140
Soma linha 608: 97742
Soma linha 609: 95988
Soma linha 610: 95696
Soma linha 611: 93479
Soma linha 612: 93685
Soma linha 613: 94183
Soma linha 614: 94055
Soma linha 615: 93878
Soma linha 616: 94790
Soma linha 617: 94455
Soma linha 618: 93336
Soma linha 619: 93929
Soma linha 620: 93732
Soma linha 621: 93335
Soma linha 622: 93364
Soma linha 623: 92513
Soma linha 624: 93531
Soma linha 625: 93158
Soma linha 626: 92077
Soma linha 627: 92145
Soma linha 628: 92302
Soma linha 629: 92136
Soma linha 630: 92423
Soma linha 631: 91969
Soma linha 632: 91662
Soma linha 633: 92057
Soma linha 634: 92468
Soma linha 635: 91712
Soma linha 636: 91019
Soma linha 637: 90474
Soma linha 638: 90196
Soma linha 639: 89971
Soma linha 640: 89739
Soma linha 641: 89689
Soma linha 642: 89137
Soma linha 643: 88973
Soma linha 644: 89478
Soma linha 645: 89604
Soma linha 646: 89203
Soma linha 647: 88961
Soma linha 648: 88613
Soma linha 649: 88573
Soma linha 650: 89023
Soma linha 651: 88595
Soma linha 652: 88854
Soma linha 653: 88454
Soma linha 654: 88207
Soma linha 655: 88402
Soma linha 656: 88568
Soma linha 657: 88530
Soma linha 658: 88540
Soma linha 659: 88469
Soma linha 660: 88430
Soma linha 661: 88383
Soma linha 662: 88255
Soma linha 663: 88343
Soma linha 664: 88292
Soma linha 665: 88275
Soma linha 666: 88179
Soma linha 667: 88125
Soma linha 668: 87995
Soma linha 669: 87847
Soma linha 670: 87957
Soma linha 671: 87798
Soma linha 672: 87991
Soma linha 673: 67258
Soma linha 674: 98596
valorantPretoBranco.bmp
