CABECALHO:
Iniciais: BM
Tamanho do arquivo: 2074678
Reservado: 0
Deslocamento, em bytes, para o inicio da area de dados: 1078
Tamanho em bytes do segundo cabecalho: 40
Resolucao: 1920 x 1080
Numero de planos: 1
Bits por pixel: 8
Compressao usada: 0
Tamanho imagem: 2073600
Resolucao horizontal: 2835 pixel por metro
Resolucao Vertical: 2835 pixel por metro
Numero de cores usadas: 0
Numero de cores importantes: 0
PALETA ORIGINAL:
Paleta[0]: R:255 G:255 B:255
Paleta[1]: R:127 G:255 B:255
Paleta[2]: R:255 G:127 B:255
Paleta[3]: R:127 G:127 B:255
Paleta[4]: R:255 G:255 B:127
Paleta[5]: R:127 G:255 B:127
Paleta[6]: R:255 G:127 B:127
Paleta[7]: R:63 G:63 B:63
Paleta[8]: R:63 G:35 B:63
Paleta[9]: R:89 G:53 B:15
Paleta[10]: R:191 G:223 B:255
Paleta[11]: R:159 G:223 B:255
Paleta[12]: R:127 G:223 B:255
Paleta[13]: R:95 G:223 B:255
Paleta[14]: R:63 G:223 B:255
Paleta[15]: R:31 G:223 B:255
Paleta[16]: R:255 G:191 B:255
Paleta[17]: R:223 G:191 B:255
Paleta[18]: R:191 G:191 B:255
Paleta[19]: R:159 G:191 B:255
Paleta[20]: R:127 G:191 B:255
Paleta[21]: R:95 G:191 B:255
Paleta[22]: R:63 G:191 B:255
Paleta[23]: R:31 G:191 B:255
Paleta[24]: R:255 G:159 B:255
Paleta[25]: R:223 G:159 B:255
Paleta[26]: R:191 G:159 B:255
Paleta[27]: R:159 G:159 B:255
Paleta[28]: R:127 G:159 B:255
Paleta[29]: R:95 G:159 B:255
Paleta[30]: R:63 G:159 B:255
Paleta[31]: R:31 G:159 B:255
Paleta[32]: R:255 G:127 B:255
Paleta[33]: R:223 G:127 B:255
Paleta[34]: R:191 G:127 B:255
Paleta[35]: R:159 G:127 B:255
Paleta[36]: R:127 G:127 B:255
Paleta[37]: R:95 G:127 B:255
Paleta[38]: R:63 G:127 B:255
Paleta[39]: R:31 G:127 B:255
Paleta[40]: R:255 G:95 B:255
Paleta[41]: R:223 G:95 B:255
Paleta[42]: R:191 G:95 B:255
Paleta[43]: R:159 G:95 B:255
Paleta[44]: R:127 G:95 B:255
Paleta[45]: R:95 G:95 B:255
Paleta[46]: R:63 G:95 B:255
Paleta[47]: R:31 G:95 B:255
Paleta[48]: R:255 G:63 B:255
Paleta[49]: R:223 G:63 B:255
Paleta[50]: R:191 G:63 B:255
Paleta[51]: R:159 G:63 B:255
Paleta[52]: R:127 G:63 B:255
Paleta[53]: R:95 G:63 B:255
Paleta[54]: R:63 G:63 B:255
Paleta[55]: R:31 G:63 B:255
Paleta[56]: R:255 G:31 B:255
Paleta[57]: R:223 G:31 B:255
Paleta[58]: R:191 G:31 B:255
Paleta[59]: R:159 G:31 B:255
Paleta[60]: R:127 G:31 B:255
Paleta[61]: R:95 G:31 B:255
Paleta[62]: R:63 G:31 B:255
Paleta[63]: R:31 G:31 B:255
Paleta[64]: R:255 G:255 B:191
Paleta[65]: R:223 G:255 B:191
Paleta[66]: R:191 G:255 B:191
Paleta[67]: R:159 G:255 B:191
Paleta[68]: R:127 G:255 B:191
Paleta[69]: R:95 G:255 B:191
Paleta[70]: R:63 G:255 B:191
Paleta[71]: R:31 G:255 B:191
Paleta[72]: R:255 G:223 B:191
Paleta[73]: R:223 G:223 B:191
Paleta[74]: R:191 G:223 B:191
Paleta[75]: R:159 G:223 B:191
Paleta[76]: R:127 G:223 B:191
Paleta[77]: R:95 G:223 B:191
Paleta[78]: R:63 G:223 B:191
Paleta[79]: R:31 G:223 B:191
Paleta[80]: R:255 G:191 B:191
Paleta[81]: R:223 G:191 B:191
Paleta[82]: R:191 G:191 B:191
Paleta[83]: R:159 G:191 B:191
Paleta[84]: R:127 G:191 B:191
Paleta[85]: R:95 G:191 B:191
Paleta[86]: R:63 G:191 B:191
Paleta[87]: R:31 G:191 B:191
Paleta[88]: R:255 G:159 B:191
Paleta[89]: R:223 G:159 B:191
Paleta[90]: R:191 G:159 B:191
Paleta[91]: R:159 G:159 B:191
Paleta[92]: R:127 G:159 B:191
Paleta[93]: R:95 G:159 B:191
Paleta[94]: R:63 G:159 B:191
Paleta[95]: R:31 G:159 B:191
Paleta[96]: R:255 G:127 B:191
Paleta[97]: R:223 G:127 B:191
Paleta[98]: R:191 G:127 B:191
Paleta[99]: R:159 G:127 B:191
Paleta[100]: R:127 G:127 B:191
Paleta[101]: R:95 G:127 B:191
Paleta[102]: R:63 G:127 B:191
Paleta[103]: R:31 G:127 B:191
Paleta[104]: R:255 G:95 B:191
Paleta[105]: R:223 G:95 B:191
Paleta[106]: R:191 G:95 B:191
Paleta[107]: R:159 G:95 B:191
Paleta[108]: R:127 G:95 B:191
Paleta[109]: R:95 G:95 B:191
Paleta[110]: R:63 G:95 B:191
Paleta[111]: R:31 G:95 B:191
Paleta[112]: R:255 G:63 B:191
Paleta[113]: R:223 G:63 B:191
Paleta[114]: R:191 G:63 B:191
Paleta[115]: R:159 G:63 B:191
Paleta[116]: R:127 G:63 B:191
Paleta[117]: R:95 G:63 B:191
Paleta[118]: R:63 G:63 B:191
Paleta[119]: R:31 G:63 B:191
Paleta[120]: R:255 G:31 B:191
Paleta[121]: R:223 G:31 B:191
Paleta[122]: R:191 G:31 B:191
Paleta[123]: R:159 G:31 B:191
Paleta[124]: R:127 G:31 B:191
Paleta[125]: R:95 G:31 B:191
Paleta[126]: R:63 G:31 B:191
Paleta[127]: R:31 G:31 B:191
Paleta[128]: R:255 G:255 B:127
Paleta[129]: R:223 G:255 B:127
Paleta[130]: R:191 G:255 B:127
Paleta[131]: R:159 G:255 B:127
Paleta[132]: R:127 G:255 B:127
Paleta[133]: R:95 G:255 B:127
Paleta[134]: R:63 G:255 B:127
Paleta[135]: R:31 G:255 B:127
Paleta[136]: R:255 G:223 B:127
Paleta[137]: R:223 G:223 B:127
Paleta[138]: R:191 G:223 B:127
Paleta[139]: R:159 G:223 B:127
Paleta[140]: R:127 G:223 B:127
Paleta[141]: R:95 G:223 B:127
Paleta[142]: R:63 G:223 B:127
Paleta[143]: R:31 G:223 B:127
Paleta[144]: R:255 G:191 B:127
Paleta[145]: R:223 G:191 B:127
Paleta[146]: R:191 G:191 B:127
Paleta[147]: R:159 G:191 B:127
Paleta[148]: R:127 G:191 B:127
Paleta[149]: R:95 G:191 B:127
Paleta[150]: R:63 G:191 B:127
Paleta[151]: R:31 G:191 B:127
Paleta[152]: R:255 G:159 B:127
Paleta[153]: R:223 G:159 B:127
Paleta[154]: R:191 G:159 B:127
Paleta[155]: R:159 G:159 B:127
Paleta[156]: R:127 G:159 B:127
Paleta[157]: R:95 G:159 B:127
Paleta[158]: R:63 G:159 B:127
Paleta[159]: R:31 G:159 B:127
Paleta[160]: R:255 G:127 B:127
Paleta[161]: R:223 G:127 B:127
Paleta[162]: R:191 G:127 B:127
Paleta[163]: R:159 G:127 B:127
Paleta[164]: R:127 G:127 B:127
Paleta[165]: R:95 G:127 B:127
Paleta[166]: R:63 G:127 B:127
Paleta[167]: R:31 G:127 B:127
Paleta[168]: R:255 G:95 B:127
Paleta[169]: R:223 G:95 B:127
Paleta[170]: R:191 G:95 B:127
Paleta[171]: R:159 G:95 B:127
Paleta[172]: R:127 G:95 B:127
Paleta[173]: R:95 G:95 B:127
Paleta[174]: R:63 G:95 B:127
Paleta[175]: R:31 G:95 B:127
Paleta[176]: R:255 G:63 B:127
Paleta[177]: R:223 G:63 B:127
Paleta[178]: R:191 G:63 B:127
Paleta[179]: R:159 G:63 B:127
Paleta[180]: R:127 G:63 B:127
Paleta[181]: R:95 G:63 B:127
Paleta[182]: R:63 G:63 B:127
Paleta[183]: R:31 G:63 B:127
Paleta[184]: R:255 G:31 B:127
Paleta[185]: R:223 G:31 B:127
Paleta[186]: R:191 G:31 B:127
Paleta[187]: R:159 G:31 B:127
Paleta[188]: R:127 G:31 B:127
Paleta[189]: R:95 G:31 B:127
Paleta[190]: R:63 G:31 B:127
Paleta[191]: R:31 G:31 B:127
Paleta[192]: R:255 G:255 B:63
Paleta[193]: R:223 G:255 B:63
Paleta[194]: R:191 G:255 B:63
Paleta[195]: R:159 G:255 B:63
Paleta[196]: R:127 G:255 B:63
Paleta[197]: R:95 G:255 B:63
Paleta[198]: R:63 G:255 B:63
Paleta[199]: R:31 G:255 B:63
Paleta[200]: R:255 G:223 B:63
Paleta[201]: R:223 G:223 B:63
Paleta[202]: R:191 G:223 B:63
Paleta[203]: R:159 G:223 B:63
Paleta[204]: R:127 G:223 B:63
Paleta[205]: R:95 G:223 B:63
Paleta[206]: R:63 G:223 B:63
Paleta[207]: R:31 G:223 B:63
Paleta[208]: R:255 G:191 B:63
Paleta[209]: R:223 G:191 B:63
Paleta[210]: R:191 G:191 B:63
Paleta[211]: R:159 G:191 B:63
Paleta[212]: R:127 G:191 B:63
Paleta[213]: R:95 G:191 B:63
Paleta[214]: R:63 G:191 B:63
Paleta[215]: R:31 G:191 B:63
Paleta[216]: R:255 G:159 B:63
Paleta[217]: R:223 G:159 B:63
Paleta[218]: R:191 G:159 B:63
Paleta[219]: R:159 G:159 B:63
Paleta[220]: R:127 G:159 B:63
Paleta[221]: R:95 G:159 B:63
Paleta[222]: R:63 G:159 B:63
Paleta[223]: R:31 G:159 B:63
Paleta[224]: R:255 G:127 B:63
Paleta[225]: R:223 G:127 B:63
Paleta[226]: R:191 G:127 B:63
Paleta[227]: R:159 G:127 B:63
Paleta[228]: R:127 G:127 B:63
Paleta[229]: R:95 G:127 B:63
Paleta[230]: R:63 G:127 B:63
Paleta[231]: R:31 G:127 B:63
Paleta[232]: R:255 G:95 B:63
Paleta[233]: R:223 G:95 B:63
Paleta[234]: R:191 G:95 B:63
Paleta[235]: R:159 G:95 B:63
Paleta[236]: R:127 G:95 B:63
Paleta[237]: R:95 G:95 B:63
Paleta[238]: R:63 G:95 B:63
Paleta[239]: R:31 G:95 B:63
Paleta[240]: R:255 G:63 B:63
Paleta[241]: R:223 G:63 B:63
Paleta[242]: R:191 G:63 B:63
Paleta[243]: R:159 G:63 B:63
Paleta[244]: R:127 G:63 B:63
Paleta[245]: R:95 G:63 B:63
Paleta[246]: R:0 G:4 B:15
Paleta[247]: R:95 G:95 B:91
Paleta[248]: R:127 G:127 B:127
Paleta[249]: R:0 G:255 B:255
Paleta[250]: R:255 G:0 B:255
Paleta[251]: R:0 G:0 B:255
Paleta[252]: R:255 G:255 B:0
Paleta[253]: R:0 G:255 B:0
Paleta[254]: R:255 G:0 B:0
Paleta[255]: R:0 G:0 B:0
PALETA NOVA:
Paleta[0]: R:0 G:0 B:0
Paleta[1]: R:128 G:0 B:0
Paleta[2]: R:0 G:128 B:0
Paleta[3]: R:128 G:128 B:0
Paleta[4]: R:0 G:0 B:128
Paleta[5]: R:128 G:0 B:128
Paleta[6]: R:0 G:128 B:128
Paleta[7]: R:192 G:192 B:192
Paleta[8]: R:192 G:220 B:192
Paleta[9]: R:166 G:202 B:240
Paleta[10]: R:64 G:32 B:0
Paleta[11]: R:96 G:32 B:0
Paleta[12]: R:128 G:32 B:0
Paleta[13]: R:160 G:32 B:0
Paleta[14]: R:192 G:32 B:0
Paleta[15]: R:224 G:32 B:0
Paleta[16]: R:0 G:64 B:0
Paleta[17]: R:32 G:64 B:0
Paleta[18]: R:64 G:64 B:0
Paleta[19]: R:96 G:64 B:0
Paleta[20]: R:128 G:64 B:0
Paleta[21]: R:160 G:64 B:0
Paleta[22]: R:192 G:64 B:0
Paleta[23]: R:224 G:64 B:0
Paleta[24]: R:0 G:96 B:0
Paleta[25]: R:32 G:96 B:0
Paleta[26]: R:64 G:96 B:0
Paleta[27]: R:96 G:96 B:0
Paleta[28]: R:128 G:96 B:0
Paleta[29]: R:160 G:96 B:0
Paleta[30]: R:192 G:96 B:0
Paleta[31]: R:224 G:96 B:0
Paleta[32]: R:0 G:128 B:0
Paleta[33]: R:32 G:128 B:0
Paleta[34]: R:64 G:128 B:0
Paleta[35]: R:96 G:128 B:0
Paleta[36]: R:128 G:128 B:0
Paleta[37]: R:160 G:128 B:0
Paleta[38]: R:192 G:128 B:0
Paleta[39]: R:224 G:128 B:0
Paleta[40]: R:0 G:160 B:0
Paleta[41]: R:32 G:160 B:0
Paleta[42]: R:64 G:160 B:0
Paleta[43]: R:96 G:160 B:0
Paleta[44]: R:128 G:160 B:0
Paleta[45]: R:160 G:160 B:0
Paleta[46]: R:192 G:160 B:0
Paleta[47]: R:224 G:160 B:0
Paleta[48]: R:0 G:192 B:0
Paleta[49]: R:32 G:192 B:0
Paleta[50]: R:64 G:192 B:0
Paleta[51]: R:96 G:192 B:0
Paleta[52]: R:128 G:192 B:0
Paleta[53]: R:160 G:192 B:0
Paleta[54]: R:192 G:192 B:0
Paleta[55]: R:224 G:192 B:0
Paleta[56]: R:0 G:224 B:0
Paleta[57]: R:32 G:224 B:0
Paleta[58]: R:64 G:224 B:0
Paleta[59]: R:96 G:224 B:0
Paleta[60]: R:128 G:224 B:0
Paleta[61]: R:160 G:224 B:0
Paleta[62]: R:192 G:224 B:0
Paleta[63]: R:224 G:224 B:0
Paleta[64]: R:0 G:0 B:64
Paleta[65]: R:32 G:0 B:64
Paleta[66]: R:64 G:0 B:64
Paleta[67]: R:96 G:0 B:64
Paleta[68]: R:128 G:0 B:64
Paleta[69]: R:160 G:0 B:64
Paleta[70]: R:192 G:0 B:64
Paleta[71]: R:224 G:0 B:64
Paleta[72]: R:0 G:32 B:64
Paleta[73]: R:32 G:32 B:64
Paleta[74]: R:64 G:32 B:64
Paleta[75]: R:96 G:32 B:64
Paleta[76]: R:128 G:32 B:64
Paleta[77]: R:160 G:32 B:64
Paleta[78]: R:192 G:32 B:64
Paleta[79]: R:224 G:32 B:64
Paleta[80]: R:0 G:64 B:64
Paleta[81]: R:32 G:64 B:64
Paleta[82]: R:64 G:64 B:64
Paleta[83]: R:96 G:64 B:64
Paleta[84]: R:128 G:64 B:64
Paleta[85]: R:160 G:64 B:64
Paleta[86]: R:192 G:64 B:64
Paleta[87]: R:224 G:64 B:64
Paleta[88]: R:0 G:96 B:64
Paleta[89]: R:32 G:96 B:64
Paleta[90]: R:64 G:96 B:64
Paleta[91]: R:96 G:96 B:64
Paleta[92]: R:128 G:96 B:64
Paleta[93]: R:160 G:96 B:64
Paleta[94]: R:192 G:96 B:64
Paleta[95]: R:224 G:96 B:64
Paleta[96]: R:0 G:128 B:64
Paleta[97]: R:32 G:128 B:64
Paleta[98]: R:64 G:128 B:64
Paleta[99]: R:96 G:128 B:64
Paleta[100]: R:128 G:128 B:64
Paleta[101]: R:160 G:128 B:64
Paleta[102]: R:192 G:128 B:64
Paleta[103]: R:224 G:128 B:64
Paleta[104]: R:0 G:160 B:64
Paleta[105]: R:32 G:160 B:64
Paleta[106]: R:64 G:160 B:64
Paleta[107]: R:96 G:160 B:64
Paleta[108]: R:128 G:160 B:64
Paleta[109]: R:160 G:160 B:64
Paleta[110]: R:192 G:160 B:64
Paleta[111]: R:224 G:160 B:64
Paleta[112]: R:0 G:192 B:64
Paleta[113]: R:32 G:192 B:64
Paleta[114]: R:64 G:192 B:64
Paleta[115]: R:96 G:192 B:64
Paleta[116]: R:128 G:192 B:64
Paleta[117]: R:160 G:192 B:64
Paleta[118]: R:192 G:192 B:64
Paleta[119]: R:224 G:192 B:64
Paleta[120]: R:0 G:224 B:64
Paleta[121]: R:32 G:224 B:64
Paleta[122]: R:64 G:224 B:64
Paleta[123]: R:96 G:224 B:64
Paleta[124]: R:128 G:224 B:64
Paleta[125]: R:160 G:224 B:64
Paleta[126]: R:192 G:224 B:64
Paleta[127]: R:224 G:224 B:64
Paleta[128]: R:0 G:0 B:128
Paleta[129]: R:32 G:0 B:128
Paleta[130]: R:64 G:0 B:128
Paleta[131]: R:96 G:0 B:128
Paleta[132]: R:128 G:0 B:128
Paleta[133]: R:160 G:0 B:128
Paleta[134]: R:192 G:0 B:128
Paleta[135]: R:224 G:0 B:128
Paleta[136]: R:0 G:32 B:128
Paleta[137]: R:32 G:32 B:128
Paleta[138]: R:64 G:32 B:128
Paleta[139]: R:96 G:32 B:128
Paleta[140]: R:128 G:32 B:128
Paleta[141]: R:160 G:32 B:128
Paleta[142]: R:192 G:32 B:128
Paleta[143]: R:224 G:32 B:128
Paleta[144]: R:0 G:64 B:128
Paleta[145]: R:32 G:64 B:128
Paleta[146]: R:64 G:64 B:128
Paleta[147]: R:96 G:64 B:128
Paleta[148]: R:128 G:64 B:128
Paleta[149]: R:160 G:64 B:128
Paleta[150]: R:192 G:64 B:128
Paleta[151]: R:224 G:64 B:128
Paleta[152]: R:0 G:96 B:128
Paleta[153]: R:32 G:96 B:128
Paleta[154]: R:64 G:96 B:128
Paleta[155]: R:96 G:96 B:128
Paleta[156]: R:128 G:96 B:128
Paleta[157]: R:160 G:96 B:128
Paleta[158]: R:192 G:96 B:128
Paleta[159]: R:224 G:96 B:128
Paleta[160]: R:0 G:128 B:128
Paleta[161]: R:32 G:128 B:128
Paleta[162]: R:64 G:128 B:128
Paleta[163]: R:96 G:128 B:128
Paleta[164]: R:128 G:128 B:128
Paleta[165]: R:160 G:128 B:128
Paleta[166]: R:192 G:128 B:128
Paleta[167]: R:224 G:128 B:128
Paleta[168]: R:0 G:160 B:128
Paleta[169]: R:32 G:160 B:128
Paleta[170]: R:64 G:160 B:128
Paleta[171]: R:96 G:160 B:128
Paleta[172]: R:128 G:160 B:128
Paleta[173]: R:160 G:160 B:128
Paleta[174]: R:192 G:160 B:128
Paleta[175]: R:224 G:160 B:128
Paleta[176]: R:0 G:192 B:128
Paleta[177]: R:32 G:192 B:128
Paleta[178]: R:64 G:192 B:128
Paleta[179]: R:96 G:192 B:128
Paleta[180]: R:128 G:192 B:128
Paleta[181]: R:160 G:192 B:128
Paleta[182]: R:192 G:192 B:128
Paleta[183]: R:224 G:192 B:128
Paleta[184]: R:0 G:224 B:128
Paleta[185]: R:32 G:224 B:128
Paleta[186]: R:64 G:224 B:128
Paleta[187]: R:96 G:224 B:128
Paleta[188]: R:128 G:224 B:128
Paleta[189]: R:160 G:224 B:128
Paleta[190]: R:192 G:224 B:128
Paleta[191]: R:224 G:224 B:128
Paleta[192]: R:0 G:0 B:192
Paleta[193]: R:32 G:0 B:192
Paleta[194]: R:64 G:0 B:192
Paleta[195]: R:96 G:0 B:192
Paleta[196]: R:128 G:0 B:192
Paleta[197]: R:160 G:0 B:192
Paleta[198]: R:192 G:0 B:192
Paleta[199]: R:224 G:0 B:192
Paleta[200]: R:0 G:32 B:192
Paleta[201]: R:32 G:32 B:192
Paleta[202]: R:64 G:32 B:192
Paleta[203]: R:96 G:32 B:192
Paleta[204]: R:128 G:32 B:192
Paleta[205]: R:160 G:32 B:192
Paleta[206]: R:192 G:32 B:192
Paleta[207]: R:224 G:32 B:192
Paleta[208]: R:0 G:64 B:192
Paleta[209]: R:32 G:64 B:192
Paleta[210]: R:64 G:64 B:192
Paleta[211]: R:96 G:64 B:192
Paleta[212]: R:128 G:64 B:192
Paleta[213]: R:160 G:64 B:192
Paleta[214]: R:192 G:64 B:192
Paleta[215]: R:224 G:64 B:192
Paleta[216]: R:0 G:96 B:192
Paleta[217]: R:32 G:96 B:192
Paleta[218]: R:64 G:96 B:192
Paleta[219]: R:96 G:96 B:192
Paleta[220]: R:128 G:96 B:192
Paleta[221]: R:160 G:96 B:192
Paleta[222]: R:192 G:96 B:192
Paleta[223]: R:224 G:96 B:192
Paleta[224]: R:0 G:128 B:192
Paleta[225]: R:32 G:128 B:192
Paleta[226]: R:64 G:128 B:192
Paleta[227]: R:96 G:128 B:192
Paleta[228]: R:128 G:128 B:192
Paleta[229]: R:160 G:128 B:192
Paleta[230]: R:192 G:128 B:192
Paleta[231]: R:224 G:128 B:192
Paleta[232]: R:0 G:160 B:192
Paleta[233]: R:32 G:160 B:192
Paleta[234]: R:64 G:160 B:192
Paleta[235]: R:96 G:160 B:192
Paleta[236]: R:128 G:160 B:192
Paleta[237]: R:160 G:160 B:192
Paleta[238]: R:192 G:160 B:192
Paleta[239]: R:224 G:160 B:192
Paleta[240]: R:0 G:192 B:192
Paleta[241]: R:32 G:192 B:192
Paleta[242]: R:64 G:192 B:192
Paleta[243]: R:96 G:192 B:192
Paleta[244]: R:128 G:192 B:192
Paleta[245]: R:160 G:192 B:192
Paleta[246]: R:255 G:251 B:240
Paleta[247]: R:160 G:160 B:164
Paleta[248]: R:128 G:128 B:128
Paleta[249]: R:255 G:0 B:0
Paleta[250]: R:0 G:255 B:0
Paleta[251]: R:255 G:255 B:0
Paleta[252]: R:0 G:0 B:255
Paleta[253]: R:255 G:0 B:255
Paleta[254]: R:0 G:255 B:255
Paleta[255]: R:255 G:255 B:255
Soma linha 0: 15416
Soma linha 1: 15174
Soma linha 2: 14221
Soma linha 3: 13748
Soma linha 4: 13742
Soma linha 5: 13737
Soma linha 6: 13729
Soma linha 7: 13728
Soma linha 8: 14423
Soma linha 9: 13722
Soma linha 10: 13941
Soma linha 11: 13477
Soma linha 12: 13932
Soma linha 13: 14164
Soma linha 14: 13943
Soma linha 15: 15333
Soma linha 16: 19735
Soma linha 17: 20649
Soma linha 18: 33577
Soma linha 19: 41431
Soma linha 20: 40503
Soma linha 21: 51135
Soma linha 22: 61329
Soma linha 23: 68750
Soma linha 24: 78945
Soma linha 25: 78311
Soma linha 26: 90809
Soma linha 27: 99703
Soma linha 28: 103949
Soma linha 29: 110624
Soma linha 30: 118212
Soma linha 31: 121196
Soma linha 32: 129805
Soma linha 33: 135359
Soma linha 34: 141566
Soma linha 35: 146177
Soma linha 36: 149375
Soma linha 37: 151072
Soma linha 38: 153471
Soma linha 39: 155787
Soma linha 40: 157822
Soma linha 41: 164211
Soma linha 42: 172328
Soma linha 43: 177698
Soma linha 44: 185199
Soma linha 45: 190345
Soma linha 46: 196010
Soma linha 47: 200625
Soma linha 48: 203928
Soma linha 49: 209457
Soma linha 50: 212486
Soma linha 51: 216325
Soma linha 52: 226515
Soma linha 53: 229835
Soma linha 54: 239999
Soma linha 55: 245719
Soma linha 56: 253055
Soma linha 57: 259173
Soma linha 58: 263054
Soma linha 59: 274350
Soma linha 60: 279923
Soma linha 61: 282575
Soma linha 62: 281493
Soma linha 63: 283185
Soma linha 64: 284998
Soma linha 65: 287302
Soma linha 66: 285383
Soma linha 67: 290166
Soma linha 68: 290649
Soma linha 69: 290416
Soma linha 70: 292944
Soma linha 71: 294393
Soma linha 72: 293422
Soma linha 73: 295028
Soma linha 74: 296087
Soma linha 75: 299583
Soma linha 76: 302815
Soma linha 77: 303270
Soma linha 78: 304838
Soma linha 79: 309150
Soma linha 80: 310003
Soma linha 81: 316751
Soma linha 82: 329201
Soma linha 83: 330358
Soma linha 84: 337282
Soma linha 85: 336940
Soma linha 86: 336418
Soma linha 87: 338015
Soma linha 88: 337072
Soma linha 89: 336574
Soma linha 90: 333792
Soma linha 91: 332468
Soma linha 92: 326814
Soma linha 93: 322911
Soma linha 94: 319480
Soma linha 95: 317475
Soma linha 96: 314491
Soma linha 97: 311036
Soma linha 98: 301316
Soma linha 99: 292601
Soma linha 100: 284201
Soma linha 101: 274479
Soma linha 102: 263813
Soma linha 103: 259881
Soma linha 104: 265652
Soma linha 105: 262750
Soma linha 106: 263940
Soma linha 107: 265001
Soma linha 108: 263574
Soma linha 109: 261478
Soma linha 110: 262385
Soma linha 111: 263268
Soma linha 112: 263827
Soma linha 113: 263572
Soma linha 114: 263238
Soma linha 115: 262274
Soma linha 116: 259680
Soma linha 117: 261182
Soma linha 118: 263692
Soma linha 119: 265917
Soma linha 120: 265161
Soma linha 121: 263930
Soma linha 122: 261261
Soma linha 123: 257365
Soma linha 124: 261013
Soma linha 125: 263421
Soma linha 126: 272137
Soma linha 127: 269697
Soma linha 128: 262350
Soma linha 129: 258535
Soma linha 130: 258849
Soma linha 131: 258581
Soma linha 132: 256894
Soma linha 133: 260050
Soma linha 134: 260301
Soma linha 135: 261907
Soma linha 136: 260131
Soma linha 137: 262525
Soma linha 138: 262293
Soma linha 139: 261653
Soma linha 140: 262079
Soma linha 141: 265108
Soma linha 142: 271639
Soma linha 143: 277014
Soma linha 144: 284946
Soma linha 145: 291842
Soma linha 146: 299190
Soma linha 147: 303172
Soma linha 148: 305295
Soma linha 149: 307805
Soma linha 150: 306154
Soma linha 151: 301104
Soma linha 152: 298705
Soma linha 153: 298502
Soma linha 154: 294024
Soma linha 155: 295487
Soma linha 156: 298983
Soma linha 157: 303657
Soma linha 158: 308030
Soma linha 159: 313740
Soma linha 160: 316726
Soma linha 161: 319925
Soma linha 162: 322411
Soma linha 163: 325747
Soma linha 164: 326432
Soma linha 165: 326905
Soma linha 166: 325784
Soma linha 167: 324955
Soma linha 168: 322609
Soma linha 169: 320085
Soma linha 170: 324255
Soma linha 171: 325038
Soma linha 172: 330243
Soma linha 173: 333488
Soma linha 174: 336833
Soma linha 175: 344759
Soma linha 176: 348130
Soma linha 177: 351142
Soma linha 178: 354831
Soma linha 179: 351855
Soma linha 180: 351354
Soma linha 181: 348125
Soma linha 182: 347062
Soma linha 183: 346399
Soma linha 184: 348182
Soma linha 185: 346728
Soma linha 186: 342981
Soma linha 187: 345275
Soma linha 188: 347751
Soma linha 189: 347942
Soma linha 190: 348173
Soma linha 191: 347882
Soma linha 192: 349218
Soma linha 193: 348618
Soma linha 194: 351300
Soma linha 195: 352460
Soma linha 196: 354358
Soma linha 197: 350336
Soma linha 198: 352779
Soma linha 199: 355839
Soma linha 200: 358567
Soma linha 201: 365213
Soma linha 202: 367450
Soma linha 203: 369229
Soma linha 204: 368045
Soma linha 205: 377161
Soma linha 206: 378321
Soma linha 207: 382570
Soma linha 208: 384121
Soma linha 209: 380793
Soma linha 210: 378265
Soma linha 211: 371288
Soma linha 212: 365774
Soma linha 213: 372524
Soma linha 214: 372888
Soma linha 215: 372376
Soma linha 216: 376072
Soma linha 217: 378426
Soma linha 218: 374774
Soma linha 219: 369050
Soma linha 220: 366198
Soma linha 221: 352469
Soma linha 222: 349662
Soma linha 223: 352131
Soma linha 224: 354178
Soma linha 225: 352422
Soma linha 226: 354254
Soma linha 227: 361353
Soma linha 228: 363863
Soma linha 229: 365626
Soma linha 230: 374338
Soma linha 231: 374681
Soma linha 232: 375601
Soma linha 233: 373636
Soma linha 234: 374914
Soma linha 235: 373843
Soma linha 236: 376624
Soma linha 237: 373444
Soma linha 238: 375181
Soma linha 239: 378238
Soma linha 240: 378021
Soma linha 241: 378784
Soma linha 242: 374107
Soma linha 243: 373457
Soma linha 244: 370151
Soma linha 245: 367732
Soma linha 246: 367795
Soma linha 247: 363401
Soma linha 248: 363210
Soma linha 249: 358567
Soma linha 250: 349129
Soma linha 251: 344065
Soma linha 252: 343057
Soma linha 253: 337829
Soma linha 254: 336064
Soma linha 255: 334625
Soma linha 256: 331815
Soma linha 257: 324506
Soma linha 258: 319908
Soma linha 259: 317986
Soma linha 260: 314853
Soma linha 261: 306626
Soma linha 262: 296858
Soma linha 263: 291522
Soma linha 264: 285409
Soma linha 265: 284194
Soma linha 266: 285088
Soma linha 267: 283034
Soma linha 268: 281766
Soma linha 269: 273670
Soma linha 270: 271691
Soma linha 271: 276071
Soma linha 272: 277369
Soma linha 273: 273382
Soma linha 274: 269303
Soma linha 275: 271989
Soma linha 276: 273697
Soma linha 277: 269870
Soma linha 278: 266572
Soma linha 279: 270303
Soma linha 280: 266686
Soma linha 281: 263503
Soma linha 282: 257044
Soma linha 283: 252195
Soma linha 284: 249667
Soma linha 285: 240891
Soma linha 286: 242890
Soma linha 287: 239403
Soma linha 288: 238837
Soma linha 289: 239528
Soma linha 290: 237063
Soma linha 291: 227617
Soma linha 292: 227615
Soma linha 293: 224695
Soma linha 294: 223083
Soma linha 295: 225782
Soma linha 296: 226087
Soma linha 297: 230901
Soma linha 298: 228540
Soma linha 299: 229233
Soma linha 300: 227799
Soma linha 301: 224096
Soma linha 302: 224784
Soma linha 303: 220086
Soma linha 304: 220997
Soma linha 305: 218725
Soma linha 306: 215089
Soma linha 307: 214724
Soma linha 308: 217849
Soma linha 309: 213602
Soma linha 310: 212498
Soma linha 311: 213061
Soma linha 312: 213334
Soma linha 313: 213342
Soma linha 314: 210798
Soma linha 315: 209370
Soma linha 316: 216583
Soma linha 317: 217168
Soma linha 318: 220520
Soma linha 319: 223209
Soma linha 320: 222126
Soma linha 321: 224483
Soma linha 322: 225149
Soma linha 323: 229712
Soma linha 324: 228047
Soma linha 325: 230434
Soma linha 326: 226122
Soma linha 327: 223709
Soma linha 328: 222515
Soma linha 329: 218502
Soma linha 330: 209132
Soma linha 331: 209168
Soma linha 332: 209479
Soma linha 333: 210298
Soma linha 334: 206207
Soma linha 335: 202830
Soma linha 336: 202684
Soma linha 337: 200701
Soma linha 338: 203770
Soma linha 339: 199702
Soma linha 340: 198597
Soma linha 341: 200250
Soma linha 342: 202525
Soma linha 343: 207054
Soma linha 344: 210468
Soma linha 345: 214276
Soma linha 346: 216659
Soma linha 347: 217628
Soma linha 348: 220225
Soma linha 349: 223121
Soma linha 350: 222364
Soma linha 351: 225095
Soma linha 352: 229020
Soma linha 353: 227042
Soma linha 354: 227240
Soma linha 355: 231378
Soma linha 356: 238481
Soma linha 357: 242389
Soma linha 358: 255285
Soma linha 359: 258481
Soma linha 360: 258926
Soma linha 361: 262915
Soma linha 362: 268652
Soma linha 363: 278511
Soma linha 364: 283199
Soma linha 365: 284416
Soma linha 366: 286059
Soma linha 367: 283974
Soma linha 368: 285185
Soma linha 369: 284978
Soma linha 370: 289104
Soma linha 371: 283702
Soma linha 372: 283970
Soma linha 373: 277058
Soma linha 374: 279270
Soma linha 375: 278517
Soma linha 376: 285259
Soma linha 377: 288342
Soma linha 378: 285845
Soma linha 379: 282853
Soma linha 380: 277971
Soma linha 381: 275045
Soma linha 382: 265653
Soma linha 383: 260358
Soma linha 384: 256171
Soma linha 385: 254445
Soma linha 386: 251087
Soma linha 387: 250214
Soma linha 388: 248047
Soma linha 389: 246443
Soma linha 390: 248424
Soma linha 391: 246128
Soma linha 392: 244283
Soma linha 393: 246507
Soma linha 394: 244236
Soma linha 395: 245430
Soma linha 396: 245810
Soma linha 397: 249665
Soma linha 398: 245102
Soma linha 399: 248541
Soma linha 400: 249295
Soma linha 401: 249953
Soma linha 402: 244369
Soma linha 403: 251212
Soma linha 404: 244980
Soma linha 405: 245777
Soma linha 406: 239331
Soma linha 407: 231594
Soma linha 408: 234958
Soma linha 409: 231061
Soma linha 410: 228267
Soma linha 411: 233098
Soma linha 412: 233693
Soma linha 413: 240713
Soma linha 414: 242135
Soma linha 415: 245769
Soma linha 416: 253022
Soma linha 417: 253461
Soma linha 418: 250076
Soma linha 419: 247091
Soma linha 420: 248412
Soma linha 421: 248008
Soma linha 422: 246525
Soma linha 423: 245978
Soma linha 424: 245279
Soma linha 425: 232790
Soma linha 426: 230548
Soma linha 427: 237298
Soma linha 428: 240995
Soma linha 429: 245174
Soma linha 430: 242402
Soma linha 431: 240440
Soma linha 432: 235872
Soma linha 433: 225685
Soma linha 434: 217136
Soma linha 435: 218023
Soma linha 436: 215843
Soma linha 437: 210240
Soma linha 438: 207449
Soma linha 439: 205022
Soma linha 440: 192670
Soma linha 441: 191228
Soma linha 442: 187660
Soma linha 443: 189104
Soma linha 444: 189110
Soma linha 445: 189870
Soma linha 446: 187994
Soma linha 447: 189111
Soma linha 448: 193001
Soma linha 449: 197634
Soma linha 450: 200433
Soma linha 451: 205377
Soma linha 452: 208838
Soma linha 453: 224895
Soma linha 454: 227823
Soma linha 455: 233173
Soma linha 456: 242156
Soma linha 457: 247577
Soma linha 458: 258327
Soma linha 459: 259874
Soma linha 460: 262192
Soma linha 461: 258530
Soma linha 462: 258028
Soma linha 463: 258641
Soma linha 464: 263525
Soma linha 465: 262104
Soma linha 466: 257549
Soma linha 467: 254059
Soma linha 468: 256088
Soma linha 469: 248631
Soma linha 470: 254537
Soma linha 471: 258052
Soma linha 472: 253079
Soma linha 473: 251828
Soma linha 474: 250494
Soma linha 475: 249096
Soma linha 476: 248578
Soma linha 477: 253341
Soma linha 478: 258152
Soma linha 479: 251869
Soma linha 480: 252404
Soma linha 481: 251774
Soma linha 482: 241867
Soma linha 483: 245171
Soma linha 484: 244967
Soma linha 485: 249390
Soma linha 486: 244250
Soma linha 487: 244544
Soma linha 488: 238299
Soma linha 489: 233709
Soma linha 490: 228536
Soma linha 491: 231447
Soma linha 492: 230285
Soma linha 493: 228127
Soma linha 494: 227327
Soma linha 495: 225608
Soma linha 496: 226755
Soma linha 497: 221095
Soma linha 498: 206440
Soma linha 499: 205613
Soma linha 500: 214240
Soma linha 501: 209977
Soma linha 502: 210808
Soma linha 503: 219178
Soma linha 504: 225075
Soma linha 505: 224974
Soma linha 506: 222912
Soma linha 507: 215572
Soma linha 508: 217018
Soma linha 509: 218598
Soma linha 510: 212534
Soma linha 511: 215297
Soma linha 512: 213288
Soma linha 513: 212688
Soma linha 514: 209395
Soma linha 515: 207021
Soma linha 516: 208821
Soma linha 517: 204754
Soma linha 518: 211302
Soma linha 519: 213178
Soma linha 520: 211862
Soma linha 521: 206039
Soma linha 522: 206270
Soma linha 523: 210891
Soma linha 524: 211382
Soma linha 525: 207988
Soma linha 526: 202752
Soma linha 527: 218985
Soma linha 528: 218013
Soma linha 529: 231435
Soma linha 530: 237742
Soma linha 531: 227430
Soma linha 532: 226079
Soma linha 533: 233000
Soma linha 534: 231218
Soma linha 535: 232578
Soma linha 536: 243018
Soma linha 537: 243287
Soma linha 538: 244124
Soma linha 539: 246232
Soma linha 540: 263232
Soma linha 541: 283020
Soma linha 542: 278275
Soma linha 543: 273030
Soma linha 544: 272091
Soma linha 545: 298548
Soma linha 546: 299825
Soma linha 547: 302935
Soma linha 548: 300184
Soma linha 549: 299038
Soma linha 550: 303624
Soma linha 551: 304143
Soma linha 552: 305075
Soma linha 553: 309304
Soma linha 554: 305451
Soma linha 555: 308376
Soma linha 556: 299092
Soma linha 557: 306622
Soma linha 558: 308747
Soma linha 559: 307376
Soma linha 560: 305709
Soma linha 561: 307071
Soma linha 562: 309259
Soma linha 563: 312157
Soma linha 564: 318070
Soma linha 565: 313717
Soma linha 566: 295932
Soma linha 567: 285301
Soma linha 568: 263910
Soma linha 569: 265262
Soma linha 570: 271936
Soma linha 571: 273246
Soma linha 572: 277475
Soma linha 573: 272538
Soma linha 574: 279579
Soma linha 575: 270262
Soma linha 576: 261716
Soma linha 577: 258691
Soma linha 578: 249987
Soma linha 579: 246430
Soma linha 580: 252687
Soma linha 581: 251489
Soma linha 582: 252819
Soma linha 583: 257638
Soma linha 584: 257233
Soma linha 585: 266117
Soma linha 586: 265517
Soma linha 587: 269134
Soma linha 588: 270392
Soma linha 589: 260408
Soma linha 590: 244064
Soma linha 591: 246697
Soma linha 592: 245167
Soma linha 593: 248248
Soma linha 594: 241682
Soma linha 595: 241186
Soma linha 596: 233143
Soma linha 597: 230403
Soma linha 598: 245626
Soma linha 599: 246588
Soma linha 600: 232065
Soma linha 601: 226999
Soma linha 602: 226386
Soma linha 603: 227733
Soma linha 604: 228054
Soma linha 605: 227676
Soma linha 606: 227266
Soma linha 607: 231000
Soma linha 608: 240370
Soma linha 609: 247804
Soma linha 610: 253770
Soma linha 611: 255810
Soma linha 612: 248980
Soma linha 613: 250217
Soma linha 614: 245940
Soma linha 615: 246715
Soma linha 616: 247457
Soma linha 617: 246293
Soma linha 618: 238239
Soma linha 619: 235386
Soma linha 620: 233926
Soma linha 621: 237513
Soma linha 622: 242247
Soma linha 623: 248226
Soma linha 624: 264351
Soma linha 625: 263930
Soma linha 626: 262070
Soma linha 627: 267186
Soma linha 628: 275318
Soma linha 629: 266721
Soma linha 630: 269087
Soma linha 631: 267243
Soma linha 632: 264700
Soma linha 633: 264325
Soma linha 634: 260381
Soma linha 635: 257708
Soma linha 636: 257455
Soma linha 637: 255417
Soma linha 638: 253486
Soma linha 639: 252237
Soma linha 640: 250545
Soma linha 641: 257498
Soma linha 642: 263631
Soma linha 643: 256668
Soma linha 644: 256840
Soma linha 645: 261224
Soma linha 646: 259404
Soma linha 647: 258997
Soma linha 648: 257106
Soma linha 649: 256011
Soma linha 650: 254832
Soma linha 651: 254648
Soma linha 652: 263206
Soma linha 653: 270568
Soma linha 654: 269045
Soma linha 655: 275663
Soma linha 656: 271925
Soma linha 657: 276140
Soma linha 658: 274792
Soma linha 659: 286281
Soma linha 660: 283479
Soma linha 661: 292206
Soma linha 662: 295334
Soma linha 663: 300637
Soma linha 664: 293943
Soma linha 665: 286746
Soma linha 666: 296428
Soma linha 667: 295463
Soma linha 668: 294290
Soma linha 669: 295517
Soma linha 670: 298310
Soma linha 671: 301687
Soma linha 672: 293780
Soma linha 673: 297009
Soma linha 674: 300377
Soma linha 675: 299669
Soma linha 676: 301228
Soma linha 677: 302412
Soma linha 678: 298817
Soma linha 679: 300716
Soma linha 680: 302445
Soma linha 681: 305342
Soma linha 682: 303093
Soma linha 683: 297850
Soma linha 684: 300764
Soma linha 685: 300862
Soma linha 686: 300024
Soma linha 687: 294477
Soma linha 688: 298234
Soma linha 689: 288233
Soma linha 690: 289643
Soma linha 691: 294567
Soma linha 692: 297242
Soma linha 693: 297307
Soma linha 694: 297891
Soma linha 695: 300536
Soma linha 696: 302842
Soma linha 697: 294115
Soma linha 698: 296535
Soma linha 699: 289818
Soma linha 700: 280967
Soma linha 701: 290099
Soma linha 702: 298034
Soma linha 703: 293802
Soma linha 704: 289131
Soma linha 705: 294325
Soma linha 706: 299100
Soma linha 707: 290543
Soma linha 708: 293710
Soma linha 709: 297736
Soma linha 710: 294895
Soma linha 711: 292978
Soma linha 712: 287382
Soma linha 713: 292859
Soma linha 714: 301288
Soma linha 715: 310225
Soma linha 716: 317821
Soma linha 717: 306754
Soma linha 718: 308960
Soma linha 719: 316293
Soma linha 720: 329801
Soma linha 721: 329066
Soma linha 722: 338585
Soma linha 723: 331644
Soma linha 724: 331037
Soma linha 725: 326175
Soma linha 726: 326997
Soma linha 727: 329385
Soma linha 728: 334665
Soma linha 729: 334115
Soma linha 730: 339244
Soma linha 731: 342718
Soma linha 732: 344913
Soma linha 733: 342848
Soma linha 734: 343487
Soma linha 735: 355534
Soma linha 736: 348593
Soma linha 737: 339241
Soma linha 738: 343077
Soma linha 739: 350106
Soma linha 740: 348457
Soma linha 741: 348455
Soma linha 742: 339295
Soma linha 743: 338119
Soma linha 744: 333816
Soma linha 745: 332768
Soma linha 746: 340565
Soma linha 747: 333829
Soma linha 748: 336631
Soma linha 749: 343343
Soma linha 750: 344081
Soma linha 751: 341329
Soma linha 752: 348526
Soma linha 753: 331100
Soma linha 754: 337665
Soma linha 755: 328314
Soma linha 756: 348710
Soma linha 757: 339176
Soma linha 758: 342856
Soma linha 759: 349199
Soma linha 760: 344650
Soma linha 761: 347779
Soma linha 762: 343270
Soma linha 763: 341004
Soma linha 764: 339784
Soma linha 765: 337029
Soma linha 766: 340751
Soma linha 767: 342890
Soma linha 768: 339218
Soma linha 769: 341459
Soma linha 770: 344061
Soma linha 771: 337883
Soma linha 772: 340661
Soma linha 773: 335186
Soma linha 774: 340411
Soma linha 775: 329203
Soma linha 776: 335238
Soma linha 777: 334998
Soma linha 778: 331962
Soma linha 779: 317616
Soma linha 780: 311118
Soma linha 781: 310888
Soma linha 782: 303882
Soma linha 783: 309348
Soma linha 784: 310207
Soma linha 785: 296948
Soma linha 786: 310909
Soma linha 787: 309050
Soma linha 788: 303151
Soma linha 789: 295624
Soma linha 790: 294592
Soma linha 791: 292658
Soma linha 792: 275440
Soma linha 793: 280606
Soma linha 794: 275715
Soma linha 795: 270079
Soma linha 796: 271035
Soma linha 797: 264711
Soma linha 798: 267191
Soma linha 799: 255948
Soma linha 800: 248979
Soma linha 801: 253419
Soma linha 802: 253789
Soma linha 803: 255366
Soma linha 804: 263148
Soma linha 805: 257265
Soma linha 806: 251409
Soma linha 807: 242430
Soma linha 808: 239230
Soma linha 809: 237028
Soma linha 810: 238807
Soma linha 811: 213592
Soma linha 812: 220638
Soma linha 813: 229805
Soma linha 814: 221344
Soma linha 815: 220695
Soma linha 816: 224249
Soma linha 817: 226998
Soma linha 818: 230053
Soma linha 819: 234242
Soma linha 820: 231209
Soma linha 821: 233309
Soma linha 822: 233077
Soma linha 823: 228908
Soma linha 824: 225359
Soma linha 825: 221462
Soma linha 826: 230899
Soma linha 827: 219720
Soma linha 828: 231560
Soma linha 829: 242402
Soma linha 830: 249012
Soma linha 831: 246894
Soma linha 832: 241683
Soma linha 833: 232057
Soma linha 834: 239982
Soma linha 835: 238489
Soma linha 836: 233174
Soma linha 837: 226228
Soma linha 838: 235750
Soma linha 839: 234316
Soma linha 840: 228440
Soma linha 841: 236742
Soma linha 842: 233956
Soma linha 843: 232975
Soma linha 844: 227367
Soma linha 845: 228392
Soma linha 846: 233574
Soma linha 847: 217310
Soma linha 848: 221084
Soma linha 849: 224356
Soma linha 850: 219253
Soma linha 851: 220076
Soma linha 852: 234889
Soma linha 853: 238967
Soma linha 854: 223242
Soma linha 855: 231182
Soma linha 856: 225871
Soma linha 857: 217243
Soma linha 858: 226829
Soma linha 859: 223003
Soma linha 860: 222670
Soma linha 861: 213304
Soma linha 862: 217726
Soma linha 863: 216740
Soma linha 864: 223591
Soma linha 865: 221618
Soma linha 866: 228971
Soma linha 867: 224663
Soma linha 868: 220456
Soma linha 869: 213857
Soma linha 870: 220037
Soma linha 871: 231380
Soma linha 872: 233581
Soma linha 873: 238465
Soma linha 874: 223864
Soma linha 875: 223712
Soma linha 876: 208926
Soma linha 877: 202358
Soma linha 878: 209681
Soma linha 879: 216380
Soma linha 880: 213143
Soma linha 881: 222814
Soma linha 882: 216545
Soma linha 883: 222828
Soma linha 884: 225041
Soma linha 885: 224802
Soma linha 886: 222804
Soma linha 887: 215684
Soma linha 888: 220153
Soma linha 889: 220276
Soma linha 890: 220205
Soma linha 891: 223412
Soma linha 892: 218619
Soma linha 893: 227956
Soma linha 894: 234537
Soma linha 895: 234877
Soma linha 896: 232023
Soma linha 897: 234216
Soma linha 898: 235378
Soma linha 899: 241809
Soma linha 900: 249303
Soma linha 901: 241284
Soma linha 902: 239093
Soma linha 903: 241995
Soma linha 904: 250246
Soma linha 905: 258247
Soma linha 906: 259627
Soma linha 907: 254519
Soma linha 908: 259840
Soma linha 909: 252364
Soma linha 910: 260024
Soma linha 911: 262790
Soma linha 912: 256413
Soma linha 913: 260535
Soma linha 914: 258676
Soma linha 915: 259112
Soma linha 916: 258231
Soma linha 917: 259762
Soma linha 918: 250949
Soma linha 919: 250536
Soma linha 920: 246187
Soma linha 921: 247427
Soma linha 922: 245510
Soma linha 923: 250945
Soma linha 924: 258409
Soma linha 925: 250601
Soma linha 926: 254497
Soma linha 927: 257693
Soma linha 928: 251311
Soma linha 929: 259292
Soma linha 930: 289531
Soma linha 931: 285928
Soma linha 932: 256051
Soma linha 933: 253298
Soma linha 934: 255415
Soma linha 935: 237015
Soma linha 936: 234899
Soma linha 937: 236914
Soma linha 938: 233400
Soma linha 939: 232385
Soma linha 940: 238794
Soma linha 941: 233547
Soma linha 942: 223635
Soma linha 943: 224237
Soma linha 944: 222140
Soma linha 945: 213349
Soma linha 946: 214581
Soma linha 947: 208080
Soma linha 948: 199729
Soma linha 949: 195757
Soma linha 950: 195036
Soma linha 951: 188335
Soma linha 952: 183350
Soma linha 953: 174983
Soma linha 954: 186368
Soma linha 955: 187540
Soma linha 956: 186640
Soma linha 957: 189308
Soma linha 958: 197306
Soma linha 959: 199926
Soma linha 960: 202283
Soma linha 961: 202474
Soma linha 962: 201936
Soma linha 963: 208649
Soma linha 964: 211227
Soma linha 965: 211527
Soma linha 966: 211659
Soma linha 967: 216976
Soma linha 968: 214619
Soma linha 969: 196399
Soma linha 970: 187768
Soma linha 971: 196283
Soma linha 972: 193582
Soma linha 973: 197804
Soma linha 974: 202200
Soma linha 975: 194242
Soma linha 976: 198521
Soma linha 977: 193494
Soma linha 978: 188270
Soma linha 979: 194632
Soma linha 980: 189787
Soma linha 981: 190679
Soma linha 982: 186826
Soma linha 983: 183339
Soma linha 984: 186165
Soma linha 985: 181480
Soma linha 986: 190360
Soma linha 987: 182899
Soma linha 988: 186271
Soma linha 989: 188339
Soma linha 990: 192772
Soma linha 991: 195649
Soma linha 992: 193409
Soma linha 993: 201976
Soma linha 994: 208778
Soma linha 995: 214060
Soma linha 996: 215503
Soma linha 997: 215020
Soma linha 998: 217077
Soma linha 999: 221405
Soma linha 1000: 228591
Soma linha 1001: 234201
Soma linha 1002: 228544
Soma linha 1003: 221587
Soma linha 1004: 225116
Soma linha 1005: 230034
Soma linha 1006: 229130
Soma linha 1007: 230477
Soma linha 1008: 225304
Soma linha 1009: 223932
Soma linha 1010: 223368
Soma linha 1011: 224587
Soma linha 1012: 228863
Soma linha 1013: 226143
Soma linha 1014: 220911
Soma linha 1015: 221744
Soma linha 1016: 221613
Soma linha 1017: 223341
Soma linha 1018: 217175
Soma linha 1019: 217711
Soma linha 1020: 219205
Soma linha 1021: 226599
Soma linha 1022: 230713
Soma linha 1023: 226120
Soma linha 1024: 222816
Soma linha 1025: 219957
Soma linha 1026: 217190
Soma linha 1027: 214886
Soma linha 1028: 213328
Soma linha 1029: 212583
Soma linha 1030: 214096
Soma linha 1031: 223903
Soma linha 1032: 228717
Soma linha 1033: 226658
Soma linha 1034: 224737
Soma linha 1035: 226864
Soma linha 1036: 223408
Soma linha 1037: 227788
Soma linha 1038: 227929
Soma linha 1039: 229842
Soma linha 1040: 227580
Soma linha 1041: 230341
Soma linha 1042: 231432
Soma linha 1043: 228980
Soma linha 1044: 225723
Soma linha 1045: 221187
Soma linha 1046: 218847
Soma linha 1047: 222065
Soma linha 1048: 225216
Soma linha 1049: 225494
Soma linha 1050: 229029
Soma linha 1051: 226560
Soma linha 1052: 219600
Soma linha 1053: 230039
Soma linha 1054: 227416
Soma linha 1055: 225174
Soma linha 1056: 223919
Soma linha 1057: 226745
Soma linha 1058: 225370
Soma linha 1059: 228330
Soma linha 1060: 219419
Soma linha 1061: 217713
Soma linha 1062: 205111
Soma linha 1063: 205650
Soma linha 1064: 206840
Soma linha 1065: 216745
Soma linha 1066: 207491
Soma linha 1067: 209013
Soma linha 1068: 215853
Soma linha 1069: 216952
Soma linha 1070: 210891
Soma linha 1071: 204132
Soma linha 1072: 199218
Soma linha 1073: 200260
Soma linha 1074: 209716
Soma linha 1075: 209725
Soma linha 1076: 213842
Soma linha 1077: 220084
Soma linha 1078: 228572
Soma linha 1079: 240126
lamboNegativo.bmp