100000
a
transcendentalizar-te-íamos
1020
1
carpinteirar-te-íamos
mialgia
miamos
miar-lha
miar-lhe-íamos
miar-lhes-ei
miar-lhes-eis
miar-lhes-emos
miar-lhes-ia
miar-lhes-ás
miar-me
miar-me-ei
miar-me-emos
miar-me-iam
miar-se-iam
miar-te-ão
miar-vos
miara
miaras
miaremos
miasmas
microbiologia
microbiólogos
microclima
microcomputadores
microfotógrafo
microfísica
microgramas
microgravam
microgravamos
microgravar-lhe-iam
microgravar-lhes-iam
microgravar-lhes-ás
microgravar-lhes-íamos
microgravar-lhos
microgravar-me-eis
microgravar-nos-ás
microgravar-se
microgravar-se-ão
microgravar-vos-emos
microgravarei
microgravaríeis
micrograveis
microgravá-lo-eis
microgravá-lo-ás
microgravávamos
microscopia
micróbio
micrófono
micrómetro
micénica
migalho
migando
migareis
migaria
migrados
migramos
migrante
migrar-lhe-iam
migrar-lhe-ás
migrar-nos-ias
migrar-nos-á
migrar-se
migrar-vos
migrara
migrarei
mijadeiro
mijai
mijar-lha
mijar-lhe
mijar-lhes-ias
mijar-lhes-ás
mijar-lho
mijar-me-iam
mijar-nos
mijar-nos-emos
mijar-nos-iam
mijar-nos-ias
mijar-se
mijar-te-ias
mijarás
mijaríamos
mijassem
mijastes
mijavas
milanesas
milhal
milhão
milionária
milissegundo
militam
militar-lhes-íamos
militar-me-emos
militar-nos-iam
militar-nos-ás
militar-te
militar-te-á
militaristas
militariza
militarizar-lhes
militarizar-lhes-emos
militarizar-nos-eis
militarizar-te-ei
militarizar-vos-íamos
militarizar-vos-íeis
militarizara
militarizarem
militarizasse
militarizei
militarizá-la
militarizá-lo-ei
militarão
milésimas
milésimo
mimalhos
mimar-lha
mimar-lhes-á
mimar-lhes-ão
mimar-me
mimar-se-ão
mimar-te-íamos
mimasse
mimetizar-lhe-á
mimetizar-lhes-ia
mimetizar-lhes-iam
mimetizar-me-ás
mimetizar-nos-ias
mimetizar-nos-íamos
mimetizar-te
mimetizar-te-ei
mimetizará
mimetizaríamos
mimetizassem
mimetizastes
mimetizem
mimicamente
mimosa
mimosear-lhes-emos
mimosear-me-á
mimosear-nos-íamos
mimosear-se-ia
mimosear-te-ias
mimoseara
mimoseasse
mimoseias
mimoseá-lo-iam
mimoseáreis
mimoseávamos
mimá-las
mimóseo
minamos
minar-nos-ia
minar-se-ia
minar-te-ei
minar-te-á
minar-vos-ão
minar-vos-íamos
minareis
minaretes
minavas
minemos
mineradas
mineralizai
mineralizamos
mineralizar
mineralizar-lhas
mineralizar-lhes
mineralizar-lhes-ás
mineralizar-lhes-íamos
mineralizar-lho
mineralizar-me-ei
mineralizar-te-emos
mineralizar-vos-íamos
mineralizar-vos-íeis
mineralizarei
mineralizá-los
minerar-lhas
minerar-lhe
minerar-lhe-ão
minerar-lhes-ia
minerar-me
minerar-me-eis
minerar-nos-emos
minerar-nos-ão
minerar-se
minerar-se-ão
minerar-te-emos
minerar-vos
minerar-vos-ão
minerara
minerarás
mineraríamos
mineras
mineraste
minerava
mineráreis
mingados
mingar-lhes-eis
mingar-lhes-á
mingar-me-emos
mingar-me-ão
mingareis
mingaremos
mingarias
mingava
mingua-vos
minguai-lhe
minguai-lhos
minguais-lho
minguais-me
minguais-te
minguamos-lhas
minguar-lhe-ei
minguar-lhe-eis
minguar-lhe-ias
minguar-lhe-íamos
minguar-lhos
minguar-me
minguar-nos-eis
minguar-te-ias
minguar-te-ão
minguar-vos-eis
minguar-vos-ás
minguardes
minguaríeis
minguei
minguo
minguo-vos
minguáveis
mingávamos
mingúe
mingúe-se
mingúem-lhe
mingúes-lhas
mingúes-lhes
mingúes-te
minhoto
miniaturam
miniaturar-lhe-ia
miniaturar-lhes-ias
miniaturar-nos-emos
miniaturar-nos-ão
miniaturar-se-á
miniaturar-vos-ias
miniaturariam
miniaturarias
miniaturastes
miniaturista
miniaturá-lo-iam
miniaturá-lo-ias
miniaturá-lo-ão
minimalistas
minimizando
minimizar-nos-eis
minimizar-se-ão
minimizar-te-ei
minimizaras
minimizavam
minimizavas
minimizei
minimizá-lo-emos
minimizá-lo-á
minimizá-lo-ás
minimizásseis
ministerialista
ministramos
ministrar-lhas
ministrar-me-iam
ministrar-nos-eis
ministrar-nos-ão
ministrar-vos-ei
ministrar-vos-íeis
ministrardes
ministraria
ministrarmos
ministrava
ministremos
ministrá-lo-emos
ministrá-lo-ia
ministrá-lo-ias
ministrá-lo-ás
ministrássemos
mino
minorar-lhe-iam
minorar-lhe-ias
minorar-lhes-á
minorar-me-emos
minorar-me-ás
minorar-me-íamos
minorar-nos-ás
minorar-se-ia
minoraremos
minorasse
minorámos
minotaurizada
minotaurizam
minotaurizar-lhe-ei
minotaurizar-lhes-ão
minotaurizar-me-ás
minotaurizar-nos-eis
minotaurizar-se-iam
minotaurizar-se-á
minotaurizar-te-ão
minotaurizar-vos-ias
minotaurizar-vos-ás
minotaurizastes
minotaurizavas
minotaurizá-lo-ias
minotaurizá-lo-á
minotaurizá-lo-ás
minta-te
mintais
mintais-lhas
mintais-vos
mintamos-lhas
minutador
minutar
minutar-lhe-ei
minutar-nos-iam
minutar-se-á
minutar-te-ias
minutar-te-ão
minutar-vos-ia
minutaremos
minutavam
minutemos
minutes
minutos
minutá-lo-ás
minutáveis
minúscula
mioleira
mirabolante
miracula
miraculados
miracular
miracular-lhe
miracular-lhe-á
miracular-lhes-eis
miracular-lhes-ia
miracular-lhes-á
miracular-lhes-ás
miracular-nos
miracular-nos-ias
miracular-te-iam
miracularas
miraculares
miracularias
miraculas
miraculavas
miraculo
miraculoso
miraculá-lo-á
mirar-lha
mirar-lhes-á
mirar-me-emos
mirar-se-ão
mirar-vos
mirar-vos-emos
mirar-vos-íamos
miraríamos
miravas
mirradas
mirradoras
mirradores
mirrados
mirrando
mirrar-lhe-ia
mirrar-lhe-ão
mirrar-lhes-ei
mirrar-te-íamos
mirrarem
mirrarão
mirraríeis
mirá-los
mirásseis
miríade
misantropo
miserar
miserar-te-ei
miserar-te-ia
miserar-te-á
miserar-te-íamos
miserar-vos-ias
miserar-vos-ás
miseraram
miseraria
miserarias
miseras
miserava
misereis
misericordiosamente
miserá-lo-ão
miserámos
missar-lhe-ão
missar-nos-iam
missar-se-iam
missar-te-ei
missaremos
missasses
missavam
missionadas
missionais
missionar-lhes-íamos
missionar-nos
missionar-nos-eis
missionar-nos-ão
missionar-nos-íamos
missionar-se
missionar-te-ia
missionar-te-íamos
missionar-vos-ei
missionar-vos-á
missionaram
missionaria
missionarias
missionava
missioná-lo
missioná-lo-emos
missionáramos
missionários
missiva
misso
missá-lo
missá-lo-iam
missá-lo-ias
mistifica
mistificadoras
mistificar-lhe-íamos
mistificassem
mistificá-lo-ão
misturado
misturadores
misturai
misturais
misturar-me
misturar-nos-ia
misturar-te-iam
misturar-vos-eis
misturar-vos-íeis
misturardes
misturarmos
misturá-los
misturáveis
miséria
mitificar-lhas
mitificar-lhe
mitificar-lhe-iam
mitificar-lhes-á
mitificar-me-á
mitificar-me-ás
mitificar-nos-iam
mitificar-te-iam
mitificar-te-ás
mitificar-vos-ias
mitificar-vos-íeis
mitificá-lo-íeis
mitificámos
mitificáreis
mitifique
mitifiquei
mitiga
mitigadas
mitigados
mitigar
mitigar-lhes-emos
mitigar-me-iam
mitigar-me-ão
mitigar-nos-ias
mitigar-se-á
mitigar-te
mitigar-te-iam
mitigaremos
mitigavas
mitigá-lo-ei
mitigá-lo-ias
mitigá-los
mitigáramos
mitologista
mitrada
mitrando
mitrar-lhe-iam
mitrar-lhes
mitrar-lhes-emos
mitrar-lhes-iam
mitrar-lhes-ias
mitrar-me-emos
mitrar-me-iam
mitrar-nos-eis
mitrar-nos-ás
mitrar-te-emos
mitrar-vos-ia
mitrara
mitrará
mitrá-lo-ia
mitrá-lo-íamos
mitrámos
miáreis
miássemos
disponde
