100000
ii
transcendentalizar-nos-íamos
801
0
mobilizar-lhes-íamos
digais
digas
digeri-lo-ão
digeriam
digeridos
digerindo
digerir-lhas
digerir-lhes-íamos
digerir-se
digerir-te-ão
digeriria
digeririas
digestível
digital
digitalizado
digitalizai
digitalizar-lhes-á
digitalizar-lhos
digitalizar-me-ias
digitalizar-me-ás
digitalizar-nos-ia
digitalizar-nos-iam
digitalizar-te-emos
digitalizar-vos-íeis
digitalizarei
digitalizas
digitalização
digitalizá-lo-íamos
digitalizáramos
digitalizáveis
digitam
digitamos
digitar-lhe-ei
digitar-lhe-iam
digitar-lhes
digitar-lhes-eis
digitar-me-á
digitar-nos-iam
digitar-vos
digitar-vos-eis
digitar-vos-ás
digite
digitou
digitá-lo
digitá-lo-á
digitáveis
dignar-lhes-á
dignar-lhes-íamos
dignar-lhos
dignar-me-emos
dignar-me-á
dignar-nos-iam
dignar-te-á
dignar-vos
dignar-vos-eis
dignar-vos-á
dignaras
dignarem
dignaríamos
dignaríeis
dignasse
digneis
dignidade
dignidades
dignificador
dignificadora
dignificar-lhe-ão
dignificar-nos-iam
dignificar-nos-ias
dignificaram
dignificares
dignificassem
dignificasses
dignificá-lo-emos
dignificá-lo-iam
dignificá-lo-ás
dignificá-los
dignifiquemos
digressionar
digressionar-lhe
digressionar-lhe-ias
digressionar-lhes
digressionar-lho
digressionar-me-eis
digressionar-nos-ão
digressionar-se-ia
digressionar-vos-eis
digressionar-vos-ão
digressionaria
digressionarias
digressionará
digressionaríeis
digressionas
digressionasse
digressionava
digástrico
barrar-vos-á
