100000
mo
transcendentalizar-lhes-emos
7219
0
amanhecer-lhes-íamos
ajais
ajam
ajanotadas
ajanotai
ajanotais
ajanotar-lhe-ei
ajanotar-lhe-emos
ajanotar-lhe-ão
ajanotar-lhes-ias
ajanotar-me-ás
ajanotar-nos-íamos
ajanotar-se-ia
ajanotaria
ajanotarias
ajanotará
ajanotas
ajanoteis
ajanotá-lo-ias
ajanotámos
ajardinada
ajardinamentos
ajardinar-lhes-ias
ajardinar-me-á
ajardinar-nos
ajardinar-nos-emos
ajardinar-nos-iam
ajardinar-te
ajardinar-te-ei
ajardinar-te-íamos
ajardinar-vos-á
ajardinareis
ajardinavas
ajardiná-lo-eis
ajardinámos
ajeitando
ajeitar-lhes
ajeitar-me-ei
ajeitar-nos-ás
ajeitar-se
ajeitar-te-íamos
ajeitar-vos-ia
ajeitar-vos-íeis
ajeitaras
ajeite
ajeites
ajeitá-lo-ia
ajeitá-lo-iam
ajeitá-los
ajeitáveis
ajoelhar-lhes-emos
ajoelhar-me-ias
ajoelhar-nos-iam
ajoelhar-nos-ias
ajoelhar-vos-ia
ajoelhar-vos-iam
ajoelharás
ajoelhas
ajoelhaste
ajoelhava
ajoelhá-lo-ão
ajornalar
ajornalar-lhos
ajornalar-nos-emos
ajornalar-te-emos
ajornalar-te-iam
ajornalar-te-íamos
ajornalar-vos-eis
ajornalar-vos-ão
ajornalarei
ajornalarem
ajornalarás
ajornalas
ajornalastes
ajornalem
ajornalo
ajornalá-lo-ei
ajornalá-lo-eis
ajornalá-lo-ás
ajoujam
ajoujando
ajoujar-lhes-eis
ajoujar-lho
ajoujar-me-eis
ajoujar-me-ão
ajoujar-nos-ão
ajoujar-vos-ei
ajoujar-vos-ias
ajoujar-vos-ás
ajoujaram
ajoujardes
ajoujareis
ajoujarem
ajoujaremos
ajoujares
ajoujastes
ajoujava
ajoujou
ajoujá-la
ajoujá-lo-iam
ajoujá-lo-ias
ajoujá-lo-á
ajudar-lhe-ei
ajudar-lhe-ias
ajudar-lhes
ajudar-lhes-ias
ajudar-me-ia
ajudar-me-ão
ajudar-se-ão
ajudar-te-ão
ajudar-vos-ia
ajudar-vos-á
ajudasses
ajudem
ajudá-lo-ias
ajudáreis
ajuizada
ajuizado
ajuizamos-lha
ajuizamos-se
ajuizar-lha
ajuizar-lhe-iam
ajuizar-lhes-emos
ajuizar-lhes-iam
ajuizar-me
ajuizar-me-eis
ajuizar-nos-iam
ajuizar-nos-íamos
ajuizar-se-ia
ajuizará
ajuizou
ajuizá-lo
ajuizá-lo-ia
ajuizássemos
ajuntada
ajuntador
ajuntados
ajuntai
ajuntais
ajuntar-me-iam
ajuntar-me-á
ajuntar-me-ão
ajuntar-te-iam
ajuntar-te-ias
ajuntar-te-íamos
ajuntar-vos-ão
ajuntara
ajuntaremos
ajuntares
ajuntarias
ajuntará
ajuntem
ajunto
ajuntáreis
ajuramentar-lho
ajuramentar-lhos
ajuramentar-nos-iam
ajuramentarem
ajuramentação
ajuramentações
ajuramento
ajuramentáramos
ajustando
ajustar-lhe-ão
ajustar-me-ei
ajustar-me-iam
ajustar-me-á
ajustar-nos-eis
ajustar-vos-emos
ajustar-vos-ia
ajustar-vos-ias
ajustarão
ajustassem
ajustice
ajustiçadas
ajustiçam
ajustiçar-lhas
ajustiçar-me-ias
ajustiçar-te-iam
ajustiçar-vos-íamos
ajustiçarás
ajustiças
ajustiçassem
ajustiçá-lo-emos
ajustiçámos
ajustiçáramos
ajustá-lo-ia
ajuíza-lho
ajuízam-lhas
ajuízam-se
ajuízas-lho
ajuíze-lhes
ajuíze-nos
ajuízem
ajuízem-te
ajuízo-lha
ajuízo-se
desembarcamentos
