100000
mo
internacionalizar-lhes-íamos
2284
0
internacionalizar-lhes-íamos
avivadas
avivado
avivadora
avivadoras
avivai
avivar-lhe-eis
avivar-lhe-iam
avivar-lhes-ei
avivar-lhes-á
avivar-nos-iam
avivar-nos-ão
avivar-nos-íamos
avivar-te-iam
avivardes
avivaremos
avivares
avivarão
avivaríeis
aviventadores
aviventar-lhe-emos
aviventar-lhe-ão
aviventar-lhes-ás
aviventar-se
aviventar-te-emos
aviventar-te-á
aviventar-vos-ei
aviventar-vos-emos
aviventar-vos-á
aviventar-vos-íamos
aviventaras
aviventareis
aviventarem
aviventaríeis
aviventaste
aviventavam
aviventá-lo-ia
aviventá-lo-íeis
avivá-la
avivá-las
coseria
