100000
i
constitucionalizar-lhes-íamos
746
2
deliberar-lhe-íamos
audacidades
auditeis
audites
auditora
audição
auferem
auferir-lhe-emos
auferir-lhe-iam
auferir-lhes-íamos
auferir-me-emos
auferir-me-iam
auferir-me-á
auferir-nos-ás
auferirmos
auferissem
auferisses
auge
augi-lo-íeis
augir-lha
augir-lhe-ia
augir-lhe-ás
augir-me
augir-nos
augir-te-iam
augir-te-á
augir-vos-ás
augiremos
augirmos
augurar-lha
augurar-lhe-ão
augurar-lhes-ás
augurar-nos
augurar-se-ia
augurar-se-á
augurardes
augurareis
augurasse
augurá-lo-eis
auguráreis
augustinianos
aumentar-lha
aumentar-lhe-eis
aumentar-lhes-eis
aumentar-lhes-ia
aumentar-nos
aumentar-te-ei
aumentar-vos-eis
aumentar-vos-emos
aumentar-vos-ia
aumentar-vos-ás
aumentara
aumentarão
aumentaríeis
aumentativo
aumentemos
aumentos
aumentá-lo
aumentá-lo-ias
aumentáreis
aunai-lho
aunai-se
aunais-se
aunamo-nos
aureola
aureolados
aureolando
aureolar-lhas
aureolar-lhes-iam
aureolar-me-ia
aureolar-me-á
aureolar-te-ão
aureolar-vos-ei
aureolas
aureolavas
aureolá-lo-ei
aureolá-lo-emos
aurificar-lhas
aurificar-lhes
aurificar-lhes-ão
aurificar-lho
aurificar-me-iam
aurificar-me-ás
aurificar-nos
aurificar-se
aurificar-se-ão
aurificar-te-emos
aurificaremos
aurifico
aurificá-lo-ia
aurificá-los
aurificáramos
aurifiquei
aurorar-me-ão
aurorar-nos
aurorar-se-ão
aurorar-vos-íamos
aurorarem
aurorarás
auroras
aurorassem
aurorescer-lhe-iam
aurorescer-lhe-ias
aurorescer-lhes
aurorescer-lhes-ias
aurorescer-lhes-íamos
aurorescer-nos-ia
aurorescer-te-emos
aurorescereis
auroresceu
aurorescia
aurorescidas
auroresço
aurorámos
auscultam
auscultando
auscultar-lhes-ia
auscultar-me-ás
auscultar-nos-eis
auscultar-nos-emos
auscultar-vos
auscultar-vos-emos
auscultar-vos-ias
auscultar-vos-á
auscultarmos
auscultarás
auscultavam
auscultação
auscultes
auscultou
auscultá-lo-emos
auscultá-lo-á
ausenta
ausentar-lhe-ei
ausentar-lhes-eis
ausentar-lhes-ia
ausentar-se
ausentar-te-emos
ausentarão
ausentem
ausento
ausentáreis
ausentássemos
auspiciadora
auspiciais
auspiciam
auspiciar-lhe-ei
auspiciar-lhe-eis
auspiciar-lhe-ia
auspiciar-lhes-íamos
auspiciar-nos-ia
auspiciar-te-iam
auspiciar-vos-ei
auspiciar-vos-eis
auspiciastes
auspiciemos
auspicio
auspiciá-lo-íamos
auspiciá-lo-íeis
austeridades
austerizar-lhes-eis
austerizar-lhes-íamos
austerizar-lho
austerizar-me-ias
austerizar-vos-ás
austerizarem
austerizariam
austerizas
austerizassem
austerizastes
austerizeis
austerizem
austerizá-la
austerizá-lo
austerizá-lo-ia
austerizá-lo-iam
austerizá-lo-ás
austerizámos
austerizáveis
austeros
austríacos
autenticar-lhe-iam
autenticar-lhe-á
autenticar-me-ei
autenticar-me-íamos
autenticar-nos-ias
autenticar-nos-ão
autenticar-nos-íamos
autenticar-te-ão
autenticar-vos
autenticar-vos-emos
autenticar-vos-íamos
autenticarás
autenticáveis
autentificai
autentificar-lhe-ias
autentificar-me-ei
autentificar-me-ão
autentificar-nos-eis
autentificar-nos-íamos
autentificar-vos-íamos
autentificariam
autentificaríeis
autentificasse
autentificasses
autentificássemos
autentifiquemos
auto-avaliar
auto-rádio
auto-suficiências
auto-sugestionar-lhe
auto-sugestionar-lhe-á
auto-sugestionar-lhe-íamos
auto-sugestionar-lhes-iam
auto-sugestionar-lhes-íamos
auto-sugestionar-lho
auto-sugestionar-me-eis
auto-sugestionar-me-emos
auto-sugestionar-me-íamos
auto-sugestionar-se-ia
auto-sugestionar-te-ão
auto-sugestionar-vos-íeis
auto-sugestionaras
auto-sugestiono
auto-sugestionámos
autobiográfica
autocarro
autocolante
autocombustão
autocopiar-lhe-ei
autocopiar-lhes
autocopiar-nos-ão
autocopiar-vos
autocopiar-vos-á
autocopiaríamos
autocopiavas
autocopiá-los
autocopiássemos
autocráticas
autoctonias
autoctonismo
autodestruição
autodeterminação
autodidacta
autografamos
autografar-me-ei
autografar-me-iam
autografar-nos-emos
autografar-se-iam
autografar-te-íamos
autografaram
autografarei
autografas
autografavam
autografavas
autografe
autografes
autografá-las
autografá-lo-ão
autografá-lo-íeis
automatizam
automatizar-lhes-emos
automatizar-lho
automatizar-nos-iam
automatizar-te-iam
automatizar-te-ás
automatizar-vos-íamos
automatizares
automatizas
automatizei
automatizá-lo
automatizámos
automobilista
automobilizadas
automobilizar-lhe
automobilizar-me-ei
automobilizar-me-ia
automobilizar-me-á
automobilizar-nos-ia
automobilizar-nos-iam
automobilizar-te-á
automobilizar-vos-á
automobilizarei
automobilizareis
automobilizá-lo-ei
automobilizá-lo-íeis
automobilizáramos
automáticos
automórficas
automórficos
autonomismo
autonomistas
autonomizadas
autonomizar-me-ão
autonomizar-se-á
autonomizar-vos-íeis
autonomizariam
autonomizarão
autopsiar-lhe-ias
autopsiar-lhes-ão
autopsiar-lhes-íamos
autopsiar-me-ias
autopsiar-nos-ias
autopsiar-vos
autopsiarem
autopsiarias
autopsiasse
autoridade
autoridades
autorizar-lhe-íamos
autorizar-lhes-ia
autorizar-lhes-ão
autorizar-me-emos
autorizar-nos-iam
autorizar-te-ei
autorizar-te-ias
autorizar-te-íamos
autorizaremos
autorizaríamos
autorizaríeis
autorizaste
autorizastes
autorizavam
autorizes
autorizá-lo
autuado
autuar-lhes-ás
autuar-me
autuar-nos-ia
autuar-nos-ias
autuar-nos-ão
autuar-vos-ei
autuar-vos-emos
autuar-vos-ia
autuareis
autuaremos
autuastes
autuavas
autuei
autuemos
autuá-los
autuáramos
autêntica
autópsia
autóptico
auxiliai
auxiliando
auxiliar-lhe-ia
auxiliar-lhes-iam
auxiliar-lhes-ias
auxiliar-me-emos
auxiliar-me-ás
auxiliar-nos
auxiliar-nos-ia
auxiliar-nos-iam
auxiliar-se-ia
auxiliar-te-emos
auxiliar-te-iam
auxiliasse
auxiliaste
auxilieis
auxiliá-lo-ei
auxiliá-lo-ia
auxiliáreis
instalava
