100000
x
transcendentalizar-lhe-íamos
4109
1
anteriorizar-lhes-íamos
amacacada
amacacando
amacacar-lhe-ias
amacacar-me-emos
amacacar-nos-emos
amacacar-te-á
amacacar-vos-eis
amacacar-vos-iam
amacacar-vos-ás
amacacaríamos
amacacasses
amacacá-lo-ão
amacacávamos
amacaquem
amacaques
amachucar-lhe-á
amachucar-lhes-ias
amachucar-lhes-ás
amachucar-me-á
amachucar-nos-ás
amachucarás
amachucá-la
amachucá-lo
amachuquemos
amaciais
amaciar-lhe-eis
amaciar-lhe-iam
amaciar-lhes-eis
amaciar-me-ás
amaciar-se-ia
amaciar-se-á
amaciar-te-ias
amaciar-vos-ei
amaciaremos
amaciarias
amaciará
amaciarão
amacies
amacio
amaciá-lo
amadamente
amadrinhadas
amadrinhais
amadrinhar-lhe-iam
amadrinhar-lhe-á
amadrinhar-lhes-ias
amadrinhar-lhes-ão
amadrinhar-nos
amadrinhar-nos-íamos
amadrinhar-se-ão
amadrinhareis
amadrinharemos
amadrinhei
amadrinhou
amadrinhá-lo-ia
amadrinhá-lo-á
amadrinhá-los
amadrinhássemos
amadurecendo
amadurecer
amadurecer-lhes-eis
amadurecer-lhes-ão
amadurecer-me-ia
amadurecer-me-á
amadurecer-me-ás
amadurecer-nos-ia
amadurecer-se-iam
amadurecer-vos-á
amadureceu
amadurecê-lo-ei
amadurecêramos
amadurecêreis
amainada
amainado
amainai
amainamos
amainar-lha
amainar-lhes-ão
amainar-me-á
amainar-me-ás
amainar-me-íamos
amainar-nos-ia
amainar-vos-ias
amainar-vos-ás
amainar-vos-íamos
amainaríamos
amainava
amainavas
amainámos
amais
amalandrar-lha
amalandrar-lhe-ás
amalandrar-lhes
amalandrar-me
amalandrar-me-ias
amalandrar-nos-emos
amalandrar-vos-ão
amalandremos
amalandráramos
amalandrássemos
amaldiçoa
amaldiçoar-lha
amaldiçoar-lhas
amaldiçoar-lhe-eis
amaldiçoar-lhe-á
amaldiçoar-lhe-ás
amaldiçoar-lhe-ão
amaldiçoar-lhes-ei
amaldiçoar-lhes-á
amaldiçoar-me-ás
amaldiçoar-nos-iam
amaldiçoar-te-ei
amaldiçoar-te-iam
amaldiçoaremos
amaldiçoaria
amaldiçoasse
amaldiçoasses
amaldiçoá-los
amalgamado
amalgamados
amalgamar-lha
amalgamar-lhe-ei
amalgamar-lhe-eis
amalgamar-lhe-iam
amalgamar-lhes-ão
amalgamar-me-iam
amalgamar-se-iam
amalgamar-te
amalgamar-te-ias
amalgamar-te-íamos
amalgamar-vos-ia
amalgamar-vos-á
amalgamar-vos-ás
amalgamar-vos-ão
amalgamarão
amalgamaríamos
amalgamas
amalgamá-lo-ão
amalgamámos
amalucam
amalucar-lhe-ão
amalucar-lhes-emos
amalucar-me-eis
amalucar-nos-á
amalucar-se-á
amalucar-vos
amalucaras
amalucardes
amalucareis
amalucaremos
amalucá-lo
amalucá-lo-emos
amalucá-lo-iam
amalucásseis
amamentador
amamentai
amamentais
amamentar-lhes-eis
amamentar-nos-eis
amamentar-te-á
amamentar-vos-ias
amamentar-vos-íeis
amamentá-lo-eis
amamentáveis
amanhadas
amanhar-lhe-ia
amanhar-lhe-á
amanhar-lhe-ão
amanhar-lhos
amanhar-me-ias
amanhar-nos-ia
amanhar-te-ei
amanhar-te-íamos
amanhara
amanharei
amanhassem
amanhasses
amanhaste
amanhavam
amanhecendo
amanhecer-lhe-ias
amanhecer-lhe-ás
amanhecer-lhes-ei
amanhecer-lhes-eis
amanhecer-lhes-ás
amanhecer-lhes-ão
amanhecer-lhos
amanhecer-nos-íamos
amanhecera
amanhecereis
amanheceremos
amanhecido
amanhecêreis
amanho
amansa
amansam
amansar-lhe-ei
amansar-lhe-iam
amansar-lhe-á
amansar-lhos
amansar-me-íamos
amansar-nos
amansar-nos-emos
amansar-nos-iam
amansar-nos-ias
amansar-nos-íamos
amansar-se-á
amansar-te
amansar-vos-ei
amansardes
amansarias
amansas
amansavas
amansem
amanso
amansáveis
amantizados
amantizar-lha
amantizar-lhe-iam
amantizar-lhe-ás
amantizar-lhes-ei
amantizar-te
amantizar-te-emos
amantizar-te-ás
amantizar-vos-ei
amantizar-vos-eis
amantizar-vos-ias
amantizar-vos-ás
amantizariam
amantizará
amantizasse
amantizassem
amantizá-los
amar-me
amar-me-ias
amar-se-ão
amar-te-ia
amar-te-iam
amaram
amarar-me-ei
amarar-me-emos
amarar-nos-ia
amarar-se-ão
amarar-vos-ão
amarassem
amarelada
amarelando
amarelar
amarelecem
amarelecer-lhes-eis
amarelecer-lhes-íamos
amarelecer-me-ás
amarelecer-me-íamos
amarelecer-nos-ias
amarelecer-te-emos
amarelecer-vos-ás
amareleceremos
amarelecerás
amareleis
amarelemos
amarfanhar-lhe-ia
amarfanhar-lhe-ão
amarfanhar-lhes-ei
amarfanhar-lhes-ia
amarfanhar-lhes-ás
amarfanhar-nos-á
amarfanhar-se-á
amarfanhar-vos
amarfanhar-vos-ei
amarfanharem
amarfanhastes
amarfanhá-lo-iam
amarfanhá-lo-ão
amarfanhá-los
amargar-lhe-ei
amargar-lhe-emos
amargar-lhe-iam
amargar-lhes-ia
amargar-me-ias
amargar-nos-ia
amargar-nos-ias
amargar-nos-íamos
amargar-te-emos
amargar-te-ia
amargar-te-íamos
amargar-vos-á
amargar-vos-íeis
amargareis
amargarem
amargaremos
amargasse
amargueis
amargurar-lhe-eis
amargurar-lhe-ias
amargurar-nos-iam
amargurar-se-ia
amargurar-te-ei
amargurar-te-iam
amargurar-vos-ei
amargurar-vos-ias
amargurara
amarguraste
amargurava
amargurá-lo-emos
amargurá-lo-ia
amargurá-lo-ás
amargurá-lo-ão
amargurámos
amariam
amaricar
amaricar-lhe-ias
amaricar-lhes-eis
amaricar-me-ia
amaricar-nos-iam
amaricar-nos-ás
amaricar-se-ia
amaricar-te-emos
amaricar-vos-eis
amaricarem
amaricaríeis
amaricastes
amariqueis
amarramos
amarrar-lha
amarrar-lhe
amarrar-lhe-ei
amarrar-lhe-ia
amarrar-lhe-iam
amarrar-lhe-ão
amarrar-lhes-ás
amarrar-nos-ás
amarrar-te-ás
amarrar-te-íamos
amarrar-vos-ei
amarraram
amarraras
amarrarias
amarrarmos
amarrarás
amarraste
amarração
amarrotado
amarrotar-te-emos
amarrotar-te-ás
amarrotar-vos-ão
amarrotaras
amarrotarem
amarrotei
amarrotem
amarrotemos
amarrotá-lo
amarrotámos
amarrá-lo-íamos
amarrássemos
amartelais
amartelando
amartelar-lhe-á
amartelar-lhes
amartelar-me-ei
amartelar-nos-ás
amartelar-se
amartelar-te
amartelar-te-emos
amartelardes
amartelareis
amartelarias
amartelavas
amartele
amarteleis
amartelá-lo-ia
amarujamos
amarujando
amarujar-lha
amarujar-lhe-emos
amarujar-lhe-á
amarujar-lhes-emos
amarujar-lhes-á
amarujar-lhes-ás
amarujar-lhos
amarujar-se-ão
amarujares
amarujaria
amarujarmos
amarujarão
amarujaríeis
amarujaste
amarujavas
amarujá-lo-ei
amarujáveis
amaráveis
amassai
amassar-lhe
amassar-lhe-ão
amassar-lhe-íamos
amassar-lhes-ias
amassar-me-ão
amassar-nos-ias
amassar-te-á
amassar-vos-iam
amassares
amassaríeis
amassasse
amassá-lo
amazelar-me
amazelar-me-emos
amazelar-me-iam
amazelar-me-ás
amazelar-nos
amazelar-vos-eis
amazelar-vos-ia
amazelar-vos-ás
amazelara
amazelareis
amazelares
amazelemos
amazelásseis
ambicionado
ambicionai
ambicionamos
ambicionar
ambicionar-lhes-ás
ambicionar-me-ia
ambicionar-nos-ia
ambicionar-nos-ias
ambicionar-nos-ás
ambicionar-se-á
ambicionar-te-emos
ambicionar-vos
ambicionar-vos-á
ambicionar-vos-ão
ambicionarei
ambicionarás
ambicionasse
ambicionassem
ambicionasses
ambicionastes
ambicionou
ambicioná-lo-emos
ambientalistas
ambientando
ambientar-lhe
ambientar-lhe-ias
ambientar-lhes-iam
ambientar-lhes-íamos
ambientar-me-íamos
ambientar-nos-íamos
ambientar-se-iam
ambientar-te-ia
ambientar-vos-ias
ambientara
ambientarei
ambientaria
ambientaste
ambientavam
ambientá-lo-íamos
ambientámos
ambiguidade
ameacemos
amealhadas
amealhar-lhos
amealhar-me-ei
amealhar-nos
amealhar-vos-ão
amealhará
amealhavam
amealho
amealháreis
amealháveis
ameamos
amear-lhas
amear-lhe
amear-te-ia
amear-te-ás
amear-vos-ei
amearias
ameaçada
ameaçai
ameaçar
ameaçar-lhas
ameaçar-lhe-ias
ameaçar-lhes-á
ameaçar-me-á
ameaçar-me-ás
ameaçar-nos
ameaçar-nos-íamos
ameaçar-te-ias
ameaçar-te-á
ameaçar-vos-ias
ameaçares
ameaçava
ameaçavas
amedalhar-lhas
amedalhar-lhe-eis
amedalhar-lhes-íamos
amedalhar-me-eis
amedalhar-me-ia
amedalhar-me-ão
amedalhar-nos-eis
amedalhar-nos-emos
amedalhar-nos-ias
amedalhar-nos-ás
amedalhar-te-ias
amedalhar-vos-emos
amedalharei
amedalharíamos
amedalhá-lo-ás
amedalhámos
amedalháramos
amedrontada
amedrontar
amedrontar-lhes-eis
amedrontar-lhes-ão
amedrontar-me-á
amedrontar-nos-ias
amedrontar-te
amedrontar-te-ias
amedrontar-vos-eis
amedrontaremos
amedrontarias
amedrontarás
amedrontasse
amedrontavas
amedronte
amedrontem
amedrontá-lo-emos
ameigando
ameigar-lha
ameigar-lhe-ei
ameigar-lhes-á
ameigar-lhes-íamos
ameigar-me
ameigar-nos-ão
ameigar-vos-íamos
ameigaremos
ameigaríamos
ameiguei
ameigá-las
ameigá-lo-ei
ameigávamos
ameijoar-lhes-ão
ameijoar-lho
ameijoar-me-eis
ameijoar-me-ia
ameijoar-nos-iam
ameijoar-se-á
ameijoar-te
ameijoo
ameijoá-lo-emos
ameijoá-lo-ias
ameijoá-lo-íeis
ameijoássemos
ameixas
ameixial
amena
amendoado
amendoados
ameninando
ameninar-lhes-eis
ameninar-lhes-ia
ameninar-lhes-á
ameninar-lhes-íamos
ameninar-me-emos
ameninar-me-ás
ameninar-te-íamos
ameninar-vos-íeis
amenine
ameniza
amenizado
amenizadora
amenizar-lhe-iam
amenizar-lhes-ia
amenizar-lhes-ias
amenizar-lhes-íamos
amenizar-lho
amenizar-me-ei
amenizar-me-eis
amenizar-me-á
amenizar-me-íamos
amenizar-se-ão
amenizar-vos-ão
amenizar-vos-íamos
amenizaríamos
amenizaste
amenizá-lo-ei
amenizá-lo-ias
amenizáramos
amenos
americanizamos
americanizando
americanizar-lhe-ia
americanizar-lhes-emos
americanizar-me-iam
americanizar-se
americanizar-se-á
americanizar-te
americanizar-te-á
americanizarem
americanizarás
americanizaríamos
americanizas
americanizes
americanizávamos
amesquinha
amesquinhados
amesquinhamento
amesquinhando
amesquinhar-lhe-iam
amesquinhar-lhe-íamos
amesquinhar-lhes-emos
amesquinhar-lhes-ias
amesquinhar-lhes-ás
amesquinhar-me-ei
amesquinhar-nos-iam
amesquinhar-se-á
amesquinhavam
amesquinho
amesquinhá-la
amesquinhá-las
amesquinhávamos
amestrados
amestrar-lhe-iam
amestrar-lhe-íamos
amestrar-lhes-ia
amestrar-lhos
amestrar-me-íamos
amestrar-nos-ás
amestrar-vos
amestrar-vos-ás
amestraram
amestrarei
amestrá-lo-iam
ameá-lo-ia
ameá-lo-á
ameá-lo-íeis
ameá-los
ameáreis
ameávamos
ameáveis
amicíssimos
amigados
amigam
amigar-lhe-iam
amigar-lhes-ão
amigar-me-emos
amigar-me-ão
amigar-nos-emos
amigar-se-á
amigar-se-ão
amigar-te-á
amigá-lo-iam
amigá-lo-ias
amigá-los
amigámos
amimais
amimar-lhe-íamos
amimar-lhes-iam
amimar-lhes-á
amimar-lhes-ão
amimar-lho
amimar-lhos
amimar-se
amimar-te-ão
amimara
amimia
amimou
amimá-la
amimá-lo-íeis
amiudai-te
amiudais-lhas
amiudais-te
amiudais-vos
amiudamos-lho
amiudamos-vos
amiudar-lhes-ão
amiudar-me-iam
amiudar-nos-emos
amiudar-se-ia
amiudar-te-ia
amiudar-vos
amiudaria
amiudarás
amiudasse
amiudeis-se
amiudemo-nos
amiudemos-se
amiudá-las
amiudá-lo
amiúdam-lhos
amiúdas-lhes
amiúdas-vos
amiúde-me
amiúdem-lhe
amiúdes-lhes
amiúdes-me
amnistiar-lhe-ão
amnistiar-me-ei
amnistiar-me-emos
amnistiar-me-ia
amnistiar-me-iam
amnistiar-nos-emos
amnistiar-nos-ás
amnistiar-vos-ei
amnistiar-vos-eis
amnistiar-vos-ás
amnistiara
amnistiaria
amnistiará
amnistias
amnistiá-lo-eis
amnistiá-lo-ia
amnistiá-lo-ão
amnistiá-lo-íamos
amoedai
amoedais
amoedar-lhe
amoedar-lhes-ás
amoedar-lhes-ão
amoedar-me-ia
amoedar-me-íamos
amoedar-te-ão
amoedar-vos-ei
amoedar-vos-íamos
amoedarmos
amoedarás
amoedá-lo-ias
amoedá-lo-á
amoedá-lo-ão
amoedá-lo-íamos
amoedá-los
amoedáveis
amofina
amofinamos
amofinar-lhe-ão
amofinar-lhes-ás
amofinar-lhes-ão
amofinar-me-ei
amofinar-nos-emos
amofinar-nos-ias
amofinar-vos-ás
amofinarmos
amofinaríamos
amofinasse
amofiná-los
amofináreis
amoirar-lhes-á
amoirar-nos-ás
amoirar-vos-ás
amoirar-vos-ão
amoirara
amoirarem
amoiraste
amoirá-lo-iam
amoirá-lo-ás
amoiráreis
amoita
amoitar-lhe-ei
amoitar-lhes-eis
amoitar-nos-íamos
amoitar-te-iam
amoitar-te-ão
amoitar-vos-emos
amoitardes
amoitará
amoitastes
amoitemos
amojar
amojar-lhe-á
amojar-lhe-ão
amojar-lhes-ia
amojar-lhes-ias
amojar-me-ão
amojar-nos-eis
amojar-se-iam
amojar-se-á
amojar-te-á
amojar-vos-emos
amojares
amojava
amojem
amojemos
amojá-la
amojá-lo-ias
amoladas
amoladoras
amoladura
amolar
amolar-lhes
amolar-lhes-ei
amolar-me-ei
amolar-me-eis
amolar-me-emos
amolar-me-ás
amolar-nos
amolar-nos-emos
amolar-se-ão
amolar-te-emos
amolardes
amolasse
amolação
amoldamos
amoldar-lhes-iam
amoldar-lhes-ias
amoldar-lhes-ão
amoldar-te-ia
amoldaras
amoldá-lo-ei
amoldá-lo-eis
amoldássemos
amoldávamos
amole
amolecando
amolecar-lhe-íamos
amolecar-lhes-ia
amolecar-lhes-íamos
amolecar-me-ias
amolecar-nos-á
amolecar-te-á
amolecar-vos-emos
amolecareis
amolecarmos
amolecer-lha
amolecer-lhes-ei
amolecer-lhes-ias
amolecer-lhes-á
amolecer-lho
amolecer-me-eis
amolecer-me-ão
amolecer-nos-emos
amoleceste
amolecias
amolecidos
amolecíeis
amolengadas
amolengados
amolengai
amolengando
amolengar-lha
amolengar-lhes-ão
amolengar-me-ias
amolengar-me-á
amolengar-se-ia
amolengar-se-iam
amolengar-te-ias
amolengastes
amolengá-los
amolentar-lhe-ias
amolentar-lhe-ás
amolentar-lhes-á
amolentar-me-íamos
amolentar-te-á
amolentar-vos-ia
amolentaram
amolentares
amolentará
amolentavam
amolentá-las
amolentá-lo-á
amolentásseis
amolentávamos
amolequemos
amoleça
amoleçais
amolgais
amolgar-lhes-ia
amolgar-lhes-ão
amolgar-me-eis
amolgar-nos-iam
amolgar-se-ão
amolgar-vos
amolgardes
amolgarei
amolgariam
amolgaríamos
amolguei
amolgueis
amolgá-las
amolávamos
amontam
amontanhada
amontanhando
amontanhar-lhes-iam
amontanhar-me
amontanhar-se-iam
amontanhar-te-ei
amontanhar-vos-á
amontanhar-vos-íeis
amontanharemos
amontanhaste
amontanhá-lo-á
amontanhássemos
amontar-lhes-eis
amontar-me
amontar-me-iam
amontar-me-ão
amontar-nos-emos
amontar-te
amontar-te-íamos
amontarmos
amontaríeis
amonteis
amontoada
amontoador
amontoam
amontoar
amontoar-lhe-ás
amontoar-te-ei
amontoar-te-iam
amontoar-vos-iam
amontoar-vos-á
amontoar-vos-ás
amontoar-vos-íamos
amontoara
amontoaras
amontoarás
amontoaste
amontoava
amontoações
amontoei
amontoo
amontoou
amontoá-lo-ás
amontoávamos
amontá-lo-á
amor
amoralidade
amoralizados
amoralizar-lhes
amoralizar-me-ia
amoralizar-nos-íamos
amoralizar-se
amoralizar-te
amoralizar-vos-á
amoralizar-vos-ás
amoralizaram
amoralizarei
amoralizarás
amoralizavas
amoralizá-lo-eis
amoralizá-lo-iam
amoralizásseis
amorangado
amordace
amordaçado
amordaçar
amordaçar-me-ias
amordaçar-me-ás
amordaçar-me-íamos
amordaçar-nos-ia
amordaçar-te
amordaçar-te-iam
amordaçarei
amordaçou
amordaçá-lo-ias
amordaçássemos
amorenais
amorenar-lha
amorenar-lhe-íamos
amorenar-lhes-iam
amorenar-lhes-íamos
amorenar-me-á
amorenar-nos
amorenar-se-ão
amorenar-te-ei
amorenar-te-emos
amorenar-te-ão
amorenar-vos
amorenar-vos-ei
amorenarei
amorenaremos
amorenarás
amorenaríamos
amorená-lo-íamos
amorfas
amorfias
amornadas
amornara
amornará
amornaste
amorná-lo-emos
amorná-lo-íamos
amornásseis
amornássemos
amorrinhada
amorrinhar-lha
amorrinhar-lhas
amorrinhar-lhe-eis
amorrinhar-lhe-ias
amorrinhar-lhes-ei
amorrinhar-me-íamos
amorrinhar-nos-ás
amorrinhar-te-emos
amorrinhar-te-ias
amorrinharam
amorrinhares
amorrinharão
amorrinhas
amorrinhassem
amorrinhava
amortalhador
amortalhamento
amortalhar-lha
amortalhar-lhas
amortalhar-lhe-ei
amortalhar-lhes-ia
amortalhar-lhes-ão
amortalhar-me-ei
amortalhar-te-íamos
amortalhar-vos-á
amortalhá-la
amortalhá-lo-eis
amortalhá-lo-ias
amortece
amortecedor
amorteceis
amortecer-lhe-íamos
amortecer-lhes-eis
amortecer-lhes-ia
amortecer-lho
amortecer-nos-á
amortecer-te-ias
amortecer-vos-eis
amortecer-vos-ão
amortecer-vos-íamos
amortecermos
amorteci
amortecê-las
amortecê-lo-ão
amorteças
amortizados
amortizar-lhe-ias
amortizar-nos-emos
amortizar-nos-á
amortizar-vos-emos
amortizaras
amortizarem
amortizava
amortizá-lo-ia
amortizávamos
amortizáveis
amortiçado
amortiçam
amortiçar-lhe-íamos
amortiçar-lhes-ás
amortiçar-me-ei
amortiçar-me-iam
amortiçar-me-á
amortiçar-nos-ão
amortiçar-se
amortiçar-se-ia
amortiçar-vos-ei
amortiço
amortiçá-lo-ei
amortiçá-lo-ias
amortiçáreis
amossado
amossar-lhe-ei
amossar-lhe-emos
amossar-lhes-ei
amossar-me-ia
amossar-nos-ão
amossar-se-á
amossar-te-ias
amossar-vos
amossar-vos-á
amossarmos
amossava
amossou
amossá-las
amossávamos
amostrado
amostrar-lhe
amostrar-me-ei
amostrar-me-íamos
amostrar-nos-ia
amostrar-nos-iam
amostrar-te-ás
amostrar-te-íamos
amostraras
amostrarei
amostrariam
amostrarias
amostrarmos
amostrastes
amostreis
amotinam
amotinar-lhe-á
amotinar-me
amotinar-me-ei
amotinar-me-eis
amotinar-me-ia
amotinar-nos-ias
amotinar-se-á
amotinar-te-ias
amotinar-vos-eis
amotinar-vos-iam
amotinar-vos-ás
amotinar-vos-ão
amotinares
amotinarias
amotinassem
amotinastes
amotinei
amotino
amotiná-lo-iam
amou
amoucar-lhes-íamos
amoucar-me-eis
amoucar-me-á
amoucar-nos
amoucarem
amoucaremos
amoucariam
amoucarmos
amoucou
amoucásseis
amoucávamos
amouqueis
amourando
amourar
amourar-lha
amourar-lhe-iam
amourar-lhe-ão
amourar-nos
amourar-se
amourar-se-á
amourar-te-iam
amouraram
amourarias
amourastes
amouriscadas
amouriscando
amouriscasses
amouriscaste
amourisco
amouriscá-las
amouriscá-lo-ei
amouriscá-lo-íeis
amouriscássemos
amourá-lo-ei
amourá-lo-íamos
amourá-lo-íeis
amourássemos
amovamos
amover-lhe-ei
amover-lhes-á
amover-me-iam
amover-nos-íamos
amovera
amoverdes
amoverias
amovermos
amoverás
amoverão
amparadas
amparais
amparando
amparar-lhes-iam
amparar-lhes-ás
amparar-lhos
amparar-me-iam
amparar-me-á
amparar-nos
amparar-nos-eis
amparar-nos-á
amparar-nos-ás
amparar-vos-emos
amparariam
ampararmos
ampare
ampareis
ampará-lo-íeis
amperímetro
ampla
ampliar-lha
ampliar-lhe-ei
ampliar-lhe-ás
ampliar-lhe-íamos
ampliar-lhes-ei
ampliar-me
ampliar-nos-eis
ampliar-se-iam
ampliar-te-ás
ampliar-te-ão
ampliar-vos-eis
ampliar-vos-emos
ampliar-vos-ias
ampliaras
ampliaríeis
ampliavas
ampliem
amplificadas
amplificador
amplificar-lhe-ia
amplificar-lhes-ei
amplificar-me-iam
amplificar-vos-ei
amplificar-vos-eis
amplificará
amplificavas
amplificá-lo-eis
amplificáramos
amplificável
ampliá-lo-á
ampliá-lo-íamos
amputar-lhes-eis
amputar-lhes-iam
amputar-lhes-ão
amputar-me
amputar-me-á
amputar-nos-ia
amputar-nos-iam
amputar-te
amputar-te-iam
amputar-te-ão
amputar-vos-emos
amputaria
amputarás
amputá-lo-ei
amputámos
amputássemos
amuadas
amuar-lha
amuar-lhe-emos
amuar-lhes-emos
amuar-me-eis
amuar-me-emos
amuar-te-ei
amuar-te-ia
amuarmos
amuassem
amuasses
amuaste
amues
amuletos
amulheradas
amulheram
amulherando
amulherar-lhes-ão
amulherar-se
amulherar-te-ás
amulherar-vos-emos
amulherar-vos-á
amulherengar-lha
amulherengar-lhe-ias
amulherengar-lhe-íamos
amulherengar-lhes-emos
amulherengar-lhes-ás
amulherengar-nos-eis
amulherengar-se-ia
amulherengar-vos-ias
amulherengaras
amulherengarei
amulherávamos
amumiais
amumiar-lhes-ão
amumiar-lhes-íamos
amumiar-lhos
amumiar-se
amumiar-te-á
amumiar-vos-ia
amumiaste
amumiei
amumiásseis
amuou
amurai
amuralhar-lhe-emos
amuralhar-lhe-ia
amuralhar-me-emos
amuralhar-nos-ias
amuralhar-se
amuralhar-te-á
amuralhar-te-íamos
amuralhar-vos-ia
amuralhardes
amuralharem
amuralharemos
amuralhaste
amuralhavam
amuralhá-lo-á
amurando
amurar
amurar-lhas
amurar-lhe-ão
amurar-lhes-ão
amurar-vos
amurar-vos-ás
amurara
amurará
amurassem
amurasses
amuremos
amurá-lo-ás
amurámos
amuá-lo-ei
amá-lo-iam
amêijoa
amónio
ementadas
